[38;5;86m[HTTP][0m [37m-->[39m [37mPOST[39m [37m/session[39m [90m{"capabilities":{"alwaysMatch":{"platformName":"ios","appium:deviceName":"iPhone 16","appium:platformVersion":"18.5","appium:automationName":"XCUITest","appium:app":"/Users/ritikamalik/wdio-appium/app/iOS/wdiodemoapp.app"},"firstMatch":[{}]}}[39m
[38;5;61m[AppiumDriver@5e16][0m Calling AppiumDriver.createSession() with args: [{"alwaysMatch":{"platformName":"ios","appium:deviceName":"iPhone 16","appium:platformVersion":"18.5","appium:automationName":"XCUITest","appium:app":"/Users/ritikamalik/wdio-appium/app/iOS/wdiodemoapp.app"},"firstMatch":[{}]},{"alwaysMatch":{"platformName":"ios","appium:deviceName":"iPhone 16","appium:platformVersion":"18.5","appium:automationName":"XCUITest","appium:app":"/Users/ritikamalik/wdio-appium/app/iOS/wdiodemoapp.app"},"firstMatch":[{}]},{"alwaysMatch":{"platformName":"ios","appium:deviceName":"iPhone 16","appium:platformVersion":"18.5","appium:automationName":"XCUITest","appium:app":"/Users/ritikamalik/wdio-appium/app/iOS/wdiodemoapp.app"},"firstMatch":[{}]}]
[38;5;61m[AppiumDriver@5e16][0m Event 'newSessionRequested' logged at 1775024767160 (11:56:07 GMT+0530 (India Standard Time))
[38;5;112m[Appium][0m Attempting to find matching driver for automationName 'XCUITest' and platformName 'ios'
[38;5;112m[Appium][0m The 'xcuitest' driver was installed and matched caps.
[38;5;112m[Appium][0m Will require it at /Users/ritikamalik/.appium/node_modules/appium-xcuitest-driver
[38;5;112m[Appium][0m Requiring driver at /Users/ritikamalik/.appium/node_modules/appium-xcuitest-driver/build/lib/index.js
[38;5;61m[AppiumDriver@5e16][0m Appium v3.2.2 creating new XCUITestDriver (v10.30.1) session
[38;5;61m[AppiumDriver@5e16][0m Checking BaseDriver versions for Appium and XCUITestDriver
[38;5;61m[AppiumDriver@5e16][0m Appium's BaseDriver version is 10.2.2
[38;5;61m[AppiumDriver@5e16][0m XCUITestDriver's BaseDriver version is 10.2.2
[38;5;61m[AppiumDriver@5e16][0m Enabling relaxed security for this session as per the server configuration. All insecure features will be enabled unless explicitly disabled by --deny-insecure
[38;5;201m[XCUITestDriver@8dbd][0m 
[38;5;201m[XCUITestDriver@8dbd][0m Creating session with W3C capabilities: {
  "alwaysMatch": {
    "platformName": "ios",
    "appium:deviceName": "iPhone 16",
    "appium:platformVersion": "18.5",
    "appium:automationName": "XCUITest",
    "appium:app": "/Users/ritikamalik/wdio-appium/app/iOS/wdiodemoapp.app"
  },
  "firstMatch": [
    {}
  ]
}
[38;5;47m[81e2a81c][0m[38;5;201m[XCUITestDriver@8dbd][0m Session created with session id: 81e2a81c-7d41-420c-a360-2a533d96ae6f
[38;5;47m[81e2a81c][0m[38;5;135m[XCUITest][0m Current user: 'ritikamalik'
[38;5;47m[81e2a81c][0m[38;5;201m[XCUITestDriver@8dbd][0m No real device udid has been provided in capabilities. Will select a matching simulator to run the test.
[38;5;47m[81e2a81c][0m[38;5;201m[XCUITestDriver@8dbd][0m iOS SDK Version set to '26.2'
[38;5;47m[81e2a81c][0m[38;5;201m[XCUITestDriver@8dbd][0m Looking for an existing Simulator with platformName: iOS, platformVersion: 18.5, deviceName: iPhone 16
[38;5;47m[81e2a81c][0m[38;5;201m[XCUITestDriver@8dbd][0m Constructing iOS simulator for Xcode version 26.2 with udid '7A99A3AC-9A72-4898-A515-43C61CE21DE8'
[38;5;47m[81e2a81c][0m[38;5;201m[XCUITestDriver@8dbd][0m Determining device to run tests on: udid: '7A99A3AC-9A72-4898-A515-43C61CE21DE8', real device: false
[38;5;47m[81e2a81c][0m[38;5;201m[XCUITestDriver@8dbd][0m Event 'xcodeDetailsRetrieved' logged at 1775024767660 (11:56:07 GMT+0530 (India Standard Time))
[38;5;47m[81e2a81c][0m[38;5;123m[BaseDriver][0m Using local app '/Users/ritikamalik/wdio-appium/app/iOS/wdiodemoapp.app'
[38;5;47m[81e2a81c][0m[38;5;201m[XCUITestDriver@8dbd][0m Caching the manifest for org.wdiodemoapp app from a file source using the key 'd44fcd5e78908746e1a66265ae6263d12e296ea3'
[38;5;47m[81e2a81c][0m[38;5;201m[XCUITestDriver@8dbd][0m Event 'appConfigured' logged at 1775024767665 (11:56:07 GMT+0530 (India Standard Time))
[38;5;47m[81e2a81c][0m[38;5;135m[XCUITest][0m Checking whether app '/Users/ritikamalik/wdio-appium/app/iOS/wdiodemoapp.app' is actually present on file system
[38;5;47m[81e2a81c][0m[38;5;135m[XCUITest][0m App is present
[38;5;47m[81e2a81c][0m[38;5;201m[XCUITestDriver@8dbd][0m CFBundleIdentifier: "org.wdiodemoapp"
[38;5;47m[81e2a81c][0m[38;5;201m[XCUITestDriver@8dbd][0m Event 'resetStarted' logged at 1775024767666 (11:56:07 GMT+0530 (India Standard Time))
[38;5;47m[81e2a81c][0m[38;5;176m[simctl][0m Error running 'terminate': An error was encountered processing the command (domain=NSPOSIXErrorDomain, code=3):
Simulator device failed to terminate org.wdiodemoapp.
found nothing to terminate
Underlying error (domain=NSPOSIXErrorDomain, code=3):
	The request to terminate "org.wdiodemoapp" failed. found nothing to terminate
	found nothing to terminate
[38;5;47m[81e2a81c][0m[38;5;201m[XCUITestDriver@8dbd][0m Reset: failed to terminate Simulator application with id "org.wdiodemoapp"
[38;5;47m[81e2a81c][0m[38;5;201m[XCUITestDriver@8dbd][0m Not scrubbing third party app in anticipation of uninstall
[38;5;47m[81e2a81c][0m[38;5;201m[XCUITestDriver@8dbd][0m Event 'resetComplete' logged at 1775024767865 (11:56:07 GMT+0530 (India Standard Time))
[38;5;47m[81e2a81c][0m[38;5;201m[XCUITestDriver@8dbd][0m Using WDA path: '/Users/ritikamalik/.appium/node_modules/appium-xcuitest-driver/node_modules/appium-webdriveragent'
[38;5;47m[81e2a81c][0m[38;5;201m[XCUITestDriver@8dbd][0m Using WDA agent: '/Users/ritikamalik/.appium/node_modules/appium-xcuitest-driver/node_modules/appium-webdriveragent/WebDriverAgent.xcodeproj'
[38;5;47m[81e2a81c][0m[38;5;201m[XCUITestDriver@8dbd][0m Starting log capture for iOS Simulator with udid '7A99A3AC-9A72-4898-A515-43C61CE21DE8' via simctl using the following arguments 'log stream --style compact'
[38;5;47m[81e2a81c][0m[38;5;201m[XCUITestDriver@8dbd][0m Event 'logCaptureStarted' logged at 1775024768747 (11:56:08 GMT+0530 (India Standard Time))
[38;5;47m[81e2a81c][0m[38;5;201m[XCUITestDriver@8dbd][0m Setting up simulator
[38;5;47m[81e2a81c][0m[38;5;201m[XCUITestDriver@8dbd][0m Setting preferences of 7A99A3AC-9A72-4898-A515-43C61CE21DE8 Simulator to {"ConnectHardwareKeyboard":false}
[38;5;47m[81e2a81c][0m[38;5;201m[XCUITestDriver@8dbd][0m Setting common Simulator preferences to {"RotateWindowWhenSignaledByGuest":true,"StartLastDeviceOnLaunch":false,"DetachOnWindowClose":false,"AttachBootedOnStart":true,"ConnectHardwareKeyboard":false,"PasteboardAutomaticSync":false}
[38;5;47m[81e2a81c][0m[38;5;201m[XCUITestDriver@8dbd][0m Updated 7A99A3AC-9A72-4898-A515-43C61CE21DE8 Simulator preferences at '/Users/ritikamalik/Library/Preferences/com.apple.iphonesimulator.plist' with {"RotateWindowWhenSignaledByGuest":true,"StartLastDeviceOnLaunch":false,"DetachOnWindowClose":false,"AttachBootedOnStart":true,"ConnectHardwareKeyboard":false,"PasteboardAutomaticSync":false,"DevicePreferences":{"7A99A3AC-9A72-4898-A515-43C61CE21DE8":{"ConnectHardwareKeyboard":false,"SimulatorWindowRotationAngle":0,"ExternalWindowGeometry":{"0926595F-207F-4C3A-8AFD-1D046BE42B89":{"WindowCenter":"{1306.5, 497.5}","WindowScale":0.9042792792792793}},"ChromeTint":"","SimulatorWindowGeometry":{"0926595F-207F-4C3A-8AFD-1D046BE42B89":{"WindowCenter":"{1286.5, 497.5}","WindowScale":0.9042792792792793}},"SimulatorWindowOrientation":"Portrait","SimulatorExternalDisplay":2114}}}
[38;5;47m[81e2a81c][0m[38;5;201m[XCUITestDriver@8dbd][0m Got Simulator UI client PID: 86766
[38;5;47m[81e2a81c][0m[38;5;201m[XCUITestDriver@8dbd][0m Both Simulator with UDID '7A99A3AC-9A72-4898-A515-43C61CE21DE8' and the UI client are currently running
[38;5;47m[81e2a81c][0m[38;5;201m[XCUITestDriver@8dbd][0m Event 'simStarted' logged at 1775024769018 (11:56:09 GMT+0530 (India Standard Time))
[38;5;47m[81e2a81c][0m[38;5;201m[XCUITestDriver@8dbd][0m Verifying application platform
[38;5;47m[81e2a81c][0m[38;5;201m[XCUITestDriver@8dbd][0m CFBundleSupportedPlatforms: ["iPhoneSimulator"]
[38;5;47m[81e2a81c][0m[38;5;201m[XCUITestDriver@8dbd][0m CFBundleExecutable: "wdiodemoapp"
[38;5;47m[81e2a81c][0m[38;5;201m[XCUITestDriver@8dbd][0m Non-fat file: /Users/ritikamalik/wdio-appium/app/iOS/wdiodemoapp.app/wdiodemoapp is architecture: arm64
[38;5;47m[81e2a81c][0m[38;5;201m[XCUITestDriver@8dbd][0m Current process architecture: arm64
[38;5;47m[81e2a81c][0m[38;5;201m[XCUITestDriver@8dbd][0m Is Apple Silicon CPU: true
[38;5;47m[81e2a81c][0m[38;5;201m[XCUITestDriver@8dbd][0m App 'org.wdiodemoapp' is already installed
[38;5;47m[81e2a81c][0m[38;5;201m[XCUITestDriver@8dbd][0m Reset requested. Removing app with id 'org.wdiodemoapp' from the device
[38;5;47m[81e2a81c][0m[38;5;201m[XCUITestDriver@8dbd][0m Installing '/Users/ritikamalik/wdio-appium/app/iOS/wdiodemoapp.app' on Simulator with UUID '7A99A3AC-9A72-4898-A515-43C61CE21DE8'...
[38;5;47m[81e2a81c][0m[38;5;201m[XCUITestDriver@8dbd][0m Parsed BUILD_DIR configuration value: '/Users/ritikamalik/.appium/node_modules/appium-xcuitest-driver/node_modules/appium-webdriveragent/build'
[38;5;47m[81e2a81c][0m[38;5;201m[XCUITestDriver@8dbd][0m Got derived data root: '/Users/ritikamalik/.appium/node_modules/appium-xcuitest-driver/node_modules'
[38;5;47m[81e2a81c][0m[38;5;201m[XCUITestDriver@8dbd][0m The app has been successfully installed in 592ms
[38;5;47m[81e2a81c][0m[38;5;201m[XCUITestDriver@8dbd][0m Event 'appInstalled' logged at 1775024770312 (11:56:10 GMT+0530 (India Standard Time))
[38;5;47m[81e2a81c][0m[38;5;201m[XCUITestDriver@8dbd][0m No obsolete cached processes from previous WDA sessions listening on port 8100 have been found
[38;5;47m[81e2a81c][0m[38;5;23m[DevCon Factory][0m Requesting connection for device 7A99A3AC-9A72-4898-A515-43C61CE21DE8 on local port 8100
[38;5;47m[81e2a81c][0m[38;5;23m[DevCon Factory][0m Cached connections count: 0
[38;5;47m[81e2a81c][0m[38;5;23m[DevCon Factory][0m Successfully requested the connection for 7A99A3AC-9A72-4898-A515-43C61CE21DE8:8100
[38;5;47m[81e2a81c][0m[38;5;201m[XCUITestDriver@8dbd][0m Starting WebDriverAgent initialization with the synchronization key 'XCUITestDriver'
[38;5;47m[81e2a81c][0m[38;5;151m[WD Proxy][0m NoSessionProxy options: {"server":"127.0.0.1","port":8100,"base":"","timeout":3000,"scheme":"http","reqBasePath":"","sessionId":null}
[38;5;47m[81e2a81c][0m[38;5;151m[WD Proxy][0m Matched '/status' to command name 'getStatus'
[38;5;47m[81e2a81c][0m[38;5;151m[WD Proxy][0m Proxying [GET /status] to [GET http://127.0.0.1:8100/status] with no body
[38;5;47m[81e2a81c][0m[38;5;151m[WD Proxy][0m connect ECONNREFUSED 127.0.0.1:8100
[38;5;47m[81e2a81c][0m[38;5;201m[XCUITestDriver@8dbd][0m WDA is not listening at 'http://127.0.0.1:8100/'. Original error:: Could not proxy command to the remote server. Original error: connect ECONNREFUSED 127.0.0.1:8100
[38;5;47m[81e2a81c][0m[38;5;201m[XCUITestDriver@8dbd][0m WDA is currently not running. There is nothing to cache
[38;5;47m[81e2a81c][0m[38;5;201m[XCUITestDriver@8dbd][0m Trying to start WebDriverAgent 2 times with 10000ms interval
[38;5;47m[81e2a81c][0m[38;5;201m[XCUITestDriver@8dbd][0m These values can be customized by changing wdaStartupRetries/wdaStartupRetryInterval capabilities
[38;5;47m[81e2a81c][0m[38;5;201m[XCUITestDriver@8dbd][0m Event 'wdaStartAttempted' logged at 1775024770364 (11:56:10 GMT+0530 (India Standard Time))
[38;5;47m[81e2a81c][0m[38;5;201m[XCUITestDriver@8dbd][0m Launching WebDriverAgent on the device
[38;5;47m[81e2a81c][0m[38;5;201m[XCUITestDriver@8dbd][0m JWProxy options: {"scheme":"http","server":"127.0.0.1","port":8100,"base":"","timeout":240000,"keepAlive":true,"reqBasePath":"","sessionId":null}
[38;5;47m[81e2a81c][0m[38;5;201m[XCUITestDriver@8dbd][0m NoSessionProxy options: {"scheme":"http","server":"127.0.0.1","port":8100,"base":"","timeout":240000,"keepAlive":true,"reqBasePath":"","sessionId":null}
[38;5;47m[81e2a81c][0m[38;5;201m[XCUITestDriver@8dbd][0m There is no need to perform the project cleanup. A fresh install has been detected
[38;5;47m[81e2a81c][0m[38;5;21m[WebDriverAgent][0m Killing running processes 'xcodebuild.*7A99A3AC-9A72-4898-A515-43C61CE21DE8, 7A99A3AC-9A72-4898-A515-43C61CE21DE8.*XCTRunner, xctest.*7A99A3AC-9A72-4898-A515-43C61CE21DE8' for the device 7A99A3AC-9A72-4898-A515-43C61CE21DE8...
[38;5;47m[81e2a81c][0m[38;5;21m[WebDriverAgent][0m 'pgrep -if 7A99A3AC-9A72-4898-A515-43C61CE21DE8.*XCTRunner' didn't detect any matching processes. Return code: 1
[38;5;47m[81e2a81c][0m[38;5;21m[WebDriverAgent][0m 'pgrep -if xcodebuild.*7A99A3AC-9A72-4898-A515-43C61CE21DE8' didn't detect any matching processes. Return code: 1
[38;5;47m[81e2a81c][0m[38;5;21m[WebDriverAgent][0m 'pgrep -if xctest.*7A99A3AC-9A72-4898-A515-43C61CE21DE8' didn't detect any matching processes. Return code: 1
[38;5;47m[81e2a81c][0m[38;5;201m[XCUITestDriver@8dbd][0m Beginning test with command 'xcodebuild build-for-testing test-without-building -project /Users/ritikamalik/.appium/node_modules/appium-xcuitest-driver/node_modules/appium-webdriveragent/WebDriverAgent.xcodeproj -scheme WebDriverAgentRunner -derivedDataPath /Users/ritikamalik/.appium/node_modules/appium-xcuitest-driver/node_modules -destination id=7A99A3AC-9A72-4898-A515-43C61CE21DE8 IPHONEOS_DEPLOYMENT_TARGET=18.5 GCC_TREAT_WARNINGS_AS_ERRORS=0 COMPILER_INDEX_STORE_ENABLE=NO' in directory '/Users/ritikamalik/.appium/node_modules/appium-xcuitest-driver/node_modules/appium-webdriveragent'
[38;5;47m[81e2a81c][0m[38;5;201m[XCUITestDriver@8dbd][0m Output from xcodebuild will only be logged if any errors are present there. To change this, use 'showXcodeLog' desired capability
[38;5;47m[81e2a81c][0m[38;5;201m[XCUITestDriver@8dbd][0m Waiting up to 60000ms for WebDriverAgent to start
[38;5;47m[81e2a81c][0m[38;5;201m[XCUITestDriver@8dbd][0m Matched '/status' to command name 'getStatus'
[38;5;47m[81e2a81c][0m[38;5;201m[XCUITestDriver@8dbd][0m Proxying [GET /status] to [GET http://127.0.0.1:8100/status] with no body
[38;5;47m[81e2a81c][0m[38;5;201m[XCUITestDriver@8dbd][0m connect ECONNREFUSED 127.0.0.1:8100
[38;5;47m[81e2a81c][0m[38;5;201m[XCUITestDriver@8dbd][0m Matched '/status' to command name 'getStatus'
[38;5;47m[81e2a81c][0m[38;5;201m[XCUITestDriver@8dbd][0m Proxying [GET /status] to [GET http://127.0.0.1:8100/status] with no body
[38;5;47m[81e2a81c][0m[38;5;201m[XCUITestDriver@8dbd][0m connect ECONNREFUSED 127.0.0.1:8100
[38;5;47m[81e2a81c][0m[38;5;201m[XCUITestDriver@8dbd][0m Matched '/status' to command name 'getStatus'
[38;5;47m[81e2a81c][0m[38;5;201m[XCUITestDriver@8dbd][0m Proxying [GET /status] to [GET http://127.0.0.1:8100/status] with no body
[38;5;47m[81e2a81c][0m[38;5;201m[XCUITestDriver@8dbd][0m connect ECONNREFUSED 127.0.0.1:8100
[38;5;47m[81e2a81c][0m[38;5;201m[XCUITestDriver@8dbd][0m Matched '/status' to command name 'getStatus'
[38;5;47m[81e2a81c][0m[38;5;201m[XCUITestDriver@8dbd][0m Proxying [GET /status] to [GET http://127.0.0.1:8100/status] with no body
[38;5;47m[81e2a81c][0m[38;5;201m[XCUITestDriver@8dbd][0m connect ECONNREFUSED 127.0.0.1:8100
[38;5;47m[81e2a81c][0m[38;5;201m[XCUITestDriver@8dbd][0m Matched '/status' to command name 'getStatus'
[38;5;47m[81e2a81c][0m[38;5;201m[XCUITestDriver@8dbd][0m Proxying [GET /status] to [GET http://127.0.0.1:8100/status] with no body
[38;5;47m[81e2a81c][0m[38;5;201m[XCUITestDriver@8dbd][0m connect ECONNREFUSED 127.0.0.1:8100
[38;5;47m[81e2a81c][0m[38;5;201m[XCUITestDriver@8dbd][0m Matched '/status' to command name 'getStatus'
[38;5;47m[81e2a81c][0m[38;5;201m[XCUITestDriver@8dbd][0m Proxying [GET /status] to [GET http://127.0.0.1:8100/status] with no body
[38;5;47m[81e2a81c][0m[38;5;201m[XCUITestDriver@8dbd][0m connect ECONNREFUSED 127.0.0.1:8100
[38;5;47m[81e2a81c][0m[38;5;201m[XCUITestDriver@8dbd][0m Matched '/status' to command name 'getStatus'
[38;5;47m[81e2a81c][0m[38;5;201m[XCUITestDriver@8dbd][0m Proxying [GET /status] to [GET http://127.0.0.1:8100/status] with no body
[38;5;47m[81e2a81c][0m[38;5;201m[XCUITestDriver@8dbd][0m connect ECONNREFUSED 127.0.0.1:8100
[38;5;47m[81e2a81c][0m[38;5;201m[XCUITestDriver@8dbd][0m Matched '/status' to command name 'getStatus'
[38;5;47m[81e2a81c][0m[38;5;201m[XCUITestDriver@8dbd][0m Proxying [GET /status] to [GET http://127.0.0.1:8100/status] with no body
[38;5;47m[81e2a81c][0m[38;5;201m[XCUITestDriver@8dbd][0m Got response with status 200: {"value":{"build":{"upgradedAt":"1773638907856","version":"11.4.0","time":"Apr  1 2026 11:51:41","productBundleIdentifier":"com.facebook.WebDriverAgentRunner"},"os":{"testmanagerdVersion":65535,"name":"iOS","sdkVersion":"26.2","version":"18.5"},"device":"iphone","ios":{"simulatorVersion":"18.5","ip":"192.168.1.12"},"message":"WebDriverAgent is ready to accept commands","state":"success","ready":true},"sessionId":null}
[38;5;47m[81e2a81c][0m[38;5;201m[XCUITestDriver@8dbd][0m WebDriverAgent information:
[38;5;47m[81e2a81c][0m[38;5;201m[XCUITestDriver@8dbd][0m {
  "build": {
    "upgradedAt": "1773638907856",
    "version": "11.4.0",
    "time": "Apr  1 2026 11:51:41",
    "productBundleIdentifier": "com.facebook.WebDriverAgentRunner"
  },
  "os": {
    "testmanagerdVersion": 65535,
    "name": "iOS",
    "sdkVersion": "26.2",
    "version": "18.5"
  },
  "device": "iphone",
  "ios": {
    "simulatorVersion": "18.5",
    "ip": "192.168.1.12"
  },
  "message": "WebDriverAgent is ready to accept commands",
  "state": "success",
  "ready": true
}
[38;5;47m[81e2a81c][0m[38;5;201m[XCUITestDriver@8dbd][0m WebDriverAgent successfully started after 7495ms
[38;5;47m[81e2a81c][0m[38;5;201m[XCUITestDriver@8dbd][0m Event 'wdaSessionAttempted' logged at 1775024777897 (11:56:17 GMT+0530 (India Standard Time))
[38;5;47m[81e2a81c][0m[38;5;201m[XCUITestDriver@8dbd][0m Sending createSession command to WDA
[38;5;47m[81e2a81c][0m[38;5;201m[XCUITestDriver@8dbd][0m Matched '/session' to command name 'createSession'
[38;5;47m[81e2a81c][0m[38;5;201m[XCUITestDriver@8dbd][0m Proxying [POST /session] to [POST http://127.0.0.1:8100/session] with body: {"capabilities":{"firstMatch":[{"bundleId":"org.wdiodemoapp","arguments":[],"environment":{},"eventloopIdleDelaySec":0,"shouldWaitForQuiescence":true,"shouldUseTestManagerForVisibilityDetection":false,"maxTypingFrequency":60,"shouldUseSingletonTestManager":true,"shouldTerminateApp":true,"forceAppLaunch":true,"useNativeCachingStrategy":true,"forceSimulatorSoftwareKeyboardPresence":true}],"alwaysMatch":{}}}
[38;5;47m[81e2a81c][0m[38;5;201m[XCUITestDriver@8dbd][0m Got response with status 200: {"value":{"sessionId":"309EB770-F19C-476E-9715-B4BE6246E90F","capabilities":{"sdkVersion":"18.5","device":"iphone"}},"sessionId":"309EB770-F19C-476E-9715-B4BE6246E90F"}
[38;5;47m[81e2a81c][0m[38;5;201m[XCUITestDriver@8dbd][0m Determined the downstream protocol as 'W3C'
[38;5;47m[81e2a81c][0m[38;5;201m[XCUITestDriver@8dbd][0m WDA session startup took 1693ms
[38;5;47m[81e2a81c][0m[38;5;201m[XCUITestDriver@8dbd][0m Event 'wdaSessionStarted' logged at 1775024779591 (11:56:19 GMT+0530 (India Standard Time))
[38;5;47m[81e2a81c][0m[38;5;201m[XCUITestDriver@8dbd][0m WebDriverAgent version: '11.4.0'
[38;5;47m[81e2a81c][0m[38;5;201m[XCUITestDriver@8dbd][0m Event 'wdaStarted' logged at 1775024779591 (11:56:19 GMT+0530 (India Standard Time))
[38;5;47m[81e2a81c][0m[38;5;123m[BaseDriver][0m The value of 'elementResponseAttributes' setting did not change. Skipping the update for it
[38;5;47m[81e2a81c][0m[38;5;123m[BaseDriver][0m The value of 'shouldUseCompactResponses' setting did not change. Skipping the update for it
[38;5;47m[81e2a81c][0m[38;5;201m[XCUITestDriver@8dbd][0m Forwarding MJPEG server port 9100 to local port 9100
[38;5;47m[81e2a81c][0m[38;5;23m[DevCon Factory][0m Requesting connection for device 7A99A3AC-9A72-4898-A515-43C61CE21DE8 on local port 9100, device port 9100
[38;5;47m[81e2a81c][0m[38;5;23m[DevCon Factory][0m Cached connections count: 1
[38;5;47m[81e2a81c][0m[38;5;23m[DevCon Factory][0m Successfully requested the connection for 7A99A3AC-9A72-4898-A515-43C61CE21DE8:9100
[38;5;47m[81e2a81c][0m[38;5;61m[AppiumDriver@5e16][0m New XCUITestDriver session created successfully, session 81e2a81c-7d41-420c-a360-2a533d96ae6f added to master session list
[38;5;47m[81e2a81c][0m[38;5;61m[AppiumDriver@5e16][0m Event 'newSessionStarted' logged at 1775024779594 (11:56:19 GMT+0530 (India Standard Time))
[38;5;47m[81e2a81c][0m[38;5;201m[XCUITestDriver@8dbd][0m Cached the protocol value 'W3C' for the new session 81e2a81c-7d41-420c-a360-2a533d96ae6f
[38;5;47m[81e2a81c][0m[38;5;201m[XCUITestDriver@8dbd][0m Responding to client with driver.createSession() result: {"capabilities":{"webStorageEnabled":false,"locationContextEnabled":false,"browserName":"","platform":"MAC","javascriptEnabled":true,"databaseEnabled":false,"takesScreenshot":true,"networkConnectionEnabled":false,"platformName":"ios","deviceName":"iPhone 16","platformVersion":"18.5","automationName":"XCUITest","app":"/Users/ritikamalik/wdio-appium/app/iOS/wdiodemoapp.app","udid":"7A99A3AC-9A72-4898-A515-43C61CE21DE8"}}
[38;5;47m[81e2a81c][0m[38;5;86m[HTTP][0m [37m<-- POST /session [39m[32m200[39m [90m12437 ms - 483[39m
[38;5;47m[81e2a81c][0m[38;5;86m[HTTP][0m [37m-->[39m [37mPOST[39m [37m/session/81e2a81c-7d41-420c-a360-2a533d96ae6f/element[39m [90m{"using":"accessibility id","value":"Webview"}[39m
[38;5;47m[81e2a81c][0m[38;5;201m[XCUITestDriver@8dbd][0m Calling AppiumDriver.findElement() with args: ["accessibility id","Webview","81e2a81c-7d41-420c-a360-2a533d96ae6f"]
[38;5;47m[81e2a81c][0m[38;5;201m[XCUITestDriver@8dbd][0m Executing command 'findElement'
[38;5;47m[81e2a81c][0m[38;5;201m[XCUITestDriver@8dbd][0m Valid locator strategies for this request: xpath, id, name, class name, -ios predicate string, -ios class chain, accessibility id, css selector
[38;5;47m[81e2a81c][0m[38;5;201m[XCUITestDriver@8dbd][0m Waiting up to 0 ms for condition
[38;5;47m[81e2a81c][0m[38;5;201m[XCUITestDriver@8dbd][0m Matched '/element' to command name 'findElement'
[38;5;47m[81e2a81c][0m[38;5;201m[XCUITestDriver@8dbd][0m Proxying [POST /element] to [POST http://127.0.0.1:8100/session/309EB770-F19C-476E-9715-B4BE6246E90F/element] with body: {"using":"accessibility id","value":"Webview"}
[38;5;47m[81e2a81c][0m[38;5;201m[XCUITestDriver@8dbd][0m Got response with status 200: {"value":{"ELEMENT":"15000000-0000-0000-1B1A-000000000000","element-6066-11e4-a52e-4f735466cecf":"15000000-0000-0000-1B1A-000000000000"},"sessionId":"309EB770-F19C-476E-9715-B4BE6246E90F"}
[38;5;47m[81e2a81c][0m[38;5;201m[XCUITestDriver@8dbd][0m Responding to client with driver.findElement() result: {"element-6066-11e4-a52e-4f735466cecf":"15000000-0000-0000-1B1A-000000000000","ELEMENT":"15000000-0000-0000-1B1A-000000000000"}
[38;5;47m[81e2a81c][0m[38;5;86m[HTTP][0m [37m<-- POST /session/81e2a81c-7d41-420c-a360-2a533d96ae6f/element [39m[32m200[39m [90m135 ms - 137[39m
[38;5;47m[81e2a81c][0m[38;5;86m[HTTP][0m [37m-->[39m [37mPOST[39m [37m/session/81e2a81c-7d41-420c-a360-2a533d96ae6f/element/15000000-0000-0000-1B1A-000000000000/click[39m [90m{}[39m
[38;5;47m[81e2a81c][0m[38;5;201m[XCUITestDriver@8dbd][0m Driver proxy active, passing request on via HTTP proxy
[38;5;47m[81e2a81c][0m[38;5;201m[XCUITestDriver@8dbd][0m Executing command 'proxyReqRes'
[38;5;47m[81e2a81c][0m[38;5;201m[XCUITestDriver@8dbd][0m Matched '/session/81e2a81c-7d41-420c-a360-2a533d96ae6f/element/15000000-0000-0000-1B1A-000000000000/click' to command name 'click'
[38;5;47m[81e2a81c][0m[38;5;201m[XCUITestDriver@8dbd][0m Proxying [POST /session/81e2a81c-7d41-420c-a360-2a533d96ae6f/element/15000000-0000-0000-1B1A-000000000000/click] to [POST http://127.0.0.1:8100/session/309EB770-F19C-476E-9715-B4BE6246E90F/element/15000000-0000-0000-1B1A-000000000000/click] with body: {}
[38;5;47m[81e2a81c][0m[38;5;201m[XCUITestDriver@8dbd][0m Got response with status 200: {"value":null,"sessionId":"309EB770-F19C-476E-9715-B4BE6246E90F"}
[38;5;47m[81e2a81c][0m[38;5;201m[XCUITestDriver@8dbd][0m Replacing sessionId 309EB770-F19C-476E-9715-B4BE6246E90F with 81e2a81c-7d41-420c-a360-2a533d96ae6f
[38;5;47m[81e2a81c][0m[38;5;86m[HTTP][0m [37m<-- POST /session/81e2a81c-7d41-420c-a360-2a533d96ae6f/element/15000000-0000-0000-1B1A-000000000000/click [39m[32m200[39m [90m349 ms - 14[39m
[38;5;47m[81e2a81c][0m[38;5;86m[HTTP][0m [37m-->[39m [37mGET[39m [37m/session/81e2a81c-7d41-420c-a360-2a533d96ae6f/contexts[39m [90m[39m
[38;5;47m[81e2a81c][0m[38;5;201m[XCUITestDriver@8dbd][0m Calling AppiumDriver.getContexts() with args: ["81e2a81c-7d41-420c-a360-2a533d96ae6f"]
[38;5;47m[81e2a81c][0m[38;5;201m[XCUITestDriver@8dbd][0m Executing command 'getContexts'
[38;5;47m[81e2a81c][0m[38;5;201m[XCUITestDriver@8dbd][0m Getting list of available contexts
[38;5;47m[81e2a81c][0m[38;5;201m[XCUITestDriver@8dbd][0m Retrieving contexts and views
[38;5;47m[81e2a81c][0m[38;5;201m[XCUITestDriver@8dbd][0m Selecting by url: false
[38;5;47m[81e2a81c][0m[38;5;87m[RemoteDebugger][0m Remote Debugger version 15.6.0
[38;5;47m[81e2a81c][0m[38;5;87m[RemoteDebugger][0m Connecting to remote debugger through unix domain socket: '/private/tmp/com.apple.launchd.gOcIfs8ju8/com.apple.webinspectord_sim.socket'
[38;5;47m[81e2a81c][0m[38;5;87m[RemoteDebugger][0m Debugger socket connected
[38;5;47m[81e2a81c][0m[38;5;87m[RemoteDebugger][0m Sending connection key request
[38;5;47m[81e2a81c][0m[38;5;87m[RemoteDebugger][0m Sending '_rpc_reportIdentifier:' message (id: 0): 'setConnectionKey'
[38;5;47m[81e2a81c][0m[38;5;87m[RemoteDebugger][0m Sending to Web Inspector took 3ms
[38;5;47m[81e2a81c][0m[38;5;87m[RemoteDebugger][0m Waiting up to 5000ms for applications to be reported
[38;5;47m[81e2a81c][0m[38;5;87m[RemoteDebugger][0m Received connected automation availability state: "WIRAutomationAvailabilityAvailable"
[38;5;47m[81e2a81c][0m[38;5;87m[RemoteDebugger][0m Received connected applications list: PID:6683
[38;5;47m[81e2a81c][0m[38;5;87m[RemoteDebugger][0m Received connected driver list: {}
[38;5;47m[81e2a81c][0m[38;5;87m[RemoteDebugger][0m Notified that new application 'PID:87144' has connected
[38;5;47m[81e2a81c][0m[38;5;87m[RemoteDebugger][0m Found app id key 'PID:6683' for bundle 'org.wdiodemoapp'
[38;5;47m[81e2a81c][0m[38;5;87m[RemoteDebugger][0m Pages changed for PID:6683: undefined -> [{"id":1,"title":"","url":"about:blank","isKey":false}]
[38;5;47m[81e2a81c][0m[38;5;201m[XCUITestDriver@8dbd][0m Remote debugger notified us of a new page listing: {"appIdKey":"6683","pageArray":[{"id":1,"title":"","url":"about:blank","isKey":false}]}
[38;5;47m[81e2a81c][0m[38;5;201m[XCUITestDriver@8dbd][0m No key id found. Choosing first id from page array
[38;5;47m[81e2a81c][0m[38;5;201m[XCUITestDriver@8dbd][0m We do not appear to have window set yet, ignoring
[38;5;47m[81e2a81c][0m[38;5;87m[RemoteDebugger][0m Notified that an application has been updated
[38;5;47m[81e2a81c][0m[38;5;87m[RemoteDebugger][0m Notified that new application 'PID:6686' has connected
[38;5;47m[81e2a81c][0m[38;5;87m[RemoteDebugger][0m Notified that an application has been updated
[38;5;47m[81e2a81c][0m[38;5;87m[RemoteDebugger][0m Retrieved 3 applications within 606ms
[38;5;47m[81e2a81c][0m[38;5;201m[XCUITestDriver@8dbd][0m About to select a web application with 20 retries and 500ms interval between each retry. Consider customizing the value of 'webviewConnectRetries' capability to change the amount of retries.
[38;5;47m[81e2a81c][0m[38;5;87m[RemoteDebugger][0m Selecting application
[38;5;47m[81e2a81c][0m[38;5;87m[RemoteDebugger][0m Current applications available:
[38;5;47m[81e2a81c][0m[38;5;87m[RemoteDebugger][0m     Application: "PID:6683"
[38;5;47m[81e2a81c][0m[38;5;87m[RemoteDebugger][0m         id: "PID:6683"
[38;5;47m[81e2a81c][0m[38;5;87m[RemoteDebugger][0m         isProxy: false
[38;5;47m[81e2a81c][0m[38;5;87m[RemoteDebugger][0m         name: "wdiodemoapp"
[38;5;47m[81e2a81c][0m[38;5;87m[RemoteDebugger][0m         bundleId: "org.wdiodemoapp"
[38;5;47m[81e2a81c][0m[38;5;87m[RemoteDebugger][0m         hostId: undefined
[38;5;47m[81e2a81c][0m[38;5;87m[RemoteDebugger][0m         isActive: true
[38;5;47m[81e2a81c][0m[38;5;87m[RemoteDebugger][0m         isAutomationEnabled: "Unknown"
[38;5;47m[81e2a81c][0m[38;5;87m[RemoteDebugger][0m         pageArray:
[38;5;47m[81e2a81c][0m[38;5;87m[RemoteDebugger][0m           - id: 1
[38;5;47m[81e2a81c][0m[38;5;87m[RemoteDebugger][0m             title: ""
[38;5;47m[81e2a81c][0m[38;5;87m[RemoteDebugger][0m             url: "about:blank"
[38;5;47m[81e2a81c][0m[38;5;87m[RemoteDebugger][0m             isKey: false
[38;5;47m[81e2a81c][0m[38;5;87m[RemoteDebugger][0m     Application: "PID:87144"
[38;5;47m[81e2a81c][0m[38;5;87m[RemoteDebugger][0m         id: "PID:87144"
[38;5;47m[81e2a81c][0m[38;5;87m[RemoteDebugger][0m         isProxy: false
[38;5;47m[81e2a81c][0m[38;5;87m[RemoteDebugger][0m         name: "amsengagementd"
[38;5;47m[81e2a81c][0m[38;5;87m[RemoteDebugger][0m         bundleId: "com.apple.amsengagementd"
[38;5;47m[81e2a81c][0m[38;5;87m[RemoteDebugger][0m         hostId: undefined
[38;5;47m[81e2a81c][0m[38;5;87m[RemoteDebugger][0m         isActive: false
[38;5;47m[81e2a81c][0m[38;5;87m[RemoteDebugger][0m         isAutomationEnabled: "Unknown"
[38;5;47m[81e2a81c][0m[38;5;87m[RemoteDebugger][0m     Application: "PID:6686"
[38;5;47m[81e2a81c][0m[38;5;87m[RemoteDebugger][0m         id: "PID:6686"
[38;5;47m[81e2a81c][0m[38;5;87m[RemoteDebugger][0m         isProxy: false
[38;5;47m[81e2a81c][0m[38;5;87m[RemoteDebugger][0m         name: "com.apple.WebKit.WebContent"
[38;5;47m[81e2a81c][0m[38;5;87m[RemoteDebugger][0m         bundleId: "process-com.apple.WebKit.WebContent"
[38;5;47m[81e2a81c][0m[38;5;87m[RemoteDebugger][0m         hostId: undefined
[38;5;47m[81e2a81c][0m[38;5;87m[RemoteDebugger][0m         isActive: true
[38;5;47m[81e2a81c][0m[38;5;87m[RemoteDebugger][0m         isAutomationEnabled: "Unknown"
[38;5;47m[81e2a81c][0m[38;5;87m[RemoteDebugger][0m Checking for apps with matching bundle identifiers: com.apple.WebKit.WebContent, process-com.apple.WebKit.WebContent, process-SafariViewService, com.apple.SafariViewService, org.wdiodemoapp
[38;5;47m[81e2a81c][0m[38;5;87m[RemoteDebugger][0m Found app id key 'PID:6686' for bundle 'process-com.apple.WebKit.WebContent'
[38;5;47m[81e2a81c][0m[38;5;87m[RemoteDebugger][0m Found app id key 'PID:6683' for bundle 'org.wdiodemoapp'
[38;5;47m[81e2a81c][0m[38;5;87m[RemoteDebugger][0m You may also consider providing more values to 'additionalWebviewBundleIds' capability to match other applications. Add a wildcard ('*') to match all apps.
[38;5;47m[81e2a81c][0m[38;5;87m[RemoteDebugger][0m Trying out the possible app ids: PID:6686, PID:6683 (try #1 of 20)
[38;5;47m[81e2a81c][0m[38;5;87m[RemoteDebugger][0m Attempting app 'PID:6686'
[38;5;47m[81e2a81c][0m[38;5;87m[RemoteDebugger][0m Sending '_rpc_forwardGetListing:' message to app 'PID:6686' (id: 2): 'connectToApp'
[38;5;47m[81e2a81c][0m[38;5;87m[RemoteDebugger][0m Received response from send (id: 2): '["PID:6686",{}]'
[38;5;47m[81e2a81c][0m[38;5;87m[RemoteDebugger][0m Sending to Web Inspector took 1ms
[38;5;47m[81e2a81c][0m[38;5;87m[RemoteDebugger][0m The application PID:6686 is not connectable yet: Empty page dictionary received
[38;5;47m[81e2a81c][0m[38;5;87m[RemoteDebugger][0m Attempting app 'PID:6683'
[38;5;47m[81e2a81c][0m[38;5;87m[RemoteDebugger][0m Sending '_rpc_forwardGetListing:' message to app 'PID:6683' (id: 4): 'connectToApp'
[38;5;47m[81e2a81c][0m[38;5;87m[RemoteDebugger][0m Notified that an application has been updated
[38;5;47m[81e2a81c][0m[38;5;87m[RemoteDebugger][0m Received response from send (id: 4): '["PID:6683",{"1":{"WIRTitleKey":"","WIRTypeKey":"WIRTypeWebPage","WIRURLKey":"about:blank","WIRPageIdentifierKey":1,"WIRHostApplicationIdentifierKey":"PID:6683","WIROverrideNameKey":""}}]'
[38;5;47m[81e2a81c][0m[38;5;87m[RemoteDebugger][0m Received page change notice for app 'PID:6683' but the listing has not changed. Ignoring.
[38;5;47m[81e2a81c][0m[38;5;87m[RemoteDebugger][0m Sending to Web Inspector took 1ms
[38;5;47m[81e2a81c][0m[38;5;87m[RemoteDebugger][0m Current applications available:
[38;5;47m[81e2a81c][0m[38;5;87m[RemoteDebugger][0m     Application: "PID:6683"
[38;5;47m[81e2a81c][0m[38;5;87m[RemoteDebugger][0m         id: "PID:6683"
[38;5;47m[81e2a81c][0m[38;5;87m[RemoteDebugger][0m         isProxy: false
[38;5;47m[81e2a81c][0m[38;5;87m[RemoteDebugger][0m         name: "wdiodemoapp"
[38;5;47m[81e2a81c][0m[38;5;87m[RemoteDebugger][0m         bundleId: "org.wdiodemoapp"
[38;5;47m[81e2a81c][0m[38;5;87m[RemoteDebugger][0m         hostId: undefined
[38;5;47m[81e2a81c][0m[38;5;87m[RemoteDebugger][0m         isActive: true
[38;5;47m[81e2a81c][0m[38;5;87m[RemoteDebugger][0m         isAutomationEnabled: "Unknown"
[38;5;47m[81e2a81c][0m[38;5;87m[RemoteDebugger][0m         pageArray:
[38;5;47m[81e2a81c][0m[38;5;87m[RemoteDebugger][0m           - id: 1
[38;5;47m[81e2a81c][0m[38;5;87m[RemoteDebugger][0m             title: ""
[38;5;47m[81e2a81c][0m[38;5;87m[RemoteDebugger][0m             url: "about:blank"
[38;5;47m[81e2a81c][0m[38;5;87m[RemoteDebugger][0m             isKey: false
[38;5;47m[81e2a81c][0m[38;5;87m[RemoteDebugger][0m     Application: "PID:87144"
[38;5;47m[81e2a81c][0m[38;5;87m[RemoteDebugger][0m         id: "PID:87144"
[38;5;47m[81e2a81c][0m[38;5;87m[RemoteDebugger][0m         isProxy: false
[38;5;47m[81e2a81c][0m[38;5;87m[RemoteDebugger][0m         name: "amsengagementd"
[38;5;47m[81e2a81c][0m[38;5;87m[RemoteDebugger][0m         bundleId: "com.apple.amsengagementd"
[38;5;47m[81e2a81c][0m[38;5;87m[RemoteDebugger][0m         hostId: undefined
[38;5;47m[81e2a81c][0m[38;5;87m[RemoteDebugger][0m         isActive: false
[38;5;47m[81e2a81c][0m[38;5;87m[RemoteDebugger][0m         isAutomationEnabled: "Unknown"
[38;5;47m[81e2a81c][0m[38;5;87m[RemoteDebugger][0m     Application: "PID:6686"
[38;5;47m[81e2a81c][0m[38;5;87m[RemoteDebugger][0m         id: "PID:6686"
[38;5;47m[81e2a81c][0m[38;5;87m[RemoteDebugger][0m         isProxy: false
[38;5;47m[81e2a81c][0m[38;5;87m[RemoteDebugger][0m         name: "com.apple.WebKit.WebContent"
[38;5;47m[81e2a81c][0m[38;5;87m[RemoteDebugger][0m         bundleId: "process-com.apple.WebKit.WebContent"
[38;5;47m[81e2a81c][0m[38;5;87m[RemoteDebugger][0m         hostId: undefined
[38;5;47m[81e2a81c][0m[38;5;87m[RemoteDebugger][0m         isActive: true
[38;5;47m[81e2a81c][0m[38;5;87m[RemoteDebugger][0m         isAutomationEnabled: "Unknown"
[38;5;47m[81e2a81c][0m[38;5;87m[RemoteDebugger][0m Finally selecting app PID:6683
[38;5;47m[81e2a81c][0m[38;5;87m[RemoteDebugger][0m Selected app after 4ms
[38;5;47m[81e2a81c][0m[38;5;201m[XCUITestDriver@8dbd][0m Responding to client with driver.getContexts() result: ["NATIVE_APP","WEBVIEW_6683.1"]
[38;5;47m[81e2a81c][0m[38;5;86m[HTTP][0m [37m<-- GET /session/81e2a81c-7d41-420c-a360-2a533d96ae6f/contexts [39m[32m200[39m [90m656 ms - 41[39m
[38;5;47m[81e2a81c][0m[38;5;86m[HTTP][0m [37m-->[39m [37mGET[39m [37m/session/81e2a81c-7d41-420c-a360-2a533d96ae6f/contexts[39m [90m[39m
[38;5;47m[81e2a81c][0m[38;5;201m[XCUITestDriver@8dbd][0m Calling AppiumDriver.getContexts() with args: ["81e2a81c-7d41-420c-a360-2a533d96ae6f"]
[38;5;47m[81e2a81c][0m[38;5;201m[XCUITestDriver@8dbd][0m Executing command 'getContexts'
[38;5;47m[81e2a81c][0m[38;5;201m[XCUITestDriver@8dbd][0m Getting list of available contexts
[38;5;47m[81e2a81c][0m[38;5;201m[XCUITestDriver@8dbd][0m Retrieving contexts and views
[38;5;47m[81e2a81c][0m[38;5;201m[XCUITestDriver@8dbd][0m Selecting by url: false
[38;5;47m[81e2a81c][0m[38;5;201m[XCUITestDriver@8dbd][0m About to select a web application with 20 retries and 500ms interval between each retry. Consider customizing the value of 'webviewConnectRetries' capability to change the amount of retries.
[38;5;47m[81e2a81c][0m[38;5;87m[RemoteDebugger][0m Selecting application
[38;5;47m[81e2a81c][0m[38;5;87m[RemoteDebugger][0m Current applications available:
[38;5;47m[81e2a81c][0m[38;5;87m[RemoteDebugger][0m     Application: "PID:6683"
[38;5;47m[81e2a81c][0m[38;5;87m[RemoteDebugger][0m         id: "PID:6683"
[38;5;47m[81e2a81c][0m[38;5;87m[RemoteDebugger][0m         isProxy: false
[38;5;47m[81e2a81c][0m[38;5;87m[RemoteDebugger][0m         name: "wdiodemoapp"
[38;5;47m[81e2a81c][0m[38;5;87m[RemoteDebugger][0m         bundleId: "org.wdiodemoapp"
[38;5;47m[81e2a81c][0m[38;5;87m[RemoteDebugger][0m         hostId: undefined
[38;5;47m[81e2a81c][0m[38;5;87m[RemoteDebugger][0m         isActive: true
[38;5;47m[81e2a81c][0m[38;5;87m[RemoteDebugger][0m         isAutomationEnabled: "Unknown"
[38;5;47m[81e2a81c][0m[38;5;87m[RemoteDebugger][0m         pageArray:
[38;5;47m[81e2a81c][0m[38;5;87m[RemoteDebugger][0m           - id: 1
[38;5;47m[81e2a81c][0m[38;5;87m[RemoteDebugger][0m             title: ""
[38;5;47m[81e2a81c][0m[38;5;87m[RemoteDebugger][0m             url: "about:blank"
[38;5;47m[81e2a81c][0m[38;5;87m[RemoteDebugger][0m             isKey: false
[38;5;47m[81e2a81c][0m[38;5;87m[RemoteDebugger][0m     Application: "PID:87144"
[38;5;47m[81e2a81c][0m[38;5;87m[RemoteDebugger][0m         id: "PID:87144"
[38;5;47m[81e2a81c][0m[38;5;87m[RemoteDebugger][0m         isProxy: false
[38;5;47m[81e2a81c][0m[38;5;87m[RemoteDebugger][0m         name: "amsengagementd"
[38;5;47m[81e2a81c][0m[38;5;87m[RemoteDebugger][0m         bundleId: "com.apple.amsengagementd"
[38;5;47m[81e2a81c][0m[38;5;87m[RemoteDebugger][0m         hostId: undefined
[38;5;47m[81e2a81c][0m[38;5;87m[RemoteDebugger][0m         isActive: false
[38;5;47m[81e2a81c][0m[38;5;87m[RemoteDebugger][0m         isAutomationEnabled: "Unknown"
[38;5;47m[81e2a81c][0m[38;5;87m[RemoteDebugger][0m     Application: "PID:6686"
[38;5;47m[81e2a81c][0m[38;5;87m[RemoteDebugger][0m         id: "PID:6686"
[38;5;47m[81e2a81c][0m[38;5;87m[RemoteDebugger][0m         isProxy: false
[38;5;47m[81e2a81c][0m[38;5;87m[RemoteDebugger][0m         name: "com.apple.WebKit.WebContent"
[38;5;47m[81e2a81c][0m[38;5;87m[RemoteDebugger][0m         bundleId: "process-com.apple.WebKit.WebContent"
[38;5;47m[81e2a81c][0m[38;5;87m[RemoteDebugger][0m         hostId: undefined
[38;5;47m[81e2a81c][0m[38;5;87m[RemoteDebugger][0m         isActive: true
[38;5;47m[81e2a81c][0m[38;5;87m[RemoteDebugger][0m         isAutomationEnabled: "Unknown"
[38;5;47m[81e2a81c][0m[38;5;87m[RemoteDebugger][0m Checking for apps with matching bundle identifiers: com.apple.WebKit.WebContent, process-com.apple.WebKit.WebContent, process-SafariViewService, com.apple.SafariViewService, org.wdiodemoapp
[38;5;47m[81e2a81c][0m[38;5;87m[RemoteDebugger][0m Found app id key 'PID:6686' for bundle 'process-com.apple.WebKit.WebContent'
[38;5;47m[81e2a81c][0m[38;5;87m[RemoteDebugger][0m Found app id key 'PID:6683' for bundle 'org.wdiodemoapp'
[38;5;47m[81e2a81c][0m[38;5;87m[RemoteDebugger][0m You may also consider providing more values to 'additionalWebviewBundleIds' capability to match other applications. Add a wildcard ('*') to match all apps.
[38;5;47m[81e2a81c][0m[38;5;87m[RemoteDebugger][0m Trying out the possible app ids: PID:6686, PID:6683 (try #1 of 20)
[38;5;47m[81e2a81c][0m[38;5;87m[RemoteDebugger][0m Attempting app 'PID:6686'
[38;5;47m[81e2a81c][0m[38;5;87m[RemoteDebugger][0m Sending '_rpc_forwardGetListing:' message to app 'PID:6686' (id: 6): 'connectToApp'
[38;5;47m[81e2a81c][0m[38;5;87m[RemoteDebugger][0m Received response from send (id: 6): '["PID:6686",{}]'
[38;5;47m[81e2a81c][0m[38;5;87m[RemoteDebugger][0m Sending to Web Inspector took 1ms
[38;5;47m[81e2a81c][0m[38;5;87m[RemoteDebugger][0m The application PID:6686 is not connectable yet: Empty page dictionary received
[38;5;47m[81e2a81c][0m[38;5;87m[RemoteDebugger][0m Attempting app 'PID:6683'
[38;5;47m[81e2a81c][0m[38;5;87m[RemoteDebugger][0m Sending '_rpc_forwardGetListing:' message to app 'PID:6683' (id: 8): 'connectToApp'
[38;5;47m[81e2a81c][0m[38;5;87m[RemoteDebugger][0m Received response from send (id: 8): '["PID:6683",{"1":{"WIRTitleKey":"","WIRTypeKey":"WIRTypeWebPage","WIRURLKey":"about:blank","WIRPageIdentifierKey":1,"WIRHostApplicationIdentifierKey":"PID:6683","WIROverrideNameKey":""}}]'
[38;5;47m[81e2a81c][0m[38;5;87m[RemoteDebugger][0m Received page change notice for app 'PID:6683' but the listing has not changed. Ignoring.
[38;5;47m[81e2a81c][0m[38;5;87m[RemoteDebugger][0m Sending to Web Inspector took 0ms
[38;5;47m[81e2a81c][0m[38;5;87m[RemoteDebugger][0m Current applications available:
[38;5;47m[81e2a81c][0m[38;5;87m[RemoteDebugger][0m     Application: "PID:6683"
[38;5;47m[81e2a81c][0m[38;5;87m[RemoteDebugger][0m         id: "PID:6683"
[38;5;47m[81e2a81c][0m[38;5;87m[RemoteDebugger][0m         isProxy: false
[38;5;47m[81e2a81c][0m[38;5;87m[RemoteDebugger][0m         name: "wdiodemoapp"
[38;5;47m[81e2a81c][0m[38;5;87m[RemoteDebugger][0m         bundleId: "org.wdiodemoapp"
[38;5;47m[81e2a81c][0m[38;5;87m[RemoteDebugger][0m         hostId: undefined
[38;5;47m[81e2a81c][0m[38;5;87m[RemoteDebugger][0m         isActive: true
[38;5;47m[81e2a81c][0m[38;5;87m[RemoteDebugger][0m         isAutomationEnabled: "Unknown"
[38;5;47m[81e2a81c][0m[38;5;87m[RemoteDebugger][0m         pageArray:
[38;5;47m[81e2a81c][0m[38;5;87m[RemoteDebugger][0m           - id: 1
[38;5;47m[81e2a81c][0m[38;5;87m[RemoteDebugger][0m             title: ""
[38;5;47m[81e2a81c][0m[38;5;87m[RemoteDebugger][0m             url: "about:blank"
[38;5;47m[81e2a81c][0m[38;5;87m[RemoteDebugger][0m             isKey: false
[38;5;47m[81e2a81c][0m[38;5;87m[RemoteDebugger][0m     Application: "PID:87144"
[38;5;47m[81e2a81c][0m[38;5;87m[RemoteDebugger][0m         id: "PID:87144"
[38;5;47m[81e2a81c][0m[38;5;87m[RemoteDebugger][0m         isProxy: false
[38;5;47m[81e2a81c][0m[38;5;87m[RemoteDebugger][0m         name: "amsengagementd"
[38;5;47m[81e2a81c][0m[38;5;87m[RemoteDebugger][0m         bundleId: "com.apple.amsengagementd"
[38;5;47m[81e2a81c][0m[38;5;87m[RemoteDebugger][0m         hostId: undefined
[38;5;47m[81e2a81c][0m[38;5;87m[RemoteDebugger][0m         isActive: false
[38;5;47m[81e2a81c][0m[38;5;87m[RemoteDebugger][0m         isAutomationEnabled: "Unknown"
[38;5;47m[81e2a81c][0m[38;5;87m[RemoteDebugger][0m     Application: "PID:6686"
[38;5;47m[81e2a81c][0m[38;5;87m[RemoteDebugger][0m         id: "PID:6686"
[38;5;47m[81e2a81c][0m[38;5;87m[RemoteDebugger][0m         isProxy: false
[38;5;47m[81e2a81c][0m[38;5;87m[RemoteDebugger][0m         name: "com.apple.WebKit.WebContent"
[38;5;47m[81e2a81c][0m[38;5;87m[RemoteDebugger][0m         bundleId: "process-com.apple.WebKit.WebContent"
[38;5;47m[81e2a81c][0m[38;5;87m[RemoteDebugger][0m         hostId: undefined
[38;5;47m[81e2a81c][0m[38;5;87m[RemoteDebugger][0m         isActive: true
[38;5;47m[81e2a81c][0m[38;5;87m[RemoteDebugger][0m         isAutomationEnabled: "Unknown"
[38;5;47m[81e2a81c][0m[38;5;87m[RemoteDebugger][0m Finally selecting app PID:6683
[38;5;47m[81e2a81c][0m[38;5;87m[RemoteDebugger][0m Selected app after 2ms
[38;5;47m[81e2a81c][0m[38;5;201m[XCUITestDriver@8dbd][0m Responding to client with driver.getContexts() result: ["NATIVE_APP","WEBVIEW_6683.1"]
[38;5;47m[81e2a81c][0m[38;5;86m[HTTP][0m [37m<-- GET /session/81e2a81c-7d41-420c-a360-2a533d96ae6f/contexts [39m[32m200[39m [90m4 ms - 41[39m
[38;5;47m[81e2a81c][0m[38;5;86m[HTTP][0m [37m-->[39m [37mPOST[39m [37m/session/81e2a81c-7d41-420c-a360-2a533d96ae6f/context[39m [90m{"name":"WEBVIEW_6683.1"}[39m
[38;5;47m[81e2a81c][0m[38;5;201m[XCUITestDriver@8dbd][0m Calling AppiumDriver.setContext() with args: ["WEBVIEW_6683.1","81e2a81c-7d41-420c-a360-2a533d96ae6f"]
[38;5;47m[81e2a81c][0m[38;5;201m[XCUITestDriver@8dbd][0m Executing command 'setContext'
[38;5;47m[81e2a81c][0m[38;5;201m[XCUITestDriver@8dbd][0m Attempting to set context to 'WEBVIEW_6683.1' from 'NATIVE_APP'
[38;5;47m[81e2a81c][0m[38;5;87m[RemoteDebugger][0m Selecting page '1' on app 'PID:6683' and forwarding socket setup
[38;5;47m[81e2a81c][0m[38;5;87m[RemoteDebugger][0m Sending '_rpc_forwardIndicateWebView:' message to app 'PID:6683', page '1' (id: 10): 'indicateWebView'
[38;5;47m[81e2a81c][0m[38;5;87m[RemoteDebugger][0m Sending to Web Inspector took 1ms
[38;5;47m[81e2a81c][0m[38;5;87m[RemoteDebugger][0m Sending '_rpc_forwardIndicateWebView:' message to app 'PID:6683', page '1' (id: 12): 'indicateWebView'
[38;5;47m[81e2a81c][0m[38;5;87m[RemoteDebugger][0m Sending to Web Inspector took 0ms
[38;5;47m[81e2a81c][0m[38;5;87m[RemoteDebugger][0m Sending '_rpc_forwardSocketSetup:' message to app 'PID:6683', page '1' (id: 14): 'setSenderKey'
[38;5;47m[81e2a81c][0m[38;5;87m[RemoteDebugger][0m Sending to Web Inspector took 0ms
[38;5;47m[81e2a81c][0m[38;5;87m[RemoteDebugger][0m Waiting up to 215999ms for page '1' of app 'PID:6683' to be selected
[38;5;47m[81e2a81c][0m[38;5;87m[RemoteDebugger][0m Target created for app 'PID:6683' and page '1': {"targetId":"page-10","type":"page"}
[38;5;47m[81e2a81c][0m[38;5;87m[RemoteDebugger][0m Sending '_rpc_forwardSocketData:' message to app 'PID:6683', page '1', target 'page-10' (id: 16): 'Target.setPauseOnStart'
[38;5;47m[81e2a81c][0m[38;5;87m[RemoteDebugger][0m Received data response from send (id: 16): '{}'
[38;5;47m[81e2a81c][0m[38;5;87m[RemoteDebugger][0m Sending to Web Inspector took 1ms
[38;5;47m[81e2a81c][0m[38;5;87m[RemoteDebugger][0m Initializing page '1' for app 'PID:6683'
[38;5;47m[81e2a81c][0m[38;5;87m[RemoteDebugger][0m Sending '_rpc_forwardSocketData:' message to app 'PID:6683', page '1', target 'page-10' (id: 18): 'Inspector.enable'
[38;5;47m[81e2a81c][0m[38;5;87m[RemoteDebugger][0m Received data response from send (id: 18): '{}'
[38;5;47m[81e2a81c][0m[38;5;87m[RemoteDebugger][0m Sending to Web Inspector took 2ms
[38;5;47m[81e2a81c][0m[38;5;87m[RemoteDebugger][0m Sending '_rpc_forwardSocketData:' message to app 'PID:6683', page '1', target 'page-10' (id: 20): 'Page.enable'
[38;5;47m[81e2a81c][0m[38;5;87m[RemoteDebugger][0m Received data response from send (id: 20): '{}'
[38;5;47m[81e2a81c][0m[38;5;87m[RemoteDebugger][0m Sending to Web Inspector took 1ms
[38;5;47m[81e2a81c][0m[38;5;87m[RemoteDebugger][0m Sending '_rpc_forwardSocketData:' message to app 'PID:6683', page '1', target 'page-10' (id: 22): 'Runtime.enable'
[38;5;47m[81e2a81c][0m[38;5;87m[RemoteDebugger][0m Received data response from send (id: 22): '{}'
[38;5;47m[81e2a81c][0m[38;5;87m[RemoteDebugger][0m Sending to Web Inspector took 28ms
[38;5;47m[81e2a81c][0m[38;5;87m[RemoteDebugger][0m Sending '_rpc_forwardSocketData:' message to app 'PID:6683', page '1', target 'page-10' (id: 24): 'Network.enable'
[38;5;47m[81e2a81c][0m[38;5;87m[RemoteDebugger][0m Received data response from send (id: 24): '{}'
[38;5;47m[81e2a81c][0m[38;5;87m[RemoteDebugger][0m Sending to Web Inspector took 1ms
[38;5;47m[81e2a81c][0m[38;5;87m[RemoteDebugger][0m Sending '_rpc_forwardSocketData:' message to app 'PID:6683', page '1', target 'page-10' (id: 26): 'Heap.enable'
[38;5;47m[81e2a81c][0m[38;5;87m[RemoteDebugger][0m Received data response from send (id: 26): '{}'
[38;5;47m[81e2a81c][0m[38;5;87m[RemoteDebugger][0m Sending to Web Inspector took 32ms
[38;5;47m[81e2a81c][0m[38;5;87m[RemoteDebugger][0m Sending '_rpc_forwardSocketData:' message to app 'PID:6683', page '1', target 'page-10' (id: 28): 'Debugger.enable'
[38;5;47m[81e2a81c][0m[38;5;87m[RemoteDebugger][0m Received data response from send (id: 28): '{}'
[38;5;47m[81e2a81c][0m[38;5;87m[RemoteDebugger][0m Sending to Web Inspector took 2ms
[38;5;47m[81e2a81c][0m[38;5;87m[RemoteDebugger][0m Sending '_rpc_forwardSocketData:' message to app 'PID:6683', page '1', target 'page-10' (id: 30): 'Console.enable'
[38;5;47m[81e2a81c][0m[38;5;87m[RemoteDebugger][0m Received data response from send (id: 30): '{}'
[38;5;47m[81e2a81c][0m[38;5;87m[RemoteDebugger][0m Sending to Web Inspector took 1ms
[38;5;47m[81e2a81c][0m[38;5;87m[RemoteDebugger][0m Sending '_rpc_forwardSocketData:' message to app 'PID:6683', page '1', target 'page-10' (id: 32): 'Inspector.initialized'
[38;5;47m[81e2a81c][0m[38;5;87m[RemoteDebugger][0m Received data response from send (id: 32): '{}'
[38;5;47m[81e2a81c][0m[38;5;87m[RemoteDebugger][0m Sending to Web Inspector took 1ms
[38;5;47m[81e2a81c][0m[38;5;87m[RemoteDebugger][0m Simple initialization of page '1' for app 'PID:6683' completed in 68.484ms
[38;5;47m[81e2a81c][0m[38;5;87m[RemoteDebugger][0m Waiting up to 5929.970667ms for page readiness
[38;5;47m[81e2a81c][0m[38;5;87m[RemoteDebugger][0m Sending '_rpc_forwardSocketData:' message to app 'PID:6683', page '1', target 'page-10' (id: 34): 'Runtime.evaluate'
[38;5;47m[81e2a81c][0m[38;5;87m[RemoteDebugger][0m Received data response from send (id: 34): '"loading"'
[38;5;47m[81e2a81c][0m[38;5;87m[RemoteDebugger][0m Sending to Web Inspector took 4ms
[38;5;47m[81e2a81c][0m[38;5;87m[RemoteDebugger][0m Sending '_rpc_forwardSocketData:' message to app 'PID:6683', page '1', target 'page-10' (id: 36): 'Runtime.evaluate'
[38;5;47m[81e2a81c][0m[38;5;87m[RemoteDebugger][0m Received data response from send (id: 36): '"loading"'
[38;5;47m[81e2a81c][0m[38;5;87m[RemoteDebugger][0m Sending to Web Inspector took 1ms
[38;5;47m[81e2a81c][0m[38;5;87m[RemoteDebugger][0m Pages changed for PID:6683: [{"id":1,"title":"","url":"about:blank","isKey":false}] -> [{"id":1,"title":"WebdriverIO · Next-gen browser and mobile automation test framework for Node.js | WebdriverIO","url":"https://webdriver.io/","isKey":true}]
[38;5;47m[81e2a81c][0m[38;5;201m[XCUITestDriver@8dbd][0m Remote debugger notified us of a new page listing: {"appIdKey":"6683","pageArray":[{"id":1,"title":"WebdriverIO · Next-gen browser and mobile automation test framework for Node.js | WebdriverIO","url":"https://webdriver.io/","isKey":true}]}
[38;5;47m[81e2a81c][0m[38;5;201m[XCUITestDriver@8dbd][0m We are in the middle of selecting a page, ignoring
[38;5;47m[81e2a81c][0m[38;5;87m[RemoteDebugger][0m Notified that an application has been updated
[38;5;47m[81e2a81c][0m[38;5;87m[RemoteDebugger][0m Sending '_rpc_forwardSocketData:' message to app 'PID:6683', page '1', target 'page-10' (id: 38): 'Runtime.evaluate'
[38;5;47m[81e2a81c][0m[38;5;87m[RemoteDebugger][0m Received data response from send (id: 38): '"interactive"'
[38;5;47m[81e2a81c][0m[38;5;87m[RemoteDebugger][0m Sending to Web Inspector took 96ms
[38;5;47m[81e2a81c][0m[38;5;87m[RemoteDebugger][0m Sending '_rpc_forwardSocketData:' message to app 'PID:6683', page '1', target 'page-10' (id: 40): 'Runtime.evaluate'
[38;5;47m[81e2a81c][0m[38;5;87m[RemoteDebugger][0m Received data response from send (id: 40): '"interactive"'
[38;5;47m[81e2a81c][0m[38;5;87m[RemoteDebugger][0m Sending to Web Inspector took 175ms
[38;5;47m[81e2a81c][0m[38;5;87m[RemoteDebugger][0m Web Inspector garbage collected
[38;5;47m[81e2a81c][0m[38;5;87m[RemoteDebugger][0m Sending '_rpc_forwardSocketData:' message to app 'PID:6683', page '1', target 'page-10' (id: 42): 'Runtime.evaluate'
[38;5;47m[81e2a81c][0m[38;5;87m[RemoteDebugger][0m Received data response from send (id: 42): '"interactive"'
[38;5;47m[81e2a81c][0m[38;5;87m[RemoteDebugger][0m Sending to Web Inspector took 101ms
[38;5;47m[81e2a81c][0m[38;5;87m[RemoteDebugger][0m Sending '_rpc_forwardSocketData:' message to app 'PID:6683', page '1', target 'page-10' (id: 44): 'Runtime.evaluate'
[38;5;47m[81e2a81c][0m[38;5;87m[RemoteDebugger][0m Received data response from send (id: 44): '"interactive"'
[38;5;47m[81e2a81c][0m[38;5;87m[RemoteDebugger][0m Sending to Web Inspector took 309ms
[38;5;47m[81e2a81c][0m[38;5;87m[RemoteDebugger][0m Web Inspector garbage collected
[38;5;47m[81e2a81c][0m[38;5;87m[RemoteDebugger][0m Web Inspector garbage collected
[38;5;47m[81e2a81c][0m[38;5;87m[RemoteDebugger][0m Sending '_rpc_forwardSocketData:' message to app 'PID:6683', page '1', target 'page-10' (id: 46): 'Runtime.evaluate'
[38;5;47m[81e2a81c][0m[38;5;87m[RemoteDebugger][0m Received data response from send (id: 46): '"interactive"'
[38;5;47m[81e2a81c][0m[38;5;87m[RemoteDebugger][0m Sending to Web Inspector took 24ms
[38;5;47m[81e2a81c][0m[38;5;87m[RemoteDebugger][0m Sending '_rpc_forwardSocketData:' message to app 'PID:6683', page '1', target 'page-10' (id: 48): 'Runtime.evaluate'
[38;5;47m[81e2a81c][0m[38;5;87m[RemoteDebugger][0m Received data response from send (id: 48): '"complete"'
[38;5;47m[81e2a81c][0m[38;5;87m[RemoteDebugger][0m Sending to Web Inspector took 26ms
[38;5;47m[81e2a81c][0m[38;5;87m[RemoteDebugger][0m Page '1' for app 'PID:6683' is ready after 1446.680917ms
[38;5;47m[81e2a81c][0m[38;5;87m[RemoteDebugger][0m Selected the page 1@PID:6683 after 1520.311917ms
[38;5;47m[81e2a81c][0m[38;5;87m[RemoteDebugger][0m Selected page after 1521ms
[38;5;47m[81e2a81c][0m[38;5;201m[XCUITestDriver@8dbd][0m Responding to client with driver.setContext() result: null
[38;5;47m[81e2a81c][0m[38;5;86m[HTTP][0m [37m<-- POST /session/81e2a81c-7d41-420c-a360-2a533d96ae6f/context [39m[32m200[39m [90m1522 ms - 14[39m
[38;5;47m[81e2a81c][0m[38;5;86m[HTTP][0m [37m-->[39m [37mPOST[39m [37m/session/81e2a81c-7d41-420c-a360-2a533d96ae6f/element[39m [90m{"using":"css selector","value":".hero__subtitle"}[39m
[38;5;47m[81e2a81c][0m[38;5;201m[XCUITestDriver@8dbd][0m Calling AppiumDriver.findElement() with args: ["css selector",".hero__subtitle","81e2a81c-7d41-420c-a360-2a533d96ae6f"]
[38;5;47m[81e2a81c][0m[38;5;201m[XCUITestDriver@8dbd][0m Executing command 'findElement'
[38;5;47m[81e2a81c][0m[38;5;201m[XCUITestDriver@8dbd][0m Valid locator strategies for this request: xpath, id, name, class name, -ios predicate string, -ios class chain, accessibility id, css selector
[38;5;47m[81e2a81c][0m[38;5;201m[XCUITestDriver@8dbd][0m Waiting up to 0 ms for condition
[38;5;47m[81e2a81c][0m[38;5;87m[RemoteDebugger][0m Executing atom 'find_element_fragment' with 'args=["css selector",".hero__subtitle",null]; frames='
[38;5;47m[81e2a81c][0m[38;5;87m[RemoteDebugger][0m Executing 'find_element_fragment' atom in default context
[38;5;47m[81e2a81c][0m[38;5;87m[RemoteDebugger][0m Sending javascript command: '(function(){return (function(){var ba=this||sel...'
[38;5;47m[81e2a81c][0m[38;5;87m[RemoteDebugger][0m Sending '_rpc_forwardSocketData:' message to app 'PID:6683', page '1', target 'page-10' (id: 50): 'Runtime.evaluate'
[38;5;47m[81e2a81c][0m[38;5;87m[RemoteDebugger][0m Received data response from send (id: 50): '"{\"status\":0,\"value\":{\"ELEMENT\":\":wdc:1775024782315\"}}"'
[38;5;47m[81e2a81c][0m[38;5;87m[RemoteDebugger][0m Sending to Web Inspector took 9ms
[38;5;47m[81e2a81c][0m[38;5;87m[RemoteDebugger][0m Received result for atom 'find_element_fragment' execution: {"ELEMENT":":wdc:1775024782315"}
[38;5;47m[81e2a81c][0m[38;5;201m[XCUITestDriver@8dbd][0m Responding to client with driver.findElement() result: {"element-6066-11e4-a52e-4f735466cecf":":wdc:1775024782315","ELEMENT":":wdc:1775024782315"}
[38;5;47m[81e2a81c][0m[38;5;86m[HTTP][0m [37m<-- POST /session/81e2a81c-7d41-420c-a360-2a533d96ae6f/element [39m[32m200[39m [90m15 ms - 101[39m
[38;5;47m[81e2a81c][0m[38;5;86m[HTTP][0m [37m-->[39m [37mGET[39m [37m/session/81e2a81c-7d41-420c-a360-2a533d96ae6f/element/%3Awdc%3A1775024782315/text[39m [90m[39m
[38;5;47m[81e2a81c][0m[38;5;201m[XCUITestDriver@8dbd][0m Calling AppiumDriver.getText() with args: [":wdc:1775024782315","81e2a81c-7d41-420c-a360-2a533d96ae6f"]
[38;5;47m[81e2a81c][0m[38;5;201m[XCUITestDriver@8dbd][0m Executing command 'getText'
[38;5;47m[81e2a81c][0m[38;5;87m[RemoteDebugger][0m Executing atom 'get_text' with 'args=[{"ELEMENT":":wdc:1775024782315"}]; frames='
[38;5;47m[81e2a81c][0m[38;5;87m[RemoteDebugger][0m Executing 'get_text' atom in default context
[38;5;47m[81e2a81c][0m[38;5;87m[RemoteDebugger][0m Sending javascript command: '(function(){return (function(){var aa=this||sel...'
[38;5;47m[81e2a81c][0m[38;5;87m[RemoteDebugger][0m Sending '_rpc_forwardSocketData:' message to app 'PID:6683', page '1', target 'page-10' (id: 52): 'Runtime.evaluate'
[38;5;47m[81e2a81c][0m[38;5;87m[RemoteDebugger][0m Received data response from send (id: 52): '"{\"status\":0,\"value\":\"Next-gen browser and mobile automation test framework for Node.js\"}"'
[38;5;47m[81e2a81c][0m[38;5;87m[RemoteDebugger][0m Sending to Web Inspector took 44ms
[38;5;47m[81e2a81c][0m[38;5;87m[RemoteDebugger][0m Received result for atom 'get_text' execution: "Next-gen browser and mobile automation test framework for Node.js"
[38;5;47m[81e2a81c][0m[38;5;201m[XCUITestDriver@8dbd][0m Responding to client with driver.getText() result: "Next-gen browser and mobile automation test framework for Node.js"
[38;5;47m[81e2a81c][0m[38;5;86m[HTTP][0m [37m<-- GET /session/81e2a81c-7d41-420c-a360-2a533d96ae6f/element/%3Awdc%3A1775024782315/text [39m[32m200[39m [90m47 ms - 77[39m
[38;5;47m[81e2a81c][0m[38;5;86m[HTTP][0m [37m-->[39m [37mPOST[39m [37m/session/81e2a81c-7d41-420c-a360-2a533d96ae6f/context[39m [90m{"name":"NATIVE_APP"}[39m
[38;5;47m[81e2a81c][0m[38;5;201m[XCUITestDriver@8dbd][0m Calling AppiumDriver.setContext() with args: ["NATIVE_APP","81e2a81c-7d41-420c-a360-2a533d96ae6f"]
[38;5;47m[81e2a81c][0m[38;5;201m[XCUITestDriver@8dbd][0m Executing command 'setContext'
[38;5;47m[81e2a81c][0m[38;5;201m[XCUITestDriver@8dbd][0m Attempting to set context to 'NATIVE_APP' from '6683.1'
[38;5;47m[81e2a81c][0m[38;5;201m[XCUITestDriver@8dbd][0m Responding to client with driver.setContext() result: null
[38;5;47m[81e2a81c][0m[38;5;86m[HTTP][0m [37m<-- POST /session/81e2a81c-7d41-420c-a360-2a533d96ae6f/context [39m[32m200[39m [90m1 ms - 14[39m
[38;5;47m[81e2a81c][0m[38;5;86m[HTTP][0m [37m-->[39m [37mPOST[39m [37m/session/81e2a81c-7d41-420c-a360-2a533d96ae6f/element[39m [90m{"using":"accessibility id","value":"Home"}[39m
[38;5;47m[81e2a81c][0m[38;5;201m[XCUITestDriver@8dbd][0m Calling AppiumDriver.findElement() with args: ["accessibility id","Home","81e2a81c-7d41-420c-a360-2a533d96ae6f"]
[38;5;47m[81e2a81c][0m[38;5;201m[XCUITestDriver@8dbd][0m Executing command 'findElement'
[38;5;47m[81e2a81c][0m[38;5;201m[XCUITestDriver@8dbd][0m Valid locator strategies for this request: xpath, id, name, class name, -ios predicate string, -ios class chain, accessibility id, css selector
[38;5;47m[81e2a81c][0m[38;5;201m[XCUITestDriver@8dbd][0m Waiting up to 0 ms for condition
[38;5;47m[81e2a81c][0m[38;5;201m[XCUITestDriver@8dbd][0m Matched '/element' to command name 'findElement'
[38;5;47m[81e2a81c][0m[38;5;201m[XCUITestDriver@8dbd][0m Proxying [POST /element] to [POST http://127.0.0.1:8100/session/309EB770-F19C-476E-9715-B4BE6246E90F/element] with body: {"using":"accessibility id","value":"Home"}
[38;5;47m[81e2a81c][0m[38;5;87m[RemoteDebugger][0m Web Inspector garbage collected
[38;5;47m[81e2a81c][0m[38;5;87m[RemoteDebugger][0m Web Inspector garbage collected
[38;5;47m[81e2a81c][0m[38;5;201m[XCUITestDriver@8dbd][0m Got response with status 200: {"value":{"ELEMENT":"14000000-0000-0000-1B1A-000000000000","element-6066-11e4-a52e-4f735466cecf":"14000000-0000-0000-1B1A-000000000000"},"sessionId":"309EB770-F19C-476E-9715-B4BE6246E90F"}
[38;5;47m[81e2a81c][0m[38;5;201m[XCUITestDriver@8dbd][0m Responding to client with driver.findElement() result: {"element-6066-11e4-a52e-4f735466cecf":"14000000-0000-0000-1B1A-000000000000","ELEMENT":"14000000-0000-0000-1B1A-000000000000"}
[38;5;47m[81e2a81c][0m[38;5;86m[HTTP][0m [37m<-- POST /session/81e2a81c-7d41-420c-a360-2a533d96ae6f/element [39m[32m200[39m [90m646 ms - 137[39m
[38;5;47m[81e2a81c][0m[38;5;86m[HTTP][0m [37m-->[39m [37mPOST[39m [37m/session/81e2a81c-7d41-420c-a360-2a533d96ae6f/element/14000000-0000-0000-1B1A-000000000000/click[39m [90m{}[39m
[38;5;47m[81e2a81c][0m[38;5;201m[XCUITestDriver@8dbd][0m Driver proxy active, passing request on via HTTP proxy
[38;5;47m[81e2a81c][0m[38;5;201m[XCUITestDriver@8dbd][0m Executing command 'proxyReqRes'
[38;5;47m[81e2a81c][0m[38;5;201m[XCUITestDriver@8dbd][0m Matched '/session/81e2a81c-7d41-420c-a360-2a533d96ae6f/element/14000000-0000-0000-1B1A-000000000000/click' to command name 'click'
[38;5;47m[81e2a81c][0m[38;5;201m[XCUITestDriver@8dbd][0m Proxying [POST /session/81e2a81c-7d41-420c-a360-2a533d96ae6f/element/14000000-0000-0000-1B1A-000000000000/click] to [POST http://127.0.0.1:8100/session/309EB770-F19C-476E-9715-B4BE6246E90F/element/14000000-0000-0000-1B1A-000000000000/click] with body: {}
[38;5;47m[81e2a81c][0m[38;5;87m[RemoteDebugger][0m Web Inspector garbage collected
[38;5;47m[81e2a81c][0m[38;5;87m[RemoteDebugger][0m Notified that new application 'PID:6708' has connected
[38;5;47m[81e2a81c][0m[38;5;201m[XCUITestDriver@8dbd][0m Got response with status 200: {"value":null,"sessionId":"309EB770-F19C-476E-9715-B4BE6246E90F"}
[38;5;47m[81e2a81c][0m[38;5;201m[XCUITestDriver@8dbd][0m Replacing sessionId 309EB770-F19C-476E-9715-B4BE6246E90F with 81e2a81c-7d41-420c-a360-2a533d96ae6f
[38;5;47m[81e2a81c][0m[38;5;86m[HTTP][0m [37m<-- POST /session/81e2a81c-7d41-420c-a360-2a533d96ae6f/element/14000000-0000-0000-1B1A-000000000000/click [39m[32m200[39m [90m1006 ms - 14[39m
[38;5;47m[81e2a81c][0m[38;5;86m[HTTP][0m [37m-->[39m [37mPOST[39m [37m/session/81e2a81c-7d41-420c-a360-2a533d96ae6f/element[39m [90m{"using":"xpath","value":"(//XCUIElementTypeStaticText[@name=\"WEBDRIVER\"])"}[39m
[38;5;47m[81e2a81c][0m[38;5;201m[XCUITestDriver@8dbd][0m Calling AppiumDriver.findElement() with args: ["xpath","(//XCUIElementTypeStaticText[@name=\"WEBDRIVER\"])","81e2a81c-7d41-420c-a360-2a533d96ae6f"]
[38;5;47m[81e2a81c][0m[38;5;201m[XCUITestDriver@8dbd][0m Executing command 'findElement'
[38;5;47m[81e2a81c][0m[38;5;201m[XCUITestDriver@8dbd][0m Valid locator strategies for this request: xpath, id, name, class name, -ios predicate string, -ios class chain, accessibility id, css selector
[38;5;47m[81e2a81c][0m[38;5;201m[XCUITestDriver@8dbd][0m Waiting up to 0 ms for condition
[38;5;47m[81e2a81c][0m[38;5;201m[XCUITestDriver@8dbd][0m Matched '/element' to command name 'findElement'
[38;5;47m[81e2a81c][0m[38;5;201m[XCUITestDriver@8dbd][0m Proxying [POST /element] to [POST http://127.0.0.1:8100/session/309EB770-F19C-476E-9715-B4BE6246E90F/element] with body: {"using":"xpath","value":"(//XCUIElementTypeStaticText[@name=\"WEBDRIVER\"])"}
[38;5;47m[81e2a81c][0m[38;5;87m[RemoteDebugger][0m Notified that an application has been updated
[38;5;47m[81e2a81c][0m[38;5;201m[XCUITestDriver@8dbd][0m Got response with status 200: {"value":{"ELEMENT":"29000000-0000-0000-1B1A-000000000000","element-6066-11e4-a52e-4f735466cecf":"29000000-0000-0000-1B1A-000000000000"},"sessionId":"309EB770-F19C-476E-9715-B4BE6246E90F"}
[38;5;47m[81e2a81c][0m[38;5;201m[XCUITestDriver@8dbd][0m Responding to client with driver.findElement() result: {"element-6066-11e4-a52e-4f735466cecf":"29000000-0000-0000-1B1A-000000000000","ELEMENT":"29000000-0000-0000-1B1A-000000000000"}
[38;5;47m[81e2a81c][0m[38;5;86m[HTTP][0m [37m<-- POST /session/81e2a81c-7d41-420c-a360-2a533d96ae6f/element [39m[32m200[39m [90m67 ms - 137[39m
[38;5;47m[81e2a81c][0m[38;5;86m[HTTP][0m [37m-->[39m [37mGET[39m [37m/session/81e2a81c-7d41-420c-a360-2a533d96ae6f/element/29000000-0000-0000-1B1A-000000000000/displayed[39m [90m[39m
[38;5;47m[81e2a81c][0m[38;5;201m[XCUITestDriver@8dbd][0m Driver proxy active, passing request on via HTTP proxy
[38;5;47m[81e2a81c][0m[38;5;201m[XCUITestDriver@8dbd][0m Executing command 'proxyReqRes'
[38;5;47m[81e2a81c][0m[38;5;201m[XCUITestDriver@8dbd][0m Matched '/session/81e2a81c-7d41-420c-a360-2a533d96ae6f/element/29000000-0000-0000-1B1A-000000000000/displayed' to command name 'elementDisplayed'
[38;5;47m[81e2a81c][0m[38;5;201m[XCUITestDriver@8dbd][0m Proxying [GET /session/81e2a81c-7d41-420c-a360-2a533d96ae6f/element/29000000-0000-0000-1B1A-000000000000/displayed] to [GET http://127.0.0.1:8100/session/309EB770-F19C-476E-9715-B4BE6246E90F/element/29000000-0000-0000-1B1A-000000000000/displayed] with no body
[38;5;47m[81e2a81c][0m[38;5;201m[XCUITestDriver@8dbd][0m Got response with status 200: {"value":true,"sessionId":"309EB770-F19C-476E-9715-B4BE6246E90F"}
[38;5;47m[81e2a81c][0m[38;5;201m[XCUITestDriver@8dbd][0m Replacing sessionId 309EB770-F19C-476E-9715-B4BE6246E90F with 81e2a81c-7d41-420c-a360-2a533d96ae6f
[38;5;47m[81e2a81c][0m[38;5;86m[HTTP][0m [37m<-- GET /session/81e2a81c-7d41-420c-a360-2a533d96ae6f/element/29000000-0000-0000-1B1A-000000000000/displayed [39m[32m200[39m [90m19 ms - 14[39m
[38;5;47m[81e2a81c][0m[38;5;86m[HTTP][0m [37m-->[39m [37mDELETE[39m [37m/session/81e2a81c-7d41-420c-a360-2a533d96ae6f[39m [90m[39m
[38;5;47m[81e2a81c][0m[38;5;201m[XCUITestDriver@8dbd][0m Calling AppiumDriver.deleteSession() with args: ["81e2a81c-7d41-420c-a360-2a533d96ae6f"]
[38;5;47m[81e2a81c][0m[38;5;61m[AppiumDriver@5e16][0m Event 'quitSessionRequested' logged at 1775024784133 (11:56:24 GMT+0530 (India Standard Time))
[38;5;47m[81e2a81c][0m[38;5;61m[AppiumDriver@5e16][0m Removing session 81e2a81c-7d41-420c-a360-2a533d96ae6f from our master session list
[38;5;47m[81e2a81c][0m[38;5;201m[XCUITestDriver@8dbd][0m Proxying [DELETE /session/81e2a81c-7d41-420c-a360-2a533d96ae6f] to [DELETE http://127.0.0.1:8100/session/309EB770-F19C-476E-9715-B4BE6246E90F] with no body
[38;5;47m[81e2a81c][0m[38;5;87m[RemoteDebugger][0m Application 'PID:6683' disconnected. Removing from app dictionary.
[38;5;47m[81e2a81c][0m[38;5;87m[RemoteDebugger][0m Current app is 'PID:6683'
[38;5;47m[81e2a81c][0m[38;5;87m[RemoteDebugger][0m No longer have app id. Attempting to find new one.
[38;5;47m[81e2a81c][0m[38;5;87m[RemoteDebugger][0m Application 'PID:6686' disconnected. Removing from app dictionary.
[38;5;47m[81e2a81c][0m[38;5;87m[RemoteDebugger][0m Current app is 'undefined'
[38;5;47m[81e2a81c][0m[38;5;87m[RemoteDebugger][0m Application 'PID:6708' disconnected. Removing from app dictionary.
[38;5;47m[81e2a81c][0m[38;5;87m[RemoteDebugger][0m Current app is 'undefined'
[38;5;47m[81e2a81c][0m[38;5;201m[XCUITestDriver@8dbd][0m Got response with status 200: {"value":null,"sessionId":null}
[38;5;47m[81e2a81c][0m[38;5;23m[DevCon Factory][0m Releasing connections for 7A99A3AC-9A72-4898-A515-43C61CE21DE8 device on any port number
[38;5;47m[81e2a81c][0m[38;5;23m[DevCon Factory][0m Found cached connections to release: ["7A99A3AC-9A72-4898-A515-43C61CE21DE8:8100","7A99A3AC-9A72-4898-A515-43C61CE21DE8:9100"]
[38;5;47m[81e2a81c][0m[38;5;23m[DevCon Factory][0m Cached connections count: 0
[38;5;47m[81e2a81c][0m[38;5;201m[XCUITestDriver@8dbd][0m Not clearing log files. Use `clearSystemFiles` capability to turn on.
[38;5;47m[81e2a81c][0m[38;5;201m[XCUITestDriver@8dbd][0m Found a remote debugger session. Removing...
[38;5;47m[81e2a81c][0m[38;5;87m[RemoteDebugger][0m Disconnecting from remote debugger
[38;5;47m[81e2a81c][0m[38;5;87m[RemoteDebugger][0m Cleaning up listeners
[38;5;47m[81e2a81c][0m[38;5;201m[XCUITestDriver@8dbd][0m Stopping iOS log capture
[38;5;47m[81e2a81c][0m[38;5;61m[AppiumDriver@5e16][0m Event 'quitSessionFinished' logged at 1775024785224 (11:56:25 GMT+0530 (India Standard Time))
[38;5;47m[81e2a81c][0m[38;5;61m[AppiumDriver@5e16][0m Received response: null
[38;5;47m[81e2a81c][0m[38;5;61m[AppiumDriver@5e16][0m But deleting session, so not returning
[38;5;47m[81e2a81c][0m[38;5;61m[AppiumDriver@5e16][0m Responding to client with driver.deleteSession() result: null
[38;5;47m[81e2a81c][0m[38;5;86m[HTTP][0m [37m<-- DELETE /session/81e2a81c-7d41-420c-a360-2a533d96ae6f [39m[32m200[39m [90m1093 ms - 14[39m
