[90m2026-03-31T06:12:25.173Z[39m [96mINFO[39m [97m@wdio/browserstack-service[39m BrowserStack service started with id: 457d2129-83db-4a07-847e-733318b01d0d
[90m2026-03-31T06:12:25.174Z[39m [32mDEBUG[39m [97m@wdio/browserstack-service[39m _options data: {}
[90m2026-03-31T06:12:25.174Z[39m [32mDEBUG[39m [97m@wdio/browserstack-service[39m webdriver capabilities data: [{"platformName":"Android","appium:deviceName":"Samsung Galaxy S22 Ultra","appium:platformVersion":"12.0","appium:automationName":"UiAutomator2","appium:app":"bs://69a85b3f21a32e1aacc8a8f5e44530d4ec9d4f90","appium:autoGrantPermissions":true}]
[90m2026-03-31T06:12:25.174Z[39m [32mDEBUG[39m [97m@wdio/browserstack-service[39m _config data: {"rootDir":"/Users/ritikamalik/wdio-appium/config","specs":["../test/specs/Real_Android_App/Android_Real_App_Delete.js"],"suites":{},"exclude":[],"capabilities":[],"logLevel":"info","logLevels":{},"groupLogsByTestSpec":false,"excludeDriverLogs":[],"bail":0,"waitforInterval":100,"waitforTimeout":10000,"framework":"mocha","reporters":["spec"],"services":["browserstack"],"maxInstances":10,"maxInstancesPerCapability":100,"injectGlobals":true,"filesToWatch":[],"connectionRetryTimeout":120000,"connectionRetryCount":3,"execArgv":[],"runnerEnv":{},"runner":"local","shard":{"current":1,"total":1},"specFileRetries":0,"specFileRetriesDelay":0,"specFileRetriesDeferred":false,"autoAssertOnTestEnd":true,"reporterSyncInterval":100,"reporterSyncTimeout":5000,"cucumberFeaturesWithLineNumbers":[],"mochaOpts":{"timeout":60000,"ui":"bdd"},"jasmineOpts":{"defaultTimeoutInterval":10000},"cucumberOpts":{"timeout":10000},"onPrepare":[],"onWorkerStart":[],"onWorkerEnd":[],"before":[],"beforeSession":[],"beforeSuite":[],"beforeHook":[],"beforeTest":[],"beforeCommand":[],"afterCommand":[],"afterTest":[],"afterHook":[],"afterSuite":[],"afterSession":[],"after":[],"onComplete":[],"onReload":[],"beforeAssertion":[],"afterAssertion":[],"beforeFeature":[],"beforeScenario":[],"beforeStep":[],"afterStep":[],"afterScenario":[],"afterFeature":[],"_":["config/wdio.android.bs.conf.cjs","config/wdio.android.bs.conf.cjs"],"$0":"/Users/ritikamalik/wdio-appium/node_modules/.bin/wdio","user":"[REDACTED]","key":"[REDACTED]"}
[90m2026-03-31T06:12:25.175Z[39m [32mDEBUG[39m [97m@wdio/browserstack-service[39m Sending SDK event with data {
  userName: '[REDACTED]',
  accessKey: '[REDACTED]',
  event_type: 'SDKTestAttempted',
  detectedFramework: 'WebdriverIO-mocha',
  event_properties: {
    sdkRunId: '457d2129-83db-4a07-847e-733318b01d0d',
    testhub_uuid: undefined,
    language_framework: 'WebdriverIO_mocha',
    referrer: 'WebdriverIO-mocha/9.26.1',
    language: 'WebdriverIO',
    languageVersion: 'v22.20.0',
    buildName: 'undefined',
    buildIdentifier: 'undefined',
    os: 'Darwin',
    hostname: 'IN-GH3FQF9W77.local',
    productMap: {
      observability: true,
      accessibility: null,
      percy: false,
      automate: true,
      app_automate: false
    },
    product: [ 'observability', 'automate' ],
    framework: 'mocha',
    isCLIEnabled: false
  }
}
[90m2026-03-31T06:12:25.845Z[39m [32mDEBUG[39m [97m@wdio/browserstack-service[39m Funnel Event Response: "{\"message\":\"SDK Event recorded successfully\"}"
[90m2026-03-31T06:12:25.845Z[39m [32mDEBUG[39m [97m@wdio/browserstack-service[39m Funnel event success
[90m2026-03-31T06:12:25.853Z[39m [32mDEBUG[39m [97m@wdio/browserstack-service[39m Timestamp conversion for sdk:funnel:test-attempted: 877.522625 -> 1774937545175.1338 (timeOrigin: 1774937544297.611)
[90m2026-03-31T06:12:25.846Z[39m [96mINFO[39m [97m@wdio/browserstack-service[39m startMain: Starting main process
[90m2026-03-31T06:12:25.847Z[39m [32mDEBUG[39m [97m@wdio/browserstack-service[39m Configuring Cli path.
[90m2026-03-31T06:12:25.847Z[39m [32mDEBUG[39m [97m@wdio/browserstack-service[39m File /Users/ritikamalik/.browserstack already exist
[90m2026-03-31T06:12:25.848Z[39m [96mINFO[39m [97m@wdio/browserstack-service[39m Current CLI Path Found: /Users/ritikamalik/.browserstack/cli/binary-macos-arm64
[90m2026-03-31T06:12:26.658Z[39m [32mDEBUG[39m [97m@wdio/browserstack-service[39m response {"success":true}
[90m2026-03-31T06:12:26.662Z[39m [32mDEBUG[39m [97m@wdio/browserstack-service[39m Timestamp conversion for sdk:cli:check-update: 1551.071084 -> 1774937545848.6821 (timeOrigin: 1774937544297.611)
[90m2026-03-31T06:12:26.659Z[39m [32mDEBUG[39m [97m@wdio/browserstack-service[39m Resolved binary path: /Users/ritikamalik/.browserstack/cli/binary-macos-arm64
[90m2026-03-31T06:12:26.659Z[39m [32mDEBUG[39m [97m@wdio/browserstack-service[39m spawning command='/Users/ritikamalik/.browserstack/cli/binary-macos-arm64,sdk'
[90m2026-03-31T06:12:27.008Z[39m [32mDEBUG[39m [97m@wdio/browserstack-service[39m CLI params loaded: {"id":"d04a332b-c5fa-4173-815d-f695df66736d","listen":"unix:/tmp/sdk-platform-d04a332b-c5fa-4173-815d-f695df66736d.sock"}
[90m2026-03-31T06:12:27.012Z[39m [32mDEBUG[39m [97m@wdio/browserstack-service[39m Timestamp conversion for sdk:cli:start: 1549.643042 -> 1774937545847.2542 (timeOrigin: 1774937544297.611)
[90m2026-03-31T06:12:27.009Z[39m [96mINFO[39m [97m@wdio/browserstack-service[39m Connected to gRPC server at unix:/tmp/sdk-platform-d04a332b-c5fa-4173-815d-f695df66736d.sock
[90m2026-03-31T06:12:27.009Z[39m [96mINFO[39m [97m@wdio/browserstack-service[39m Initialized gRPC client with bin session id: d04a332b-c5fa-4173-815d-f695df66736d and listen address: unix:/tmp/sdk-platform-d04a332b-c5fa-4173-815d-f695df66736d.sock
[90m2026-03-31T06:12:27.009Z[39m [32mDEBUG[39m [97m@wdio/browserstack-service[39m startMain: main-process started
[90m2026-03-31T06:12:27.010Z[39m [32mDEBUG[39m [97m@wdio/browserstack-service[39m startBinSession: Calling startBinSession
[90m2026-03-31T06:12:27.010Z[39m [32mDEBUG[39m [97m@wdio/browserstack-service[39m StartBinSession with clientWorkerId: 0-96258, platformIndex: 0
[90m2026-03-31T06:12:28.510Z[39m [96mINFO[39m [97m@wdio/browserstack-service[39m StartBinSession successful
[90m2026-03-31T06:12:28.511Z[39m [32mDEBUG[39m [97m@wdio/browserstack-service[39m Is CLI running true
[90m2026-03-31T06:12:28.510Z[39m [32mDEBUG[39m [97m@wdio/browserstack-service[39m start: startBinSession response={"binSessionId":"d04a332b-c5fa-4173-815d-f695df66736d","config":"{\"userName\":\"ritika_rTsQJ4\",\"accessKey\":\"hqXzTjNs4osWcSngaqAw\",\"platforms\":[{\"platformName\":\"Android\",\"appium:deviceName\":\"Samsung Galaxy S22 Ultra\",\"appium:platformVersion\":\"12.0\",\"appium:automationName\":\"UiAutomator2\",\"appium:app\":\"bs://69a85b3f21a32e1aacc8a8f5e44530d4ec9d4f90\",\"appium:autoGrantPermissions\":true,\"wdioService\":\"9.26.1\"}],\"isNonBstackA11yWDIO\":false,\"accessibility\":false,\"testObservability\":true,\"testContextOptions\":{\"skipSessionName\":false,\"skipSessionStatus\":false,\"sessionNameOmitTestTitle\":false,\"sessionNamePrependTopLevelSuiteTitle\":false,\"sessionNameFormat\":\"\"},\"buildTag\":[],\"browserstackLocal\":false,\"browserstackAutomation\":true,\"selfHeal\":false,\"disableAutoCaptureLogs\":false,\"testhub\":true,\"additionalPlatforms\":[],\"additionalParams\":{},\"browserStackLocalOptions\":{\"key\":\"hqXzTjNs4osWcSngaqAw\",\"skipBinaryInitialisation\":false},\"testOrchestrationOptions\":{\"retryTestsOnFailure\":{},\"abortBuildOnFailure\":{}},\"apis\":{\"automate\":{\"hub\":\"https://hub.browserstack.com\",\"cdp\":\"https://cdp.browserstack.com\",\"api\":\"https://api.browserstack.com\",\"upload\":\"https://api-cloud.browserstack.com\"},\"appAutomate\":{\"hub\":\"https://hub.browserstack.com\",\"api\":\"https://api.browserstack.com\",\"upload\":\"https://api-cloud.browserstack.com\"},\"percy\":{\"api\":\"https://api.browserstack.com\"},\"turboScale\":{\"api\":\"https://grid.browserstack.com\"},\"accessibility\":{\"api\":\"https://accessibility.browserstack.com\"},\"appAccessibility\":{\"api\":\"https://app-accessibility.browserstack.com\"},\"observability\":{\"api\":\"https://collector-observability.browserstack.com\",\"upload\":\"https://upload-observability.browserstack.com\"},\"configServer\":{\"api\":\"https://sdk.browserstack.com\"},\"edsInstrumentation\":{\"api\":\"https://eds.browserstack.com\"},\"tcg\":{\"api\":\"https://tcg.browserstack.com\"}},\"hubUrl\":\"https://hub.browserstack.com/wd/hub\"}","testhub":{"jwt":"eyJhbGciOiJSUzI1NiJ9.eyJleHAiOiIxNzc0OTQ4MzQ3IiwiaXNzIjoid3d3LmJyb3dzZXJzdGFjay5jb20iLCJzdWIiOjgxOTM1MzMsInNjb3BlIjp7InByb2R1Y3QiOiJzZGsiLCJ1c2VyX2FjY2VzcyI6eyJ0ZXN0X29ic2VydmFiaWxpdHkiOjEsImF1dG9tYXRlIjoxLCJhcHBfYXV0b21hdGUiOjEsInBlcmN5IjoxLCJhcHBfcGVyY3kiOjEsImFjY2Vzc2liaWxpdHlfdGVzdGluZyI6MSwiYXBwX2FjY2Vzc2liaWxpdHlfdGVzdGluZyI6MSwiYXV0b21hdGVfdHVyYm9zY2FsZSI6MSwibG93X2NvZGVfYXV0b21hdGlvbiI6MX0sImlhYW1fcm9sZSI6InVzZXIifSwiZ3JvdXBfaWQiOjY3ODk2MTYsInRlYW1faWQiOm51bGwsInVkYWNfYWNjZXNzIjoiZ2xvYmFsIn0.tYgvvaXO-eR0uA9N38U03d89S4-COMv5I0-UW_1Kod25PM_xMvQyEZteGoIBzHVTMM85NIMAQGbgQOR-3HabhAbrHEBJL2yLL0GBSIImEYXMg0N1axGh7ETKyRDYePvKI6Hh6ygHyr5-XgJ-mB_admYBqvtbw7Y2yZOjjzfUaHqUMPYvSexRSlDYKjHKwVXoBsvGdTMc0rw-4YkbJXDc-UMxUdbDtBfgPLTRD7EIm52OykrGtxM9d_KsTdRu8Aej3T9I5U0VveDhm73EM7rUZjzV7SauDYjf29y47F0TgQKe43N0lY8LN1j9mCoToGabRoqY9WL_WDeWr4RAEvNjGg","buildHashedId":"dyoro9xsb7axiws4rl7kupmgf1pgn55gfmu618gm","testhubEvents":true,"errors":{}},"observability":{"success":true,"options":{"allowScreenshots":"true"},"errors":[],"optionsAsBytes":{"type":"Buffer","data":[123,34,97,108,108,111,119,95,115,99,114,101,101,110,115,104,111,116,115,34,58,116,114,117,101,44,34,116,101,115,116,79,98,115,101,114,118,97,98,105,108,105,116,121,79,112,116,105,111,110,115,34,58,123,125,125]}},"sessionFramework":"config/wdio.android.bs.conf.cjs"}
[90m2026-03-31T06:12:28.510Z[39m [96mINFO[39m [97m@wdio/browserstack-service[39m loadModules: binSessionId=d04a332b-c5fa-4173-815d-f695df66736d
[90m2026-03-31T06:12:28.510Z[39m [32mDEBUG[39m [97m@wdio/browserstack-service[39m loadModules: config={"userName":"ritika_rTsQJ4","accessKey":"hqXzTjNs4osWcSngaqAw","platforms":[{"platformName":"Android","appium:deviceName":"Samsung Galaxy S22 Ultra","appium:platformVersion":"12.0","appium:automationName":"UiAutomator2","appium:app":"bs://69a85b3f21a32e1aacc8a8f5e44530d4ec9d4f90","appium:autoGrantPermissions":true,"wdioService":"9.26.1"}],"isNonBstackA11yWDIO":false,"accessibility":false,"testObservability":true,"testContextOptions":{"skipSessionName":false,"skipSessionStatus":false,"sessionNameOmitTestTitle":false,"sessionNamePrependTopLevelSuiteTitle":false,"sessionNameFormat":""},"buildTag":[],"browserstackLocal":false,"browserstackAutomation":true,"selfHeal":false,"disableAutoCaptureLogs":false,"testhub":true,"additionalPlatforms":[],"additionalParams":{},"browserStackLocalOptions":{"key":"hqXzTjNs4osWcSngaqAw","skipBinaryInitialisation":false},"testOrchestrationOptions":{"retryTestsOnFailure":{},"abortBuildOnFailure":{}},"apis":{"automate":{"hub":"https://hub.browserstack.com","cdp":"https://cdp.browserstack.com","api":"https://api.browserstack.com","upload":"https://api-cloud.browserstack.com"},"appAutomate":{"hub":"https://hub.browserstack.com","api":"https://api.browserstack.com","upload":"https://api-cloud.browserstack.com"},"percy":{"api":"https://api.browserstack.com"},"turboScale":{"api":"https://grid.browserstack.com"},"accessibility":{"api":"https://accessibility.browserstack.com"},"appAccessibility":{"api":"https://app-accessibility.browserstack.com"},"observability":{"api":"https://collector-observability.browserstack.com","upload":"https://upload-observability.browserstack.com"},"configServer":{"api":"https://sdk.browserstack.com"},"edsInstrumentation":{"api":"https://eds.browserstack.com"},"tcg":{"api":"https://tcg.browserstack.com"}},"hubUrl":"https://hub.browserstack.com/wd/hub"}
[90m2026-03-31T06:12:28.510Z[39m [96mINFO[39m [97m@wdio/browserstack-service[39m AutomateModule: Initializing Automate Module
[90m2026-03-31T06:12:28.511Z[39m [32mDEBUG[39m [97m@wdio/browserstack-service[39m configureModules: Configuring modules
[90m2026-03-31T06:12:28.511Z[39m [32mDEBUG[39m [97m@wdio/browserstack-service[39m configureModules: Configuring module=WebdriverIOModule platformIndex=0
[90m2026-03-31T06:12:28.511Z[39m [32mDEBUG[39m [97m@wdio/browserstack-service[39m Configured module WebdriverIOModule with binSessionId=d04a332b-c5fa-4173-815d-f695df66736d, platformIndex=0
[90m2026-03-31T06:12:28.511Z[39m [32mDEBUG[39m [97m@wdio/browserstack-service[39m configureModules: Configuring module=AutomateModule platformIndex=0
[90m2026-03-31T06:12:28.511Z[39m [32mDEBUG[39m [97m@wdio/browserstack-service[39m Configured module AutomateModule with binSessionId=d04a332b-c5fa-4173-815d-f695df66736d, platformIndex=0
[90m2026-03-31T06:12:28.511Z[39m [32mDEBUG[39m [97m@wdio/browserstack-service[39m configureModules: Configuring module=ObservabilityModule platformIndex=0
[90m2026-03-31T06:12:28.511Z[39m [32mDEBUG[39m [97m@wdio/browserstack-service[39m Configured module ObservabilityModule with binSessionId=d04a332b-c5fa-4173-815d-f695df66736d, platformIndex=0
[90m2026-03-31T06:12:28.511Z[39m [32mDEBUG[39m [97m@wdio/browserstack-service[39m configureModules: Configuring module=TestHubModule platformIndex=0
[90m2026-03-31T06:12:28.511Z[39m [32mDEBUG[39m [97m@wdio/browserstack-service[39m Configured module TestHubModule with binSessionId=d04a332b-c5fa-4173-815d-f695df66736d, platformIndex=0
[90m2026-03-31T06:12:28.511Z[39m [33mWARN[39m [97m@wdio/browserstack-service[39m Accessibility Automation will run only on Chrome browsers.
[90m2026-03-31T06:12:28.566Z[39m [32mDEBUG[39m [97m@wdio/browserstack-service[39m Timestamp conversion for sdk:pre-test: 877.267542 -> 1774937545174.8787 (timeOrigin: 1774937544297.611)
[90m2026-03-31T06:12:28.566Z[39m [32mDEBUG[39m [97m@wdio/browserstack-service[39m Timestamp conversion for sdk:automationFrameworkInit: 877.509459 -> 1774937545175.1206 (timeOrigin: 1774937544297.611)
[90m2026-03-31T06:12:28.566Z[39m [32mDEBUG[39m [97m@wdio/browserstack-service[39m Timestamp conversion for sdk:automationFrameworkStart: 1548.743959 -> 1774937545846.355 (timeOrigin: 1774937544297.611)
[90m2026-03-31T06:12:28.566Z[39m [32mDEBUG[39m [97m@wdio/browserstack-service[39m Timestamp conversion for sdk:startBinSession: 2712.403125 -> 1774937547010.0142 (timeOrigin: 1774937544297.611)
[90m2026-03-31T06:12:28.566Z[39m [32mDEBUG[39m [97m@wdio/browserstack-service[39m Timestamp conversion for sdk:setup: 4217.67425 -> 1774937548515.2854 (timeOrigin: 1774937544297.611)
[90m2026-03-31T06:12:29.272Z[39m [96mINFO[39m [97m@wdio/browserstack-service[39m Starting as child process with session ID: d04a332b-c5fa-4173-815d-f695df66736d
[90m2026-03-31T06:12:29.273Z[39m [96mINFO[39m [97m@wdio/browserstack-service[39m Connected to gRPC server at unix:/tmp/sdk-platform-d04a332b-c5fa-4173-815d-f695df66736d.sock
[90m2026-03-31T06:12:29.273Z[39m [32mDEBUG[39m [97m@wdio/browserstack-service[39m Connecting bin session
[90m2026-03-31T06:12:29.273Z[39m [32mDEBUG[39m [97m@wdio/browserstack-service[39m ConnectBinSession with clientWorkerId: 0-96271
[90m2026-03-31T06:12:29.287Z[39m [96mINFO[39m [97m@wdio/browserstack-service[39m ConnectBinSession successful
[90m2026-03-31T06:12:29.287Z[39m [96mINFO[39m [97m@wdio/browserstack-service[39m Connected to bin session: {"binSessionId":"d04a332b-c5fa-4173-815d-f695df66736d","config":"{\"userName\":\"ritika_rTsQJ4\",\"accessKey\":\"hqXzTjNs4osWcSngaqAw\",\"platforms\":[{\"platformName\":\"Android\",\"appium:deviceName\":\"Samsung Galaxy S22 Ultra\",\"appium:platformVersion\":\"12.0\",\"appium:automationName\":\"UiAutomator2\",\"appium:app\":\"bs://69a85b3f21a32e1aacc8a8f5e44530d4ec9d4f90\",\"appium:autoGrantPermissions\":true,\"wdioService\":\"9.26.1\"}],\"isNonBstackA11yWDIO\":false,\"accessibility\":false,\"testObservability\":true,\"testContextOptions\":{\"skipSessionName\":false,\"skipSessionStatus\":false,\"sessionNameOmitTestTitle\":false,\"sessionNamePrependTopLevelSuiteTitle\":false,\"sessionNameFormat\":\"\"},\"buildTag\":[],\"browserstackLocal\":false,\"browserstackAutomation\":true,\"selfHeal\":false,\"disableAutoCaptureLogs\":false,\"testhub\":true,\"additionalPlatforms\":[],\"additionalParams\":{},\"browserStackLocalOptions\":{\"key\":\"hqXzTjNs4osWcSngaqAw\",\"skipBinaryInitialisation\":false},\"testOrchestrationOptions\":{\"retryTestsOnFailure\":{},\"abortBuildOnFailure\":{}},\"apis\":{\"automate\":{\"hub\":\"https://hub.browserstack.com\",\"cdp\":\"https://cdp.browserstack.com\",\"api\":\"https://api.browserstack.com\",\"upload\":\"https://api-cloud.browserstack.com\"},\"appAutomate\":{\"hub\":\"https://hub.browserstack.com\",\"api\":\"https://api.browserstack.com\",\"upload\":\"https://api-cloud.browserstack.com\"},\"percy\":{\"api\":\"https://api.browserstack.com\"},\"turboScale\":{\"api\":\"https://grid.browserstack.com\"},\"accessibility\":{\"api\":\"https://accessibility.browserstack.com\"},\"appAccessibility\":{\"api\":\"https://app-accessibility.browserstack.com\"},\"observability\":{\"api\":\"https://collector-observability.browserstack.com\",\"upload\":\"https://upload-observability.browserstack.com\"},\"configServer\":{\"api\":\"https://sdk.browserstack.com\"},\"edsInstrumentation\":{\"api\":\"https://eds.browserstack.com\"},\"tcg\":{\"api\":\"https://tcg.browserstack.com\"}},\"hubUrl\":\"https://hub-aps.browserstack.com/wd/hub\"}","testhub":{"jwt":"eyJhbGciOiJSUzI1NiJ9.eyJleHAiOiIxNzc0OTQ4MzQ3IiwiaXNzIjoid3d3LmJyb3dzZXJzdGFjay5jb20iLCJzdWIiOjgxOTM1MzMsInNjb3BlIjp7InByb2R1Y3QiOiJzZGsiLCJ1c2VyX2FjY2VzcyI6eyJ0ZXN0X29ic2VydmFiaWxpdHkiOjEsImF1dG9tYXRlIjoxLCJhcHBfYXV0b21hdGUiOjEsInBlcmN5IjoxLCJhcHBfcGVyY3kiOjEsImFjY2Vzc2liaWxpdHlfdGVzdGluZyI6MSwiYXBwX2FjY2Vzc2liaWxpdHlfdGVzdGluZyI6MSwiYXV0b21hdGVfdHVyYm9zY2FsZSI6MSwibG93X2NvZGVfYXV0b21hdGlvbiI6MX0sImlhYW1fcm9sZSI6InVzZXIifSwiZ3JvdXBfaWQiOjY3ODk2MTYsInRlYW1faWQiOm51bGwsInVkYWNfYWNjZXNzIjoiZ2xvYmFsIn0.tYgvvaXO-eR0uA9N38U03d89S4-COMv5I0-UW_1Kod25PM_xMvQyEZteGoIBzHVTMM85NIMAQGbgQOR-3HabhAbrHEBJL2yLL0GBSIImEYXMg0N1axGh7ETKyRDYePvKI6Hh6ygHyr5-XgJ-mB_admYBqvtbw7Y2yZOjjzfUaHqUMPYvSexRSlDYKjHKwVXoBsvGdTMc0rw-4YkbJXDc-UMxUdbDtBfgPLTRD7EIm52OykrGtxM9d_KsTdRu8Aej3T9I5U0VveDhm73EM7rUZjzV7SauDYjf29y47F0TgQKe43N0lY8LN1j9mCoToGabRoqY9WL_WDeWr4RAEvNjGg","buildHashedId":"dyoro9xsb7axiws4rl7kupmgf1pgn55gfmu618gm","testhubEvents":true,"errors":{}},"observability":{"success":true,"options":{"allowScreenshots":"true"},"errors":[]},"sessionFramework":"selenium","testOrchestration":{"retryTestsOnFailure":{"enabled":false,"maxRetries":0},"abortBuildOnFailure":{"enabled":false,"maxFailures":0}}}
[90m2026-03-31T06:12:29.287Z[39m [96mINFO[39m [97m@wdio/browserstack-service[39m loadModules: binSessionId=d04a332b-c5fa-4173-815d-f695df66736d
[90m2026-03-31T06:12:29.288Z[39m [32mDEBUG[39m [97m@wdio/browserstack-service[39m loadModules: config={"userName":"ritika_rTsQJ4","accessKey":"hqXzTjNs4osWcSngaqAw","platforms":[{"platformName":"Android","appium:deviceName":"Samsung Galaxy S22 Ultra","appium:platformVersion":"12.0","appium:automationName":"UiAutomator2","appium:app":"bs://69a85b3f21a32e1aacc8a8f5e44530d4ec9d4f90","appium:autoGrantPermissions":true,"wdioService":"9.26.1"}],"isNonBstackA11yWDIO":false,"accessibility":false,"testObservability":true,"testContextOptions":{"skipSessionName":false,"skipSessionStatus":false,"sessionNameOmitTestTitle":false,"sessionNamePrependTopLevelSuiteTitle":false,"sessionNameFormat":""},"buildTag":[],"browserstackLocal":false,"browserstackAutomation":true,"selfHeal":false,"disableAutoCaptureLogs":false,"testhub":true,"additionalPlatforms":[],"additionalParams":{},"browserStackLocalOptions":{"key":"hqXzTjNs4osWcSngaqAw","skipBinaryInitialisation":false},"testOrchestrationOptions":{"retryTestsOnFailure":{},"abortBuildOnFailure":{}},"apis":{"automate":{"hub":"https://hub.browserstack.com","cdp":"https://cdp.browserstack.com","api":"https://api.browserstack.com","upload":"https://api-cloud.browserstack.com"},"appAutomate":{"hub":"https://hub.browserstack.com","api":"https://api.browserstack.com","upload":"https://api-cloud.browserstack.com"},"percy":{"api":"https://api.browserstack.com"},"turboScale":{"api":"https://grid.browserstack.com"},"accessibility":{"api":"https://accessibility.browserstack.com"},"appAccessibility":{"api":"https://app-accessibility.browserstack.com"},"observability":{"api":"https://collector-observability.browserstack.com","upload":"https://upload-observability.browserstack.com"},"configServer":{"api":"https://sdk.browserstack.com"},"edsInstrumentation":{"api":"https://eds.browserstack.com"},"tcg":{"api":"https://tcg.browserstack.com"}},"hubUrl":"https://hub-aps.browserstack.com/wd/hub"}
[90m2026-03-31T06:12:29.288Z[39m [96mINFO[39m [97m@wdio/browserstack-service[39m AutomateModule: Initializing Automate Module
[90m2026-03-31T06:12:29.288Z[39m [32mDEBUG[39m [97m@wdio/browserstack-service[39m configureModules: Configuring modules
[90m2026-03-31T06:12:29.288Z[39m [32mDEBUG[39m [97m@wdio/browserstack-service[39m configureModules: Configuring module=WebdriverIOModule platformIndex=0
[90m2026-03-31T06:12:29.288Z[39m [32mDEBUG[39m [97m@wdio/browserstack-service[39m Configured module WebdriverIOModule with binSessionId=d04a332b-c5fa-4173-815d-f695df66736d, platformIndex=0
[90m2026-03-31T06:12:29.288Z[39m [32mDEBUG[39m [97m@wdio/browserstack-service[39m configureModules: Configuring module=AutomateModule platformIndex=0
[90m2026-03-31T06:12:29.288Z[39m [32mDEBUG[39m [97m@wdio/browserstack-service[39m Configured module AutomateModule with binSessionId=d04a332b-c5fa-4173-815d-f695df66736d, platformIndex=0
[90m2026-03-31T06:12:29.288Z[39m [32mDEBUG[39m [97m@wdio/browserstack-service[39m configureModules: Configuring module=ObservabilityModule platformIndex=0
[90m2026-03-31T06:12:29.288Z[39m [32mDEBUG[39m [97m@wdio/browserstack-service[39m Configured module ObservabilityModule with binSessionId=d04a332b-c5fa-4173-815d-f695df66736d, platformIndex=0
[90m2026-03-31T06:12:29.288Z[39m [96mINFO[39m [97m@wdio/browserstack-service[39m trackEvent: automationFrameworkState=AutomationFrameworkState.CREATE hookState=HookState.PRE
[90m2026-03-31T06:12:29.288Z[39m [96mINFO[39m [97m@wdio/browserstack-service[39m trackEvent: automationFrameworkState=AutomationFrameworkState.CREATE hookState=HookState.PRE args=[object Object]
[90m2026-03-31T06:12:29.288Z[39m [32mDEBUG[39m [97m@wdio/browserstack-service[39m configureModules: Configuring module=TestHubModule platformIndex=0
[90m2026-03-31T06:12:29.288Z[39m [32mDEBUG[39m [97m@wdio/browserstack-service[39m Configured module TestHubModule with binSessionId=d04a332b-c5fa-4173-815d-f695df66736d, platformIndex=0
[90m2026-03-31T06:12:29.288Z[39m [96mINFO[39m [97m@wdio/browserstack-service[39m resolveInstance: resolving instance for automationFrameworkState=AutomationFrameworkState.CREATE hookState=HookState.PRE
[90m2026-03-31T06:12:29.288Z[39m [32mDEBUG[39m [97m@wdio/browserstack-service[39m getTrackedInstance: 96271:0
[90m2026-03-31T06:12:29.289Z[39m [96mINFO[39m [97m@wdio/browserstack-service[39m trackWebdriverIOInstance: created instance for target=96271:0, state=AutomationFrameworkState.CREATE, args=[object Object]
[90m2026-03-31T06:12:29.289Z[39m [32mDEBUG[39m [97m@wdio/browserstack-service[39m setTrackedInstance: b2320dfdaff967b6f2f569f78e0267884e86d11053bea1a1f71935ffdcad9ace
[90m2026-03-31T06:12:29.289Z[39m [96mINFO[39m [97m@wdio/browserstack-service[39m trackWebdriverIOInstance: saved instance contextId=b2320dfdaff967b6f2f569f78e0267884e86d11053bea1a1f71935ffdcad9ace target=96271:0
[90m2026-03-31T06:12:29.289Z[39m [32mDEBUG[39m [97m@wdio/browserstack-service[39m getTrackedInstance: 96271:0
[90m2026-03-31T06:12:29.289Z[39m [96mINFO[39m [97m@wdio/browserstack-service[39m runHooks: automationFrameworkState=AutomationFrameworkState.CREATE hookState=HookState.PRE
[90m2026-03-31T06:12:29.289Z[39m [32mDEBUG[39m [97m@wdio/browserstack-service[39m onBeforeDriverCreate: driver is about to be created
[90m2026-03-31T06:12:29.289Z[39m [96mINFO[39m [97m@wdio/browserstack-service[39m Sending driverInitEvent
[90m2026-03-31T06:12:29.289Z[39m [32mDEBUG[39m [97m@wdio/browserstack-service[39m DriverInitEvent with clientWorkerId: 0-96271
[90m2026-03-31T06:12:29.290Z[39m [32mDEBUG[39m [97m@wdio/browserstack-service[39m Timestamp conversion for sdk:cli:on-bootstrap: 693.610916 -> 1774937549272.335 (timeOrigin: 1774937548578.724)
[90m2026-03-31T06:12:29.290Z[39m [32mDEBUG[39m [97m@wdio/browserstack-service[39m Timestamp conversion for sdk:connectBinSession: 693.63725 -> 1774937549272.3613 (timeOrigin: 1774937548578.724)
[90m2026-03-31T06:12:29.290Z[39m [32mDEBUG[39m [97m@wdio/browserstack-service[39m Timestamp conversion for sdk:connectBinSession: 693.63725 -> 1774937549272.3613 (timeOrigin: 1774937548578.724)
[90m2026-03-31T06:12:29.290Z[39m [32mDEBUG[39m [97m@wdio/browserstack-service[39m Timestamp conversion for sdk:findNearestHub: 709.870291 -> 1774937549288.5945 (timeOrigin: 1774937548578.724)
[90m2026-03-31T06:12:29.293Z[39m [96mINFO[39m [97m@wdio/browserstack-service[39m driverInitEvent successful
[90m2026-03-31T06:12:29.294Z[39m [32mDEBUG[39m [97m@wdio/browserstack-service[39m Device allocation tracking started - waiting for WebDriverIO to create remote session
[90m2026-03-31T06:12:29.293Z[39m [32mDEBUG[39m [97m@wdio/browserstack-service[39m getBinDriverCapabilities: got hub url https://hub-aps.browserstack.com/wd/hub
[90m2026-03-31T06:12:29.294Z[39m [32mDEBUG[39m [97m@wdio/browserstack-service[39m getTrackedInstance: 96271:0
[90m2026-03-31T06:12:29.295Z[39m [32mDEBUG[39m [97m@wdio/browserstack-service[39m Timestamp conversion for sdk:hook: 693.453666 -> 1774937549272.1777 (timeOrigin: 1774937548578.724)
[90m2026-03-31T06:12:29.295Z[39m [32mDEBUG[39m [97m@wdio/browserstack-service[39m Timestamp conversion for sdk:driverInit: 693.557666 -> 1774937549272.2817 (timeOrigin: 1774937548578.724)
[90m2026-03-31T06:12:43.074Z[39m [32mDEBUG[39m [97m@wdio/browserstack-service[39m Device allocation tracking ended - remote session created successfully
[90m2026-03-31T06:12:43.075Z[39m [96mINFO[39m [97m@wdio/browserstack-service[39m trackEvent: automationFrameworkState=AutomationFrameworkState.CREATE hookState=HookState.POST
[90m2026-03-31T06:12:43.075Z[39m [96mINFO[39m [97m@wdio/browserstack-service[39m CLI is running, tracking accessibility event for before: e1488ae54dbd9557711ab3145a8b693078498412
[90m2026-03-31T06:12:43.075Z[39m [32mDEBUG[39m [97m@wdio/browserstack-service[39m Skipping method: Console, exists: true, type: function
[90m2026-03-31T06:12:43.075Z[39m [96mINFO[39m [97m@wdio/browserstack-service[39m CLI is running, tracking insights event for before: e1488ae54dbd9557711ab3145a8b693078498412
[90m2026-03-31T06:12:43.084Z[39m [32mDEBUG[39m [97m@wdio/browserstack-service[39m Timestamp conversion for sdk:device-allocation: 715.378 -> 1774937549294.102 (timeOrigin: 1774937548578.724)
[90m2026-03-31T06:12:43.084Z[39m [32mDEBUG[39m [97m@wdio/browserstack-service[39m Timestamp conversion for sdk:hook: 14495.511375 -> 1774937563074.2356 (timeOrigin: 1774937548578.724)
[90m2026-03-31T06:12:43.085Z[39m [32mDEBUG[39m [97m@wdio/browserstack-service[39m Timestamp conversion for sdk:driver:pre-initialization: 14495.966541 -> 1774937563074.6907 (timeOrigin: 1774937548578.724)
[90m2026-03-31T06:12:43.085Z[39m [32mDEBUG[39m [97m@wdio/browserstack-service[39m Timestamp conversion for sdk:o11y:sync: 14498.153541 -> 1774937563076.8777 (timeOrigin: 1774937548578.724)
[90m2026-03-31T06:12:43.075Z[39m [96mINFO[39m [97m@wdio/browserstack-service[39m trackEvent: automationFrameworkState=AutomationFrameworkState.CREATE hookState=HookState.POST args=[object Object]
[90m2026-03-31T06:12:43.075Z[39m [96mINFO[39m [97m@wdio/browserstack-service[39m resolveInstance: resolving instance for automationFrameworkState=AutomationFrameworkState.CREATE hookState=HookState.POST
[90m2026-03-31T06:12:43.075Z[39m [32mDEBUG[39m [97m@wdio/browserstack-service[39m getTrackedInstance: 96271:0
[90m2026-03-31T06:12:43.076Z[39m [96mINFO[39m [97m@wdio/browserstack-service[39m trackWebdriverIOInstance: instance already exists
[90m2026-03-31T06:12:43.076Z[39m [32mDEBUG[39m [97m@wdio/browserstack-service[39m getTrackedInstance: 96271:0
[90m2026-03-31T06:12:43.076Z[39m [96mINFO[39m [97m@wdio/browserstack-service[39m runHooks: automationFrameworkState=AutomationFrameworkState.CREATE hookState=HookState.POST
[90m2026-03-31T06:12:43.076Z[39m [32mDEBUG[39m [97m@wdio/browserstack-service[39m onDriverCreated: Called
[90m2026-03-31T06:12:43.076Z[39m [32mDEBUG[39m [97m@wdio/browserstack-service[39m onDriverCreated: Driver session ID: e1488ae54dbd9557711ab3145a8b693078498412
[90m2026-03-31T06:12:43.076Z[39m [32mDEBUG[39m [97m@wdio/browserstack-service[39m onDriverCreated: Driver capabilities: {"platform":"LINUX","webStorageEnabled":false,"takesScreenshot":true,"javascriptEnabled":true,"databaseEnabled":false,"networkConnectionEnabled":true,"locationContextEnabled":false,"warnings":{},"desired":{"platformName":"Android","bstack:options":{"hostName":"IN-GH3FQF9W77.local"},"goog:chromeOptions":{},"newCommandTimeout":0,"deviceName":"Android","chromedriverPorts":[[18122,18132]],"automationName":"UiAutomator2","systemPort":8202,"bundleID":"com.socialnmobile.dictapps.notepad.color.note","bundleId":"com.socialnmobile.dictapps.notepad.color.note","skipServerInstallation":true,"udid":"R5CT31AHHQX","appPackage":"com.socialnmobile.dictapps.notepad.color.note","appActivity":"com.socialnmobile.colornote.activity.Main","nativeWebScreenshot":true,"disableSuppressAccessibilityService":true,"autoGrantPermissions":true},"platformName":"Android","bstack:options":{"hostName":"IN-GH3FQF9W77.local"},"goog:chromeOptions":{},"newCommandTimeout":0,"deviceName":"R5CT31AHHQX","chromedriverPorts":[[18122,18132]],"automationName":"UiAutomator2","systemPort":8202,"bundleID":"com.socialnmobile.dictapps.notepad.color.note","bundleId":"com.socialnmobile.dictapps.notepad.color.note","skipServerInstallation":true,"udid":"R5CT31AHHQX","appPackage":"com.socialnmobile.dictapps.notepad.color.note","appActivity":"com.socialnmobile.colornote.activity.Main","nativeWebScreenshot":true,"disableSuppressAccessibilityService":true,"autoGrantPermissions":true,"deviceUDID":"R5CT31AHHQX","deviceApiLevel":31,"platformVersion":"12","deviceScreenSize":"1080x2316","deviceScreenDensity":450,"deviceModel":"SM-S908E","deviceManufacturer":"samsung","pixelRatio":2.8125,"statBarHeight":75,"viewportRect":{"left":0,"top":75,"width":1080,"height":2031}}
[90m2026-03-31T06:12:43.076Z[39m [32mDEBUG[39m [97m@wdio/browserstack-service[39m onDriverCreated: Is BrowserStack hub: true
[90m2026-03-31T06:12:43.076Z[39m [96mINFO[39m [97m@wdio/browserstack-service[39m onDriverCreated: Successfully processed driver creation for session: e1488ae54dbd9557711ab3145a8b693078498412
[90m2026-03-31T06:12:43.077Z[39m [96mINFO[39m [97m@wdio/browserstack-service[39m onBeforeTest: Observability sync done
[90m2026-03-31T06:12:43.087Z[39m [32mDEBUG[39m [97m@wdio/browserstack-service[39m Timestamp conversion for sdk:hook: 14508.131958 -> 1774937563086.856 (timeOrigin: 1774937548578.724)
[90m2026-03-31T06:12:43.088Z[39m [32mDEBUG[39m [97m@wdio/browserstack-service[39m Driver capabilities used for integration object: {"platform":"LINUX","webStorageEnabled":false,"takesScreenshot":true,"javascriptEnabled":true,"databaseEnabled":false,"networkConnectionEnabled":true,"locationContextEnabled":false,"warnings":{},"desired":{"platformName":"Android","bstack:options":{"hostName":"IN-GH3FQF9W77.local"},"goog:chromeOptions":{},"newCommandTimeout":0,"deviceName":"Android","chromedriverPorts":[[18122,18132]],"automationName":"UiAutomator2","systemPort":8202,"bundleID":"com.socialnmobile.dictapps.notepad.color.note","bundleId":"com.socialnmobile.dictapps.notepad.color.note","skipServerInstallation":true,"udid":"R5CT31AHHQX","appPackage":"com.socialnmobile.dictapps.notepad.color.note","appActivity":"com.socialnmobile.colornote.activity.Main","nativeWebScreenshot":true,"disableSuppressAccessibilityService":true,"autoGrantPermissions":true},"platformName":"Android","bstack:options":{"hostName":"IN-GH3FQF9W77.local"},"goog:chromeOptions":{},"newCommandTimeout":0,"deviceName":"R5CT31AHHQX","chromedriverPorts":[[18122,18132]],"automationName":"UiAutomator2","systemPort":8202,"bundleID":"com.socialnmobile.dictapps.notepad.color.note","bundleId":"com.socialnmobile.dictapps.notepad.color.note","skipServerInstallation":true,"udid":"R5CT31AHHQX","appPackage":"com.socialnmobile.dictapps.notepad.color.note","appActivity":"com.socialnmobile.colornote.activity.Main","nativeWebScreenshot":true,"disableSuppressAccessibilityService":true,"autoGrantPermissions":true,"deviceUDID":"R5CT31AHHQX","deviceApiLevel":31,"platformVersion":"12","deviceScreenSize":"1080x2316","deviceScreenDensity":450,"deviceModel":"SM-S908E","deviceManufacturer":"samsung","pixelRatio":2.8125,"statBarHeight":75,"viewportRect":{"left":0,"top":75,"width":1080,"height":2031}}
[90m2026-03-31T06:12:43.088Z[39m [32mDEBUG[39m [97m@wdio/browserstack-service[39m User capabilities used for integration object: {"platformName":"Android","appium:deviceName":"Samsung Galaxy S22 Ultra","appium:platformVersion":"12.0","appium:automationName":"UiAutomator2","appium:app":"bs://69a85b3f21a32e1aacc8a8f5e44530d4ec9d4f90","appium:autoGrantPermissions":true,"bstack:options":{"userName":"ritika_rTsQJ4","accessKey":"hqXzTjNs4osWcSngaqAw","platformName":"Android","wdioService":"9.26.1","hostName":"IN-GH3FQF9W77.local","browserstackSDK":"WebdriverIO-mocha-ECMAScriptagent/9.26.1","buildProductMap":{"observability":true,"accessibility":false,"percy":false,"automate":true,"app_automate":false,"turboscale":false,"central_scanner":false,"lts":false},"deviceName":"Samsung Galaxy S22 Ultra","platformVersion":"12.0","useW3C":true,"accessibilityOptions":{},"browserstackAutomation":true,"testhubBuildUuid":"dyoro9xsb7axiws4rl7kupmgf1pgn55gfmu618gm"}}
[90m2026-03-31T06:12:43.088Z[39m [32mDEBUG[39m [97m@wdio/browserstack-service[39m Got platformVersion from driver caps
[90m2026-03-31T06:12:43.089Z[39m [32mDEBUG[39m [97m@wdio/browserstack-service[39m Added data to request queue. Queue length = 1
[90m2026-03-31T06:12:43.093Z[39m [32mDEBUG[39m [97m@wdio/browserstack-service[39m Timestamp conversion for sdk:hook: 14509.40825 -> 1774937563088.1323 (timeOrigin: 1774937548578.724)
[90m2026-03-31T06:12:45.090Z[39m [32mDEBUG[39m [97m@wdio/browserstack-service[39m Sending data from request queue. Data length = 1, Queue length after removal = 0
[90m2026-03-31T06:12:45.090Z[39m [32mDEBUG[39m [97m@wdio/browserstack-service[39m calling callback with kind INTERVAL_QUEUE
[90m2026-03-31T06:12:45.090Z[39m [32mDEBUG[39m [97m@wdio/browserstack-service[39m callback: called with events 1
[90m2026-03-31T06:12:47.175Z[39m [32mDEBUG[39m [97m@wdio/browserstack-service[39m [BATCH_DATA] EXCEPTION IN BATCH_DATA REQUEST TO TEST REPORTING AND ANALYTICS : SyntaxError: Unexpected end of JSON input
[90m2026-03-31T06:12:47.175Z[39m [32mDEBUG[39m [97m@wdio/browserstack-service[39m callback: marking events failed 1
[90m2026-03-31T06:12:52.920Z[39m [32mDEBUG[39m [97m@wdio/browserstack-service[39m Driver capabilities used for integration object: {"platform":"LINUX","webStorageEnabled":false,"takesScreenshot":true,"javascriptEnabled":true,"databaseEnabled":false,"networkConnectionEnabled":true,"locationContextEnabled":false,"warnings":{},"desired":{"platformName":"Android","bstack:options":{"hostName":"IN-GH3FQF9W77.local"},"goog:chromeOptions":{},"newCommandTimeout":0,"deviceName":"Android","chromedriverPorts":[[18122,18132]],"automationName":"UiAutomator2","systemPort":8202,"bundleID":"com.socialnmobile.dictapps.notepad.color.note","bundleId":"com.socialnmobile.dictapps.notepad.color.note","skipServerInstallation":true,"udid":"R5CT31AHHQX","appPackage":"com.socialnmobile.dictapps.notepad.color.note","appActivity":"com.socialnmobile.colornote.activity.Main","nativeWebScreenshot":true,"disableSuppressAccessibilityService":true,"autoGrantPermissions":true},"platformName":"Android","bstack:options":{"hostName":"IN-GH3FQF9W77.local"},"goog:chromeOptions":{},"newCommandTimeout":0,"deviceName":"R5CT31AHHQX","chromedriverPorts":[[18122,18132]],"automationName":"UiAutomator2","systemPort":8202,"bundleID":"com.socialnmobile.dictapps.notepad.color.note","bundleId":"com.socialnmobile.dictapps.notepad.color.note","skipServerInstallation":true,"udid":"R5CT31AHHQX","appPackage":"com.socialnmobile.dictapps.notepad.color.note","appActivity":"com.socialnmobile.colornote.activity.Main","nativeWebScreenshot":true,"disableSuppressAccessibilityService":true,"autoGrantPermissions":true,"deviceUDID":"R5CT31AHHQX","deviceApiLevel":31,"platformVersion":"12","deviceScreenSize":"1080x2316","deviceScreenDensity":450,"deviceModel":"SM-S908E","deviceManufacturer":"samsung","pixelRatio":2.8125,"statBarHeight":75,"viewportRect":{"left":0,"top":75,"width":1080,"height":2031}}
[90m2026-03-31T06:12:52.920Z[39m [32mDEBUG[39m [97m@wdio/browserstack-service[39m User capabilities used for integration object: {"platformName":"Android","appium:deviceName":"Samsung Galaxy S22 Ultra","appium:platformVersion":"12.0","appium:automationName":"UiAutomator2","appium:app":"bs://69a85b3f21a32e1aacc8a8f5e44530d4ec9d4f90","appium:autoGrantPermissions":true,"bstack:options":{"userName":"ritika_rTsQJ4","accessKey":"hqXzTjNs4osWcSngaqAw","platformName":"Android","wdioService":"9.26.1","hostName":"IN-GH3FQF9W77.local","browserstackSDK":"WebdriverIO-mocha-ECMAScriptagent/9.26.1","buildProductMap":{"observability":true,"accessibility":false,"percy":false,"automate":true,"app_automate":false,"turboscale":false,"central_scanner":false,"lts":false},"deviceName":"Samsung Galaxy S22 Ultra","platformVersion":"12.0","useW3C":true,"accessibilityOptions":{},"browserstackAutomation":true,"testhubBuildUuid":"dyoro9xsb7axiws4rl7kupmgf1pgn55gfmu618gm"}}
[90m2026-03-31T06:12:52.920Z[39m [32mDEBUG[39m [97m@wdio/browserstack-service[39m Got platformVersion from driver caps
[90m2026-03-31T06:12:52.920Z[39m [32mDEBUG[39m [97m@wdio/browserstack-service[39m Added data to request queue. Queue length = 1
[90m2026-03-31T06:12:52.921Z[39m [32mDEBUG[39m [97m@wdio/browserstack-service[39m Timestamp conversion for sdk:hook: 24341.417291 -> 1774937572920.1414 (timeOrigin: 1774937548578.724)
[90m2026-03-31T06:12:52.922Z[39m [96mINFO[39m [97m@wdio/browserstack-service[39m trackEvent: testFrameworkState=TestFrameworkState.INIT_TEST hookState=HookState.PRE
[90m2026-03-31T06:12:52.922Z[39m [96mINFO[39m [97m@wdio/browserstack-service[39m trackEvent: testFrameworkState=TestFrameworkState.INIT_TEST; hookState=HookState.PRE; args=[object Object]
[90m2026-03-31T06:12:52.923Z[39m [96mINFO[39m [97m@wdio/browserstack-service[39m resolveInstance: resolving instance for testFrameworkState=TestFrameworkState.INIT_TEST hookState=HookState.PRE
[90m2026-03-31T06:12:52.923Z[39m [96mINFO[39m [97m@wdio/browserstack-service[39m trackWdioMochaInstance: created instance for target=96271:0, state=TestFrameworkState.INIT_TEST, args=[object Object]
[90m2026-03-31T06:12:52.953Z[39m [96mINFO[39m [97m@wdio/browserstack-service[39m trackWdioMochaInstance: saved instance contextId=b2320dfdaff967b6f2f569f78e0267884e86d11053bea1a1f71935ffdcad9ace target=96271:0
[90m2026-03-31T06:12:52.954Z[39m [96mINFO[39m [97m@wdio/browserstack-service[39m Hook Started in PRE key = TestFrameworkState.INIT_TEST & hook = {"key":"TestFrameworkState.INIT_TEST","hook_id":"","hook_result":"pending","event_started_at":"2026-03-31T06:12:52.954Z","hook_logs":[],"hook_name":"Delete the note","test_location":"test/specs/Real_Android_App/Android_Real_App_Delete.js"}
[90m2026-03-31T06:12:52.954Z[39m [96mINFO[39m [97m@wdio/browserstack-service[39m trackHookEvents: hook state=TestFrameworkState.INIT_TEST.HookState.PRE, hooks started={}, hooks finished={}
[90m2026-03-31T06:12:52.954Z[39m [32mDEBUG[39m [97m@wdio/browserstack-service[39m trackEvent: tracked instance data={"test_framework_name":"WebdriverIO-mocha","test_framework_version":"9.26.1","test_logs":[],"test_hooks_finished":{},"test_hooks_started":{},"test_uuid":"bc26a29e-c43d-4fbf-b251-86291493dad0","test_result":"pending","test_hook_last_started":"TestFrameworkState.INIT_TEST"}
[90m2026-03-31T06:12:52.954Z[39m [96mINFO[39m [97m@wdio/browserstack-service[39m runHooks: instance=[object Object] automationFrameworkState=TestFrameworkState.INIT_TEST hookState=HookState.PRE
[90m2026-03-31T06:12:52.954Z[39m [32mDEBUG[39m [97m@wdio/browserstack-service[39m onAllTestEvents: Called after all test events from cli configured module!!!
[90m2026-03-31T06:12:52.954Z[39m [96mINFO[39m [97m@wdio/browserstack-service[39m trackEvent: testFrameworkState=TestFrameworkState.TEST hookState=HookState.PRE
[90m2026-03-31T06:12:52.954Z[39m [96mINFO[39m [97m@wdio/browserstack-service[39m trackEvent: testFrameworkState=TestFrameworkState.TEST; hookState=HookState.PRE; args=[object Object]
[90m2026-03-31T06:12:52.954Z[39m [96mINFO[39m [97m@wdio/browserstack-service[39m resolveInstance: resolving instance for testFrameworkState=TestFrameworkState.TEST hookState=HookState.PRE
[90m2026-03-31T06:12:52.954Z[39m [96mINFO[39m [97m@wdio/browserstack-service[39m trackEvent: instanceData={"test_framework_name":"WebdriverIO-mocha","test_framework_version":"9.26.1","test_logs":[],"test_hooks_finished":{},"test_hooks_started":{},"test_uuid":"bc26a29e-c43d-4fbf-b251-86291493dad0","test_result":"pending","test_hook_last_started":"TestFrameworkState.INIT_TEST"}
[90m2026-03-31T06:12:52.954Z[39m [96mINFO[39m [97m@wdio/browserstack-service[39m Hook Started in PRE key = TestFrameworkState.TEST & hook = {"key":"TestFrameworkState.TEST","hook_id":"","hook_result":"pending","event_started_at":"2026-03-31T06:12:52.954Z","hook_logs":[],"hook_name":"Delete the note","test_location":"test/specs/Real_Android_App/Android_Real_App_Delete.js"}
[90m2026-03-31T06:12:52.954Z[39m [96mINFO[39m [97m@wdio/browserstack-service[39m trackHookEvents: hook state=TestFrameworkState.TEST.HookState.PRE, hooks started={}, hooks finished={}
[90m2026-03-31T06:12:52.954Z[39m [32mDEBUG[39m [97m@wdio/browserstack-service[39m trackEvent: tracked instance data={"test_framework_name":"WebdriverIO-mocha","test_framework_version":"9.26.1","test_logs":[],"test_hooks_finished":{},"test_hooks_started":{},"test_uuid":"bc26a29e-c43d-4fbf-b251-86291493dad0","test_result":"pending","test_hook_last_started":"TestFrameworkState.TEST","test_id":"Notes - Delete the note","test_name":"Delete the note","test_code":"async()=>{const noteTitle=await import_add_notes.default.noteTitle.getText();await import_add_notes.default.noteTitle.click();await import_add_notes.default.moreButton.click();await import_add_notes.default.deleteIcon.click();await driver.acceptAlert();await import_add_notes.default.navIcon.click();await import_add_notes.default.trashCanIcon.click();const deletedNoteTitle=await import_add_notes.default.noteTitle.getText();await expect(deletedNoteTitle).toEqual(noteTitle)}","test_location":"test/specs/Real_Android_App/Android_Real_App_Delete.js","test_scope":"Notes - Delete the note","test_scopes":["Notes"],"test_started_at":"2026-03-31T06:12:52.954Z"}
[90m2026-03-31T06:12:52.954Z[39m [96mINFO[39m [97m@wdio/browserstack-service[39m runHooks: instance=[object Object] automationFrameworkState=TestFrameworkState.TEST hookState=HookState.PRE
[90m2026-03-31T06:12:52.954Z[39m [96mINFO[39m [97m@wdio/browserstack-service[39m onbeforeTest: inside automate module before test hook!
[90m2026-03-31T06:12:52.954Z[39m [32mDEBUG[39m [97m@wdio/browserstack-service[39m getTrackedInstance: 96271:0
[90m2026-03-31T06:12:52.954Z[39m [32mDEBUG[39m [97m@wdio/browserstack-service[39m onBeforeTest: Called after test hook from cli configured module!!!
[90m2026-03-31T06:12:52.954Z[39m [32mDEBUG[39m [97m@wdio/browserstack-service[39m getTrackedInstance: 96271:0
[90m2026-03-31T06:12:52.954Z[39m [32mDEBUG[39m [97m@wdio/browserstack-service[39m sendTestSessionEvent: Called
[90m2026-03-31T06:12:52.954Z[39m [32mDEBUG[39m [97m@wdio/browserstack-service[39m sendTestSessionEvent: setup
[90m2026-03-31T06:12:52.954Z[39m [32mDEBUG[39m [97m@wdio/browserstack-service[39m sendTestSessionEvent: instance iteration [{"frameworkName":"WebdriverIO","frameworkVersion":{"WebdriverIO":"9.26.1"},"state":{"value":1}}]
[90m2026-03-31T06:12:52.954Z[39m [32mDEBUG[39m [97m@wdio/browserstack-service[39m sendTestSessionEvent: automationSession: {"provider":"browserstack","ref":"b2320dfdaff967b6f2f569f78e0267884e86d11053bea1a1f71935ffdcad9ace","hubUrl":"https://hub-aps.browserstack.com/wd/hub","frameworkSessionId":"e1488ae54dbd9557711ab3145a8b693078498412","frameworkName":"WebdriverIO","frameworkVersion":{"WebdriverIO":"9.26.1"}}
[90m2026-03-31T06:12:52.955Z[39m [32mDEBUG[39m [97m@wdio/browserstack-service[39m sendTestSessionEvent payload: {"testFrameworkName":"WebdriverIO-mocha","testFrameworkVersion":"9.26.1","testFrameworkState":"TEST","testHookState":"PRE","testUuid":"bc26a29e-c43d-4fbf-b251-86291493dad0","executionContext":{"threadId":"0","processId":"96271"},"automationSessions":[{"provider":"browserstack","ref":"b2320dfdaff967b6f2f569f78e0267884e86d11053bea1a1f71935ffdcad9ace","hubUrl":"https://hub-aps.browserstack.com/wd/hub","frameworkSessionId":"e1488ae54dbd9557711ab3145a8b693078498412","frameworkName":"WebdriverIO","frameworkVersion":{"WebdriverIO":"9.26.1"}}],"platformIndex":0,"capabilities":{"0":123,"1":34,"2":112,"3":108,"4":97,"5":116,"6":102,"7":111,"8":114,"9":109,"10":34,"11":58,"12":34,"13":76,"14":73,"15":78,"16":85,"17":88,"18":34,"19":44,"20":34,"21":119,"22":101,"23":98,"24":83,"25":116,"26":111,"27":114,"28":97,"29":103,"30":101,"31":69,"32":110,"33":97,"34":98,"35":108,"36":101,"37":100,"38":34,"39":58,"40":102,"41":97,"42":108,"43":115,"44":101,"45":44,"46":34,"47":116,"48":97,"49":107,"50":101,"51":115,"52":83,"53":99,"54":114,"55":101,"56":101,"57":110,"58":115,"59":104,"60":111,"61":116,"62":34,"63":58,"64":116,"65":114,"66":117,"67":101,"68":44,"69":34,"70":106,"71":97,"72":118,"73":97,"74":115,"75":99,"76":114,"77":105,"78":112,"79":116,"80":69,"81":110,"82":97,"83":98,"84":108,"85":101,"86":100,"87":34,"88":58,"89":116,"90":114,"91":117,"92":101,"93":44,"94":34,"95":100,"96":97,"97":116,"98":97,"99":98,"100":97,"101":115,"102":101,"103":69,"104":110,"105":97,"106":98,"107":108,"108":101,"109":100,"110":34,"111":58,"112":102,"113":97,"114":108,"115":115,"116":101,"117":44,"118":34,"119":110,"120":101,"121":116,"122":119,"123":111,"124":114,"125":107,"126":67,"127":111,"128":110,"129":110,"130":101,"131":99,"132":116,"133":105,"134":111,"135":110,"136":69,"137":110,"138":97,"139":98,"140":108,"141":101,"142":100,"143":34,"144":58,"145":116,"146":114,"147":117,"148":101,"149":44,"150":34,"151":108,"152":111,"153":99,"154":97,"155":116,"156":105,"157":111,"158":110,"159":67,"160":111,"161":110,"162":116,"163":101,"164":120,"165":116,"166":69,"167":110,"168":97,"169":98,"170":108,"171":101,"172":100,"173":34,"174":58,"175":102,"176":97,"177":108,"178":115,"179":101,"180":44,"181":34,"182":119,"183":97,"184":114,"185":110,"186":105,"187":110,"188":103,"189":115,"190":34,"191":58,"192":123,"193":125,"194":44,"195":34,"196":100,"197":101,"198":115,"199":105,"200":114,"201":101,"202":100,"203":34,"204":58,"205":123,"206":34,"207":112,"208":108,"209":97,"210":116,"211":102,"212":111,"213":114,"214":109,"215":78,"216":97,"217":109,"218":101,"219":34,"220":58,"221":34,"222":65,"223":110,"224":100,"225":114,"226":111,"227":105,"228":100,"229":34,"230":44,"231":34,"232":98,"233":115,"234":116,"235":97,"236":99,"237":107,"238":58,"239":111,"240":112,"241":116,"242":105,"243":111,"244":110,"245":115,"246":34,"247":58,"248":123,"249":34,"250":104,"251":111,"252":115,"253":116,"254":78,"255":97,"256":109,"257":101,"258":34,"259":58,"260":34,"261":73,"262":78,"263":45,"264":71,"265":72,"266":51,"267":70,"268":81,"269":70,"270":57,"271":87,"272":55,"273":55,"274":46,"275":108,"276":111,"277":99,"278":97,"279":108,"280":34,"281":125,"282":44,"283":34,"284":103,"285":111,"286":111,"287":103,"288":58,"289":99,"290":104,"291":114,"292":111,"293":109,"294":101,"295":79,"296":112,"297":116,"298":105,"299":111,"300":110,"301":115,"302":34,"303":58,"304":123,"305":125,"306":44,"307":34,"308":110,"309":101,"310":119,"311":67,"312":111,"313":109,"314":109,"315":97,"316":110,"317":100,"318":84,"319":105,"320":109,"321":101,"322":111,"323":117,"324":116,"325":34,"326":58,"327":48,"328":44,"329":34,"330":100,"331":101,"332":118,"333":105,"334":99,"335":101,"336":78,"337":97,"338":109,"339":101,"340":34,"341":58,"342":34,"343":65,"344":110,"345":100,"346":114,"347":111,"348":105,"349":100,"350":34,"351":44,"352":34,"353":99,"354":104,"355":114,"356":111,"357":109,"358":101,"359":100,"360":114,"361":105,"362":118,"363":101,"364":114,"365":80,"366":111,"367":114,"368":116,"369":115,"370":34,"371":58,"372":91,"373":91,"374":49,"375":56,"376":49,"377":50,"378":50,"379":44,"380":49,"381":56,"382":49,"383":51,"384":50,"385":93,"386":93,"387":44,"388":34,"389":97,"390":117,"391":116,"392":111,"393":109,"394":97,"395":116,"396":105,"397":111,"398":110,"399":78,"400":97,"401":109,"402":101,"403":34,"404":58,"405":34,"406":85,"407":105,"408":65,"409":117,"410":116,"411":111,"412":109,"413":97,"414":116,"415":111,"416":114,"417":50,"418":34,"419":44,"420":34,"421":115,"422":121,"423":115,"424":116,"425":101,"426":109,"427":80,"428":111,"429":114,"430":116,"431":34,"432":58,"433":56,"434":50,"435":48,"436":50,"437":44,"438":34,"439":98,"440":117,"441":110,"442":100,"443":108,"444":101,"445":73,"446":68,"447":34,"448":58,"449":34,"450":99,"451":111,"452":109,"453":46,"454":115,"455":111,"456":99,"457":105,"458":97,"459":108,"460":110,"461":109,"462":111,"463":98,"464":105,"465":108,"466":101,"467":46,"468":100,"469":105,"470":99,"471":116,"472":97,"473":112,"474":112,"475":115,"476":46,"477":110,"478":111,"479":116,"480":101,"481":112,"482":97,"483":100,"484":46,"485":99,"486":111,"487":108,"488":111,"489":114,"490":46,"491":110,"492":111,"493":116,"494":101,"495":34,"496":44,"497":34,"498":98,"499":117,"500":110,"501":100,"502":108,"503":101,"504":73,"505":100,"506":34,"507":58,"508":34,"509":99,"510":111,"511":109,"512":46,"513":115,"514":111,"515":99,"516":105,"517":97,"518":108,"519":110,"520":109,"521":111,"522":98,"523":105,"524":108,"525":101,"526":46,"527":100,"528":105,"529":99,"530":116,"531":97,"532":112,"533":112,"534":115,"535":46,"536":110,"537":111,"538":116,"539":101,"540":112,"541":97,"542":100,"543":46,"544":99,"545":111,"546":108,"547":111,"548":114,"549":46,"550":110,"551":111,"552":116,"553":101,"554":34,"555":44,"556":34,"557":115,"558":107,"559":105,"560":112,"561":83,"562":101,"563":114,"564":118,"565":101,"566":114,"567":73,"568":110,"569":115,"570":116,"571":97,"572":108,"573":108,"574":97,"575":116,"576":105,"577":111,"578":110,"579":34,"580":58,"581":116,"582":114,"583":117,"584":101,"585":44,"586":34,"587":117,"588":100,"589":105,"590":100,"591":34,"592":58,"593":34,"594":82,"595":53,"596":67,"597":84,"598":51,"599":49,"600":65,"601":72,"602":72,"603":81,"604":88,"605":34,"606":44,"607":34,"608":97,"609":112,"610":112,"611":80,"612":97,"613":99,"614":107,"615":97,"616":103,"617":101,"618":34,"619":58,"620":34,"621":99,"622":111,"623":109,"624":46,"625":115,"626":111,"627":99,"628":105,"629":97,"630":108,"631":110,"632":109,"633":111,"634":98,"635":105,"636":108,"637":101,"638":46,"639":100,"640":105,"641":99,"642":116,"643":97,"644":112,"645":112,"646":115,"647":46,"648":110,"649":111,"650":116,"651":101,"652":112,"653":97,"654":100,"655":46,"656":99,"657":111,"658":108,"659":111,"660":114,"661":46,"662":110,"663":111,"664":116,"665":101,"666":34,"667":44,"668":34,"669":97,"670":112,"671":112,"672":65,"673":99,"674":116,"675":105,"676":118,"677":105,"678":116,"679":121,"680":34,"681":58,"682":34,"683":99,"684":111,"685":109,"686":46,"687":115,"688":111,"689":99,"690":105,"691":97,"692":108,"693":110,"694":109,"695":111,"696":98,"697":105,"698":108,"699":101,"700":46,"701":99,"702":111,"703":108,"704":111,"705":114,"706":110,"707":111,"708":116,"709":101,"710":46,"711":97,"712":99,"713":116,"714":105,"715":118,"716":105,"717":116,"718":121,"719":46,"720":77,"721":97,"722":105,"723":110,"724":34,"725":44,"726":34,"727":110,"728":97,"729":116,"730":105,"731":118,"732":101,"733":87,"734":101,"735":98,"736":83,"737":99,"738":114,"739":101,"740":101,"741":110,"742":115,"743":104,"744":111,"745":116,"746":34,"747":58,"748":116,"749":114,"750":117,"751":101,"752":44,"753":34,"754":100,"755":105,"756":115,"757":97,"758":98,"759":108,"760":101,"761":83,"762":117,"763":112,"764":112,"765":114,"766":101,"767":115,"768":115,"769":65,"770":99,"771":99,"772":101,"773":115,"774":115,"775":105,"776":98,"777":105,"778":108,"779":105,"780":116,"781":121,"782":83,"783":101,"784":114,"785":118,"786":105,"787":99,"788":101,"789":34,"790":58,"791":116,"792":114,"793":117,"794":101,"795":44,"796":34,"797":97,"798":117,"799":116,"800":111,"801":71,"802":114,"803":97,"804":110,"805":116,"806":80,"807":101,"808":114,"809":109,"810":105,"811":115,"812":115,"813":105,"814":111,"815":110,"816":115,"817":34,"818":58,"819":116,"820":114,"821":117,"822":101,"823":125,"824":44,"825":34,"826":112,"827":108,"828":97,"829":116,"830":102,"831":111,"832":114,"833":109,"834":78,"835":97,"836":109,"837":101,"838":34,"839":58,"840":34,"841":65,"842":110,"843":100,"844":114,"845":111,"846":105,"847":100,"848":34,"849":44,"850":34,"851":98,"852":115,"853":116,"854":97,"855":99,"856":107,"857":58,"858":111,"859":112,"860":116,"861":105,"862":111,"863":110,"864":115,"865":34,"866":58,"867":123,"868":34,"869":104,"870":111,"871":115,"872":116,"873":78,"874":97,"875":109,"876":101,"877":34,"878":58,"879":34,"880":73,"881":78,"882":45,"883":71,"884":72,"885":51,"886":70,"887":81,"888":70,"889":57,"890":87,"891":55,"892":55,"893":46,"894":108,"895":111,"896":99,"897":97,"898":108,"899":34,"900":125,"901":44,"902":34,"903":103,"904":111,"905":111,"906":103,"907":58,"908":99,"909":104,"910":114,"911":111,"912":109,"913":101,"914":79,"915":112,"916":116,"917":105,"918":111,"919":110,"920":115,"921":34,"922":58,"923":123,"924":125,"925":44,"926":34,"927":110,"928":101,"929":119,"930":67,"931":111,"932":109,"933":109,"934":97,"935":110,"936":100,"937":84,"938":105,"939":109,"940":101,"941":111,"942":117,"943":116,"944":34,"945":58,"946":48,"947":44,"948":34,"949":100,"950":101,"951":118,"952":105,"953":99,"954":101,"955":78,"956":97,"957":109,"958":101,"959":34,"960":58,"961":34,"962":82,"963":53,"964":67,"965":84,"966":51,"967":49,"968":65,"969":72,"970":72,"971":81,"972":88,"973":34,"974":44,"975":34,"976":99,"977":104,"978":114,"979":111,"980":109,"981":101,"982":100,"983":114,"984":105,"985":118,"986":101,"987":114,"988":80,"989":111,"990":114,"991":116,"992":115,"993":34,"994":58,"995":91,"996":91,"997":49,"998":56,"999":49,"1000":50,"1001":50,"1002":44,"1003":49,"1004":56,"1005":49,"1006":51,"1007":50,"1008":93,"1009":93,"1010":44,"1011":34,"1012":97,"1013":117,"1014":116,"1015":111,"1016":109,"1017":97,"1018":116,"1019":105,"1020":111,"1021":110,"1022":78,"1023":97,"1024":109,"1025":101,"1026":34,"1027":58,"1028":34,"1029":85,"1030":105,"1031":65,"1032":117,"1033":116,"1034":111,"1035":109,"1036":97,"1037":116,"1038":111,"1039":114,"1040":50,"1041":34,"1042":44,"1043":34,"1044":115,"1045":121,"1046":115,"1047":116,"1048":101,"1049":109,"1050":80,"1051":111,"1052":114,"1053":116,"1054":34,"1055":58,"1056":56,"1057":50,"1058":48,"1059":50,"1060":44,"1061":34,"1062":98,"1063":117,"1064":110,"1065":100,"1066":108,"1067":101,"1068":73,"1069":68,"1070":34,"1071":58,"1072":34,"1073":99,"1074":111,"1075":109,"1076":46,"1077":115,"1078":111,"1079":99,"1080":105,"1081":97,"1082":108,"1083":110,"1084":109,"1085":111,"1086":98,"1087":105,"1088":108,"1089":101,"1090":46,"1091":100,"1092":105,"1093":99,"1094":116,"1095":97,"1096":112,"1097":112,"1098":115,"1099":46,"1100":110,"1101":111,"1102":116,"1103":101,"1104":112,"1105":97,"1106":100,"1107":46,"1108":99,"1109":111,"1110":108,"1111":111,"1112":114,"1113":46,"1114":110,"1115":111,"1116":116,"1117":101,"1118":34,"1119":44,"1120":34,"1121":98,"1122":117,"1123":110,"1124":100,"1125":108,"1126":101,"1127":73,"1128":100,"1129":34,"1130":58,"1131":34,"1132":99,"1133":111,"1134":109,"1135":46,"1136":115,"1137":111,"1138":99,"1139":105,"1140":97,"1141":108,"1142":110,"1143":109,"1144":111,"1145":98,"1146":105,"1147":108,"1148":101,"1149":46,"1150":100,"1151":105,"1152":99,"1153":116,"1154":97,"1155":112,"1156":112,"1157":115,"1158":46,"1159":110,"1160":111,"1161":116,"1162":101,"1163":112,"1164":97,"1165":100,"1166":46,"1167":99,"1168":111,"1169":108,"1170":111,"1171":114,"1172":46,"1173":110,"1174":111,"1175":116,"1176":101,"1177":34,"1178":44,"1179":34,"1180":115,"1181":107,"1182":105,"1183":112,"1184":83,"1185":101,"1186":114,"1187":118,"1188":101,"1189":114,"1190":73,"1191":110,"1192":115,"1193":116,"1194":97,"1195":108,"1196":108,"1197":97,"1198":116,"1199":105,"1200":111,"1201":110,"1202":34,"1203":58,"1204":116,"1205":114,"1206":117,"1207":101,"1208":44,"1209":34,"1210":117,"1211":100,"1212":105,"1213":100,"1214":34,"1215":58,"1216":34,"1217":82,"1218":53,"1219":67,"1220":84,"1221":51,"1222":49,"1223":65,"1224":72,"1225":72,"1226":81,"1227":88,"1228":34,"1229":44,"1230":34,"1231":97,"1232":112,"1233":112,"1234":80,"1235":97,"1236":99,"1237":107,"1238":97,"1239":103,"1240":101,"1241":34,"1242":58,"1243":34,"1244":99,"1245":111,"1246":109,"1247":46,"1248":115,"1249":111,"1250":99,"1251":105,"1252":97,"1253":108,"1254":110,"1255":109,"1256":111,"1257":98,"1258":105,"1259":108,"1260":101,"1261":46,"1262":100,"1263":105,"1264":99,"1265":116,"1266":97,"1267":112,"1268":112,"1269":115,"1270":46,"1271":110,"1272":111,"1273":116,"1274":101,"1275":112,"1276":97,"1277":100,"1278":46,"1279":99,"1280":111,"1281":108,"1282":111,"1283":114,"1284":46,"1285":110,"1286":111,"1287":116,"1288":101,"1289":34,"1290":44,"1291":34,"1292":97,"1293":112,"1294":112,"1295":65,"1296":99,"1297":116,"1298":105,"1299":118,"1300":105,"1301":116,"1302":121,"1303":34,"1304":58,"1305":34,"1306":99,"1307":111,"1308":109,"1309":46,"1310":115,"1311":111,"1312":99,"1313":105,"1314":97,"1315":108,"1316":110,"1317":109,"1318":111,"1319":98,"1320":105,"1321":108,"1322":101,"1323":46,"1324":99,"1325":111,"1326":108,"1327":111,"1328":114,"1329":110,"1330":111,"1331":116,"1332":101,"1333":46,"1334":97,"1335":99,"1336":116,"1337":105,"1338":118,"1339":105,"1340":116,"1341":121,"1342":46,"1343":77,"1344":97,"1345":105,"1346":110,"1347":34,"1348":44,"1349":34,"1350":110,"1351":97,"1352":116,"1353":105,"1354":118,"1355":101,"1356":87,"1357":101,"1358":98,"1359":83,"1360":99,"1361":114,"1362":101,"1363":101,"1364":110,"1365":115,"1366":104,"1367":111,"1368":116,"1369":34,"1370":58,"1371":116,"1372":114,"1373":117,"1374":101,"1375":44,"1376":34,"1377":100,"1378":105,"1379":115,"1380":97,"1381":98,"1382":108,"1383":101,"1384":83,"1385":117,"1386":112,"1387":112,"1388":114,"1389":101,"1390":115,"1391":115,"1392":65,"1393":99,"1394":99,"1395":101,"1396":115,"1397":115,"1398":105,"1399":98,"1400":105,"1401":108,"1402":105,"1403":116,"1404":121,"1405":83,"1406":101,"1407":114,"1408":118,"1409":105,"1410":99,"1411":101,"1412":34,"1413":58,"1414":116,"1415":114,"1416":117,"1417":101,"1418":44,"1419":34,"1420":97,"1421":117,"1422":116,"1423":111,"1424":71,"1425":114,"1426":97,"1427":110,"1428":116,"1429":80,"1430":101,"1431":114,"1432":109,"1433":105,"1434":115,"1435":115,"1436":105,"1437":111,"1438":110,"1439":115,"1440":34,"1441":58,"1442":116,"1443":114,"1444":117,"1445":101,"1446":44,"1447":34,"1448":100,"1449":101,"1450":118,"1451":105,"1452":99,"1453":101,"1454":85,"1455":68,"1456":73,"1457":68,"1458":34,"1459":58,"1460":34,"1461":82,"1462":53,"1463":67,"1464":84,"1465":51,"1466":49,"1467":65,"1468":72,"1469":72,"1470":81,"1471":88,"1472":34,"1473":44,"1474":34,"1475":100,"1476":101,"1477":118,"1478":105,"1479":99,"1480":101,"1481":65,"1482":112,"1483":105,"1484":76,"1485":101,"1486":118,"1487":101,"1488":108,"1489":34,"1490":58,"1491":51,"1492":49,"1493":44,"1494":34,"1495":112,"1496":108,"1497":97,"1498":116,"1499":102,"1500":111,"1501":114,"1502":109,"1503":86,"1504":101,"1505":114,"1506":115,"1507":105,"1508":111,"1509":110,"1510":34,"1511":58,"1512":34,"1513":49,"1514":50,"1515":34,"1516":44,"1517":34,"1518":100,"1519":101,"1520":118,"1521":105,"1522":99,"1523":101,"1524":83,"1525":99,"1526":114,"1527":101,"1528":101,"1529":110,"1530":83,"1531":105,"1532":122,"1533":101,"1534":34,"1535":58,"1536":34,"1537":49,"1538":48,"1539":56,"1540":48,"1541":120,"1542":50,"1543":51,"1544":49,"1545":54,"1546":34,"1547":44,"1548":34,"1549":100,"1550":101,"1551":118,"1552":105,"1553":99,"1554":101,"1555":83,"1556":99,"1557":114,"1558":101,"1559":101,"1560":110,"1561":68,"1562":101,"1563":110,"1564":115,"1565":105,"1566":116,"1567":121,"1568":34,"1569":58,"1570":52,"1571":53,"1572":48,"1573":44,"1574":34,"1575":100,"1576":101,"1577":118,"1578":105,"1579":99,"1580":101,"1581":77,"1582":111,"1583":100,"1584":101,"1585":108,"1586":34,"1587":58,"1588":34,"1589":83,"1590":77,"1591":45,"1592":83,"1593":57,"1594":48,"1595":56,"1596":69,"1597":34,"1598":44,"1599":34,"1600":100,"1601":101,"1602":118,"1603":105,"1604":99,"1605":101,"1606":77,"1607":97,"1608":110,"1609":117,"1610":102,"1611":97,"1612":99,"1613":116,"1614":117,"1615":114,"1616":101,"1617":114,"1618":34,"1619":58,"1620":34,"1621":115,"1622":97,"1623":109,"1624":115,"1625":117,"1626":110,"1627":103,"1628":34,"1629":44,"1630":34,"1631":112,"1632":105,"1633":120,"1634":101,"1635":108,"1636":82,"1637":97,"1638":116,"1639":105,"1640":111,"1641":34,"1642":58,"1643":50,"1644":46,"1645":56,"1646":49,"1647":50,"1648":53,"1649":44,"1650":34,"1651":115,"1652":116,"1653":97,"1654":116,"1655":66,"1656":97,"1657":114,"1658":72,"1659":101,"1660":105,"1661":103,"1662":104,"1663":116,"1664":34,"1665":58,"1666":55,"1667":53,"1668":44,"1669":34,"1670":118,"1671":105,"1672":101,"1673":119,"1674":112,"1675":111,"1676":114,"1677":116,"1678":82,"1679":101,"1680":99,"1681":116,"1682":34,"1683":58,"1684":123,"1685":34,"1686":108,"1687":101,"1688":102,"1689":116,"1690":34,"1691":58,"1692":48,"1693":44,"1694":34,"1695":116,"1696":111,"1697":112,"1698":34,"1699":58,"1700":55,"1701":53,"1702":44,"1703":34,"1704":119,"1705":105,"1706":100,"1707":116,"1708":104,"1709":34,"1710":58,"1711":49,"1712":48,"1713":56,"1714":48,"1715":44,"1716":34,"1717":104,"1718":101,"1719":105,"1720":103,"1721":104,"1722":116,"1723":34,"1724":58,"1725":50,"1726":48,"1727":51,"1728":49,"1729":125,"1730":125}}
[90m2026-03-31T06:12:52.955Z[39m [96mINFO[39m [97m@wdio/browserstack-service[39m Sending TestSessionEvent for worker: 0-96271
[90m2026-03-31T06:12:52.955Z[39m [32mDEBUG[39m [97m@wdio/browserstack-service[39m onAllTestEvents: Called after all test events from cli configured module!!!
[90m2026-03-31T06:12:52.955Z[39m [32mDEBUG[39m [97m@wdio/browserstack-service[39m sendTestFrameworkEvent for testState: TEST hookState: PRE
[90m2026-03-31T06:12:52.955Z[39m [32mDEBUG[39m [97m@wdio/browserstack-service[39m sendTestFrameworkEvent payload: {"platformIndex":0,"testFrameworkName":"WebdriverIO-mocha","testFrameworkVersion":"9.26.1","testFrameworkState":"TEST","testHookState":"PRE","startedAt":"2026-03-31T06:12:52.954Z","endedAt":"","uuid":"bc26a29e-c43d-4fbf-b251-86291493dad0","eventJson":{"type":"Buffer","data":[123,34,116,101,115,116,95,102,114,97,109,101,119,111,114,107,95,110,97,109,101,34,58,34,87,101,98,100,114,105,118,101,114,73,79,45,109,111,99,104,97,34,44,34,116,101,115,116,95,102,114,97,109,101,119,111,114,107,95,118,101,114,115,105,111,110,34,58,34,57,46,50,54,46,49,34,44,34,116,101,115,116,95,108,111,103,115,34,58,91,93,44,34,116,101,115,116,95,104,111,111,107,115,95,102,105,110,105,115,104,101,100,34,58,123,125,44,34,116,101,115,116,95,104,111,111,107,115,95,115,116,97,114,116,101,100,34,58,123,125,44,34,116,101,115,116,95,117,117,105,100,34,58,34,98,99,50,54,97,50,57,101,45,99,52,51,100,45,52,102,98,102,45,98,50,53,49,45,56,54,50,57,49,52,57,51,100,97,100,48,34,44,34,116,101,115,116,95,114,101,115,117,108,116,34,58,34,112,101,110,100,105,110,103,34,44,34,116,101,115,116,95,104,111,111,107,95,108,97,115,116,95,115,116,97,114,116,101,100,34,58,34,84,101,115,116,70,114,97,109,101,119,111,114,107,83,116,97,116,101,46,84,69,83,84,34,44,34,116,101,115,116,95,105,100,34,58,34,78,111,116,101,115,32,45,32,68,101,108,101,116,101,32,116,104,101,32,110,111,116,101,34,44,34,116,101,115,116,95,110,97,109,101,34,58,34,68,101,108,101,116,101,32,116,104,101,32,110,111,116,101,34,44,34,116,101,115,116,95,99,111,100,101,34,58,34,97,115,121,110,99,40,41,61,62,123,99,111,110,115,116,32,110,111,116,101,84,105,116,108,101,61,97,119,97,105,116,32,105,109,112,111,114,116,95,97,100,100,95,110,111,116,101,115,46,100,101,102,97,117,108,116,46,110,111,116,101,84,105,116,108,101,46,103,101,116,84,101,120,116,40,41,59,97,119,97,105,116,32,105,109,112,111,114,116,95,97,100,100,95,110,111,116,101,115,46,100,101,102,97,117,108,116,46,110,111,116,101,84,105,116,108,101,46,99,108,105,99,107,40,41,59,97,119,97,105,116,32,105,109,112,111,114,116,95,97,100,100,95,110,111,116,101,115,46,100,101,102,97,117,108,116,46,109,111,114,101,66,117,116,116,111,110,46,99,108,105,99,107,40,41,59,97,119,97,105,116,32,105,109,112,111,114,116,95,97,100,100,95,110,111,116,101,115,46,100,101,102,97,117,108,116,46,100,101,108,101,116,101,73,99,111,110,46,99,108,105,99,107,40,41,59,97,119,97,105,116,32,100,114,105,118,101,114,46,97,99,99,101,112,116,65,108,101,114,116,40,41,59,97,119,97,105,116,32,105,109,112,111,114,116,95,97,100,100,95,110,111,116,101,115,46,100,101,102,97,117,108,116,46,110,97,118,73,99,111,110,46,99,108,105,99,107,40,41,59,97,119,97,105,116,32,105,109,112,111,114,116,95,97,100,100,95,110,111,116,101,115,46,100,101,102,97,117,108,116,46,116,114,97,115,104,67,97,110,73,99,111,110,46,99,108,105,99,107,40,41,59,99,111,110,115,116,32,100,101,108,101,116,101,100,78,111,116,101,84,105,116,108,101,61,97,119,97,105,116,32,105,109,112,111,114,116,95,97,100,100,95,110,111,116,101,115,46,100,101,102,97,117,108,116,46,110,111,116,101,84,105,116,108,101,46,103,101,116,84,101,120,116,40,41,59,97,119,97,105,116,32,101,120,112,101,99,116,40,100,101,108,101,116,101,100,78,111,116,101,84,105,116,108,101,41,46,116,111,69,113,117,97,108,40,110,111,116,101,84,105,116,108,101,41,125,34,44,34,116,101,115,116,95,108,111,99,97,116,105,111,110,34,58,34,116,101,115,116,47,115,112,101,99,115,47,82,101,97,108,95,65,110,100,114,111,105,100,95,65,112,112,47,65,110,100,114,111,105,100,95,82,101,97,108,95,65,112,112,95,68,101,108,101,116,101,46,106,115,34,44,34,116,101,115,116,95,115,99,111,112,101,34,58,34,78,111,116,101,115,32,45,32,68,101,108,101,116,101,32,116,104,101,32,110,111,116,101,34,44,34,116,101,115,116,95,115,99,111,112,101,115,34,58,91,34,78,111,116,101,115,34,93,44,34,116,101,115,116,95,115,116,97,114,116,101,100,95,97,116,34,58,34,50,48,50,54,45,48,51,45,51,49,84,48,54,58,49,50,58,53,50,46,57,53,52,90,34,44,34,97,117,116,111,109,97,116,101,95,115,101,115,115,105,111,110,95,110,97,109,101,34,58,34,78,111,116,101,115,32,45,32,68,101,108,101,116,101,32,116,104,101,32,110,111,116,101,34,125]},"executionContext":{"hash":"b2320dfdaff967b6f2f569f78e0267884e86d11053bea1a1f71935ffdcad9ace","threadId":"0","processId":"96271"}}
[90m2026-03-31T06:12:52.955Z[39m [96mINFO[39m [97m@wdio/browserstack-service[39m Sending TestFrameworkEvent for worker: 0-96271
[90m2026-03-31T06:12:52.958Z[39m [32mDEBUG[39m [97m@wdio/browserstack-service[39m Timestamp conversion for sdk:hook: 24343.900958 -> 1774937572922.625 (timeOrigin: 1774937548578.724)
[90m2026-03-31T06:12:52.968Z[39m [96mINFO[39m [97m@wdio/browserstack-service[39m testSessionEvent successful for worker: 0-96271
[90m2026-03-31T06:12:52.969Z[39m [32mDEBUG[39m [97m@wdio/browserstack-service[39m Timestamp conversion for sdk:testSessionEvent: 24376.358125 -> 1774937572955.0823 (timeOrigin: 1774937548578.724)
[90m2026-03-31T06:12:52.968Z[39m [32mDEBUG[39m [97m@wdio/browserstack-service[39m sendTestSessionEvent complete for testState: TEST hookState: PRE
[90m2026-03-31T06:12:52.968Z[39m [96mINFO[39m [97m@wdio/browserstack-service[39m testFrameworkEvent successful for worker: 0-96271
[90m2026-03-31T06:12:52.969Z[39m [32mDEBUG[39m [97m@wdio/browserstack-service[39m sendTestFrameworkEvent complete for testState: TEST hookState: PRE
[90m2026-03-31T06:12:52.969Z[39m [32mDEBUG[39m [97m@wdio/browserstack-service[39m Timestamp conversion for sdk:testFrameworkEvent-1774937572955-l8pq3v: 24377.053583 -> 1774937572955.7776 (timeOrigin: 1774937548578.724)
[90m2026-03-31T06:12:53.093Z[39m [32mDEBUG[39m [97m@wdio/browserstack-service[39m Sending data from request queue. Data length = 1, Queue length after removal = 0
[90m2026-03-31T06:12:53.093Z[39m [32mDEBUG[39m [97m@wdio/browserstack-service[39m calling callback with kind INTERVAL_QUEUE
[90m2026-03-31T06:12:53.093Z[39m [32mDEBUG[39m [97m@wdio/browserstack-service[39m callback: called with events 1
[90m2026-03-31T06:12:54.864Z[39m [32mDEBUG[39m [97m@wdio/browserstack-service[39m [BATCH_DATA] EXCEPTION IN BATCH_DATA REQUEST TO TEST REPORTING AND ANALYTICS : SyntaxError: Unexpected end of JSON input
[90m2026-03-31T06:12:54.864Z[39m [32mDEBUG[39m [97m@wdio/browserstack-service[39m callback: marking events failed 1
[90m2026-03-31T06:13:00.962Z[39m [96mINFO[39m [97m@wdio/browserstack-service[39m trackEvent: testFrameworkState=TestFrameworkState.LOG_REPORT hookState=HookState.POST
[90m2026-03-31T06:13:00.967Z[39m [32mDEBUG[39m [97m@wdio/browserstack-service[39m Timestamp conversion for sdk:hook: 32383.457166 -> 1774937580962.1814 (timeOrigin: 1774937548578.724)
[90m2026-03-31T06:13:00.962Z[39m [96mINFO[39m [97m@wdio/browserstack-service[39m trackEvent: testFrameworkState=TestFrameworkState.LOG_REPORT; hookState=HookState.POST; args=[object Object]
[90m2026-03-31T06:13:00.962Z[39m [96mINFO[39m [97m@wdio/browserstack-service[39m resolveInstance: resolving instance for testFrameworkState=TestFrameworkState.LOG_REPORT hookState=HookState.POST
[90m2026-03-31T06:13:00.962Z[39m [96mINFO[39m [97m@wdio/browserstack-service[39m trackEvent: load test results
[90m2026-03-31T06:13:00.962Z[39m [96mINFO[39m [97m@wdio/browserstack-service[39m Hook List in Post []
[90m2026-03-31T06:13:00.962Z[39m [96mINFO[39m [97m@wdio/browserstack-service[39m trackHookEvents: hook state=TestFrameworkState.LOG_REPORT.HookState.POST, hooks started={}, hooks finished={}
[90m2026-03-31T06:13:00.962Z[39m [32mDEBUG[39m [97m@wdio/browserstack-service[39m trackEvent: tracked instance data={"test_framework_name":"WebdriverIO-mocha","test_framework_version":"9.26.1","test_logs":[],"test_hooks_finished":{},"test_hooks_started":{},"test_uuid":"bc26a29e-c43d-4fbf-b251-86291493dad0","test_result":"passed","test_hook_last_started":"TestFrameworkState.TEST","test_id":"Notes - Delete the note","test_name":"Delete the note","test_code":"async()=>{const noteTitle=await import_add_notes.default.noteTitle.getText();await import_add_notes.default.noteTitle.click();await import_add_notes.default.moreButton.click();await import_add_notes.default.deleteIcon.click();await driver.acceptAlert();await import_add_notes.default.navIcon.click();await import_add_notes.default.trashCanIcon.click();const deletedNoteTitle=await import_add_notes.default.noteTitle.getText();await expect(deletedNoteTitle).toEqual(noteTitle)}","test_location":"test/specs/Real_Android_App/Android_Real_App_Delete.js","test_scope":"Notes - Delete the note","test_scopes":["Notes"],"test_started_at":"2026-03-31T06:12:52.954Z","automate_session_name":"Notes - Delete the note","test_failure":null,"test_failure_reason":null,"test_failure_type":null}
[90m2026-03-31T06:13:00.962Z[39m [96mINFO[39m [97m@wdio/browserstack-service[39m runHooks: instance=[object Object] automationFrameworkState=TestFrameworkState.LOG_REPORT hookState=HookState.POST
[90m2026-03-31T06:13:00.963Z[39m [32mDEBUG[39m [97m@wdio/browserstack-service[39m onAllTestEvents: Called after all test events from cli configured module!!!
[90m2026-03-31T06:13:00.963Z[39m [96mINFO[39m [97m@wdio/browserstack-service[39m trackEvent: testFrameworkState=TestFrameworkState.TEST hookState=HookState.POST
[90m2026-03-31T06:13:00.963Z[39m [96mINFO[39m [97m@wdio/browserstack-service[39m trackEvent: testFrameworkState=TestFrameworkState.TEST; hookState=HookState.POST; args=[object Object]
[90m2026-03-31T06:13:00.963Z[39m [96mINFO[39m [97m@wdio/browserstack-service[39m resolveInstance: resolving instance for testFrameworkState=TestFrameworkState.TEST hookState=HookState.POST
[90m2026-03-31T06:13:00.963Z[39m [96mINFO[39m [97m@wdio/browserstack-service[39m Hook List in Post [{"key":"TestFrameworkState.TEST","hook_id":"","hook_result":"pending","event_started_at":"2026-03-31T06:12:52.954Z","hook_logs":[],"hook_name":"Delete the note","test_location":"test/specs/Real_Android_App/Android_Real_App_Delete.js"}]
[90m2026-03-31T06:13:00.963Z[39m [96mINFO[39m [97m@wdio/browserstack-service[39m trackHookEvents: hook state=TestFrameworkState.TEST.HookState.POST, hooks started={}, hooks finished={}
[90m2026-03-31T06:13:00.963Z[39m [32mDEBUG[39m [97m@wdio/browserstack-service[39m trackEvent: tracked instance data={"test_framework_name":"WebdriverIO-mocha","test_framework_version":"9.26.1","test_logs":[],"test_hooks_finished":{},"test_hooks_started":{},"test_uuid":"bc26a29e-c43d-4fbf-b251-86291493dad0","test_result":"passed","test_hook_last_started":"TestFrameworkState.TEST","test_id":"Notes - Delete the note","test_name":"Delete the note","test_code":"async()=>{const noteTitle=await import_add_notes.default.noteTitle.getText();await import_add_notes.default.noteTitle.click();await import_add_notes.default.moreButton.click();await import_add_notes.default.deleteIcon.click();await driver.acceptAlert();await import_add_notes.default.navIcon.click();await import_add_notes.default.trashCanIcon.click();const deletedNoteTitle=await import_add_notes.default.noteTitle.getText();await expect(deletedNoteTitle).toEqual(noteTitle)}","test_location":"test/specs/Real_Android_App/Android_Real_App_Delete.js","test_scope":"Notes - Delete the note","test_scopes":["Notes"],"test_started_at":"2026-03-31T06:12:52.954Z","automate_session_name":"Notes - Delete the note","test_failure":null,"test_failure_reason":null,"test_failure_type":null,"test_ended_at":"2026-03-31T06:13:00.963Z","test_hook_last_finished":"TestFrameworkState.TEST"}
[90m2026-03-31T06:13:00.963Z[39m [96mINFO[39m [97m@wdio/browserstack-service[39m runHooks: instance=[object Object] automationFrameworkState=TestFrameworkState.TEST hookState=HookState.POST
[90m2026-03-31T06:13:00.963Z[39m [32mDEBUG[39m [97m@wdio/browserstack-service[39m onAfterTest: inside automate module after test hook!
[90m2026-03-31T06:13:00.963Z[39m [32mDEBUG[39m [97m@wdio/browserstack-service[39m getTrackedInstance: 96271:0
[90m2026-03-31T06:13:00.963Z[39m [32mDEBUG[39m [97m@wdio/browserstack-service[39m onAllTestEvents: Called after all test events from cli configured module!!!
[90m2026-03-31T06:13:00.963Z[39m [96mINFO[39m [97m@wdio/browserstack-service[39m onAllTestEvents: dropping due to lack of results
[90m2026-03-31T06:13:00.963Z[39m [32mDEBUG[39m [97m@wdio/browserstack-service[39m sendTestFrameworkEvent for testState: TEST hookState: POST
[90m2026-03-31T06:13:00.963Z[39m [32mDEBUG[39m [97m@wdio/browserstack-service[39m sendTestFrameworkEvent payload: {"platformIndex":0,"testFrameworkName":"WebdriverIO-mocha","testFrameworkVersion":"9.26.1","testFrameworkState":"TEST","testHookState":"POST","startedAt":"2026-03-31T06:12:52.954Z","endedAt":"2026-03-31T06:13:00.963Z","uuid":"bc26a29e-c43d-4fbf-b251-86291493dad0","eventJson":{"type":"Buffer","data":[123,34,116,101,115,116,95,102,114,97,109,101,119,111,114,107,95,110,97,109,101,34,58,34,87,101,98,100,114,105,118,101,114,73,79,45,109,111,99,104,97,34,44,34,116,101,115,116,95,102,114,97,109,101,119,111,114,107,95,118,101,114,115,105,111,110,34,58,34,57,46,50,54,46,49,34,44,34,116,101,115,116,95,108,111,103,115,34,58,91,93,44,34,116,101,115,116,95,104,111,111,107,115,95,102,105,110,105,115,104,101,100,34,58,123,125,44,34,116,101,115,116,95,104,111,111,107,115,95,115,116,97,114,116,101,100,34,58,123,125,44,34,116,101,115,116,95,117,117,105,100,34,58,34,98,99,50,54,97,50,57,101,45,99,52,51,100,45,52,102,98,102,45,98,50,53,49,45,56,54,50,57,49,52,57,51,100,97,100,48,34,44,34,116,101,115,116,95,114,101,115,117,108,116,34,58,34,112,97,115,115,101,100,34,44,34,116,101,115,116,95,104,111,111,107,95,108,97,115,116,95,115,116,97,114,116,101,100,34,58,34,84,101,115,116,70,114,97,109,101,119,111,114,107,83,116,97,116,101,46,84,69,83,84,34,44,34,116,101,115,116,95,105,100,34,58,34,78,111,116,101,115,32,45,32,68,101,108,101,116,101,32,116,104,101,32,110,111,116,101,34,44,34,116,101,115,116,95,110,97,109,101,34,58,34,68,101,108,101,116,101,32,116,104,101,32,110,111,116,101,34,44,34,116,101,115,116,95,99,111,100,101,34,58,34,97,115,121,110,99,40,41,61,62,123,99,111,110,115,116,32,110,111,116,101,84,105,116,108,101,61,97,119,97,105,116,32,105,109,112,111,114,116,95,97,100,100,95,110,111,116,101,115,46,100,101,102,97,117,108,116,46,110,111,116,101,84,105,116,108,101,46,103,101,116,84,101,120,116,40,41,59,97,119,97,105,116,32,105,109,112,111,114,116,95,97,100,100,95,110,111,116,101,115,46,100,101,102,97,117,108,116,46,110,111,116,101,84,105,116,108,101,46,99,108,105,99,107,40,41,59,97,119,97,105,116,32,105,109,112,111,114,116,95,97,100,100,95,110,111,116,101,115,46,100,101,102,97,117,108,116,46,109,111,114,101,66,117,116,116,111,110,46,99,108,105,99,107,40,41,59,97,119,97,105,116,32,105,109,112,111,114,116,95,97,100,100,95,110,111,116,101,115,46,100,101,102,97,117,108,116,46,100,101,108,101,116,101,73,99,111,110,46,99,108,105,99,107,40,41,59,97,119,97,105,116,32,100,114,105,118,101,114,46,97,99,99,101,112,116,65,108,101,114,116,40,41,59,97,119,97,105,116,32,105,109,112,111,114,116,95,97,100,100,95,110,111,116,101,115,46,100,101,102,97,117,108,116,46,110,97,118,73,99,111,110,46,99,108,105,99,107,40,41,59,97,119,97,105,116,32,105,109,112,111,114,116,95,97,100,100,95,110,111,116,101,115,46,100,101,102,97,117,108,116,46,116,114,97,115,104,67,97,110,73,99,111,110,46,99,108,105,99,107,40,41,59,99,111,110,115,116,32,100,101,108,101,116,101,100,78,111,116,101,84,105,116,108,101,61,97,119,97,105,116,32,105,109,112,111,114,116,95,97,100,100,95,110,111,116,101,115,46,100,101,102,97,117,108,116,46,110,111,116,101,84,105,116,108,101,46,103,101,116,84,101,120,116,40,41,59,97,119,97,105,116,32,101,120,112,101,99,116,40,100,101,108,101,116,101,100,78,111,116,101,84,105,116,108,101,41,46,116,111,69,113,117,97,108,40,110,111,116,101,84,105,116,108,101,41,125,34,44,34,116,101,115,116,95,108,111,99,97,116,105,111,110,34,58,34,116,101,115,116,47,115,112,101,99,115,47,82,101,97,108,95,65,110,100,114,111,105,100,95,65,112,112,47,65,110,100,114,111,105,100,95,82,101,97,108,95,65,112,112,95,68,101,108,101,116,101,46,106,115,34,44,34,116,101,115,116,95,115,99,111,112,101,34,58,34,78,111,116,101,115,32,45,32,68,101,108,101,116,101,32,116,104,101,32,110,111,116,101,34,44,34,116,101,115,116,95,115,99,111,112,101,115,34,58,91,34,78,111,116,101,115,34,93,44,34,116,101,115,116,95,115,116,97,114,116,101,100,95,97,116,34,58,34,50,48,50,54,45,48,51,45,51,49,84,48,54,58,49,50,58,53,50,46,57,53,52,90,34,44,34,97,117,116,111,109,97,116,101,95,115,101,115,115,105,111,110,95,110,97,109,101,34,58,34,78,111,116,101,115,32,45,32,68,101,108,101,116,101,32,116,104,101,32,110,111,116,101,34,44,34,116,101,115,116,95,102,97,105,108,117,114,101,34,58,110,117,108,108,44,34,116,101,115,116,95,102,97,105,108,117,114,101,95,114,101,97,115,111,110,34,58,110,117,108,108,44,34,116,101,115,116,95,102,97,105,108,117,114,101,95,116,121,112,101,34,58,110,117,108,108,44,34,116,101,115,116,95,101,110,100,101,100,95,97,116,34,58,34,50,48,50,54,45,48,51,45,51,49,84,48,54,58,49,51,58,48,48,46,57,54,51,90,34,44,34,116,101,115,116,95,104,111,111,107,95,108,97,115,116,95,102,105,110,105,115,104,101,100,34,58,34,84,101,115,116,70,114,97,109,101,119,111,114,107,83,116,97,116,101,46,84,69,83,84,34,44,34,97,117,116,111,109,97,116,101,95,115,101,115,115,105,111,110,95,115,116,97,116,117,115,34,58,34,112,97,115,115,101,100,34,44,34,116,101,115,116,95,100,101,102,101,114,114,101,100,34,58,116,114,117,101,125]},"executionContext":{"hash":"b2320dfdaff967b6f2f569f78e0267884e86d11053bea1a1f71935ffdcad9ace","threadId":"0","processId":"96271"}}
[90m2026-03-31T06:13:00.963Z[39m [96mINFO[39m [97m@wdio/browserstack-service[39m Sending TestFrameworkEvent for worker: 0-96271
[90m2026-03-31T06:13:00.969Z[39m [96mINFO[39m [97m@wdio/browserstack-service[39m trackEvent: automationFrameworkState=AutomationFrameworkState.EXECUTE hookState=HookState.POST
[90m2026-03-31T06:13:00.969Z[39m [96mINFO[39m [97m@wdio/browserstack-service[39m trackEvent: automationFrameworkState=AutomationFrameworkState.EXECUTE hookState=HookState.POST args=[object Object]
[90m2026-03-31T06:13:00.970Z[39m [96mINFO[39m [97m@wdio/browserstack-service[39m resolveInstance: resolving instance for automationFrameworkState=AutomationFrameworkState.EXECUTE hookState=HookState.POST
[90m2026-03-31T06:13:00.970Z[39m [32mDEBUG[39m [97m@wdio/browserstack-service[39m getTrackedInstance: 96271:0
[90m2026-03-31T06:13:00.970Z[39m [96mINFO[39m [97m@wdio/browserstack-service[39m runHooks: automationFrameworkState=AutomationFrameworkState.EXECUTE hookState=HookState.POST
[90m2026-03-31T06:13:00.970Z[39m [32mDEBUG[39m [97m@wdio/browserstack-service[39m onAfterExecute: inside automate module after execute hook!
[90m2026-03-31T06:13:00.970Z[39m [96mINFO[39m [97m@wdio/browserstack-service[39m Marking session name for Automate
[90m2026-03-31T06:13:00.976Z[39m [32mDEBUG[39m [97m@wdio/browserstack-service[39m Timestamp conversion for sdk:testFrameworkEvent-1774937580963-hydg3: 32385.026041 -> 1774937580963.7502 (timeOrigin: 1774937548578.724)
[90m2026-03-31T06:13:00.976Z[39m [96mINFO[39m [97m@wdio/browserstack-service[39m testFrameworkEvent successful for worker: 0-96271
[90m2026-03-31T06:13:00.976Z[39m [32mDEBUG[39m [97m@wdio/browserstack-service[39m sendTestFrameworkEvent complete for testState: TEST hookState: POST
[90m2026-03-31T06:13:01.315Z[39m [32mDEBUG[39m [97m@wdio/browserstack-service[39m Session name updated: { status: 404, message: 'Not Found' }. Done for sessionId e1488ae54dbd9557711ab3145a8b693078498412
[90m2026-03-31T06:13:01.316Z[39m [32mDEBUG[39m [97m@wdio/browserstack-service[39m Timestamp conversion for sdk:automate:session-name: 32391.957166 -> 1774937580970.6814 (timeOrigin: 1774937548578.724)
[90m2026-03-31T06:13:01.315Z[39m [96mINFO[39m [97m@wdio/browserstack-service[39m Marking session status for Automate
[90m2026-03-31T06:13:01.735Z[39m [32mDEBUG[39m [97m@wdio/browserstack-service[39m Session status updated: { status: 404, message: 'Not Found' }. Done for sessionId e1488ae54dbd9557711ab3145a8b693078498412
[90m2026-03-31T06:13:01.736Z[39m [32mDEBUG[39m [97m@wdio/browserstack-service[39m teardown started
[90m2026-03-31T06:13:01.736Z[39m [32mDEBUG[39m [97m@wdio/browserstack-service[39m shutdown started
[90m2026-03-31T06:13:01.736Z[39m [32mDEBUG[39m [97m@wdio/browserstack-service[39m Shutting down request queue
[90m2026-03-31T06:13:01.736Z[39m [32mDEBUG[39m [97m@wdio/browserstack-service[39m shutdown ended
[90m2026-03-31T06:13:01.736Z[39m [32mDEBUG[39m [97m@wdio/browserstack-service[39m teardown ended
[90m2026-03-31T06:13:01.738Z[39m [32mDEBUG[39m [97m@wdio/browserstack-service[39m Timestamp conversion for sdk:hook:after: 32390.837666 -> 1774937580969.5618 (timeOrigin: 1774937548578.724)
[90m2026-03-31T06:13:01.738Z[39m [32mDEBUG[39m [97m@wdio/browserstack-service[39m Timestamp conversion for sdk:driver:quit: 32390.853333 -> 1774937580969.5774 (timeOrigin: 1774937548578.724)
[90m2026-03-31T06:13:01.738Z[39m [32mDEBUG[39m [97m@wdio/browserstack-service[39m Timestamp conversion for sdk:automate:session-status: 32736.932541 -> 1774937581315.6567 (timeOrigin: 1774937548578.724)
[90m2026-03-31T06:13:01.738Z[39m [32mDEBUG[39m [97m@wdio/browserstack-service[39m Timestamp conversion for sdk:automate:session-status: 33157.214166 -> 1774937581735.9382 (timeOrigin: 1774937548578.724)
[90m2026-03-31T06:13:01.738Z[39m [32mDEBUG[39m [97m@wdio/browserstack-service[39m Timestamp conversion for sdk:listener:worker-end: 33157.549916 -> 1774937581736.274 (timeOrigin: 1774937548578.724)
[90m2026-03-31T06:13:01.738Z[39m [32mDEBUG[39m [97m@wdio/browserstack-service[39m Timestamp conversion for sdk:worker:save-data: 33157.96825 -> 1774937581736.6924 (timeOrigin: 1774937548578.724)
[90m2026-03-31T06:13:03.548Z[39m [32mDEBUG[39m [97m@wdio/browserstack-service[39m Inside OnComplete hook..
[90m2026-03-31T06:13:03.548Z[39m [32mDEBUG[39m [97m@wdio/browserstack-service[39m stop: CLI stop triggered
[90m2026-03-31T06:13:03.548Z[39m [32mDEBUG[39m [97m@wdio/browserstack-service[39m Sending stop launch event
[90m2026-03-31T06:13:03.548Z[39m [32mDEBUG[39m [97m@wdio/browserstack-service[39m Stopping bin session
[90m2026-03-31T06:13:03.549Z[39m [32mDEBUG[39m [97m@wdio/browserstack-service[39m StopBinSession with clientWorkerId: 0-96258
[90m2026-03-31T06:13:05.830Z[39m [96mINFO[39m [97m@wdio/browserstack-service[39m StopBinSession successful
[90m2026-03-31T06:13:05.831Z[39m [32mDEBUG[39m [97m@wdio/browserstack-service[39m Timestamp conversion for sdk:cli:on-stop: 39250.945709 -> 1774937583548.557 (timeOrigin: 1774937544297.611)
[90m2026-03-31T06:13:05.831Z[39m [32mDEBUG[39m [97m@wdio/browserstack-service[39m stop: stopBinSession response={"success":true}
[90m2026-03-31T06:13:05.831Z[39m [32mDEBUG[39m [97m@wdio/browserstack-service[39m Unconfiguring modules
[90m2026-03-31T06:13:05.831Z[39m [32mDEBUG[39m [97m@wdio/browserstack-service[39m Configured module WebdriverIOModule with binSessionId=null, platformIndex=0
[90m2026-03-31T06:13:05.831Z[39m [32mDEBUG[39m [97m@wdio/browserstack-service[39m Configured module AutomateModule with binSessionId=null, platformIndex=0
[90m2026-03-31T06:13:05.831Z[39m [32mDEBUG[39m [97m@wdio/browserstack-service[39m Configured module ObservabilityModule with binSessionId=null, platformIndex=0
[90m2026-03-31T06:13:05.831Z[39m [32mDEBUG[39m [97m@wdio/browserstack-service[39m Configured module TestHubModule with binSessionId=null, platformIndex=0
[90m2026-03-31T06:13:05.831Z[39m [32mDEBUG[39m [97m@wdio/browserstack-service[39m stop: shutting down CLI
[90m2026-03-31T06:13:05.842Z[39m [32mDEBUG[39m [97m@wdio/browserstack-service[39m stop: CLI process exited
[90m2026-03-31T06:13:05.843Z[39m [32mDEBUG[39m [97m@wdio/browserstack-service[39m Timestamp conversion for sdk:automationFrameworkStop: 39250.326959 -> 1774937583547.938 (timeOrigin: 1774937544297.611)
[90m2026-03-31T06:13:05.843Z[39m [32mDEBUG[39m [97m@wdio/browserstack-service[39m Timestamp conversion for sdk:cli:on-stop: 39250.945709 -> 1774937583548.557 (timeOrigin: 1774937544297.611)
[90m2026-03-31T06:13:05.843Z[39m [96mINFO[39m [97m@wdio/browserstack-service[39m BrowserStack service run ended for id: 457d2129-83db-4a07-847e-733318b01d0d testhub id: dyoro9xsb7axiws4rl7kupmgf1pgn55gfmu618gm
[90m2026-03-31T06:13:05.844Z[39m [32mDEBUG[39m [97m@wdio/browserstack-service[39m Reading worker file worker-data-96271.json
[90m2026-03-31T06:13:05.845Z[39m [32mDEBUG[39m [97m@wdio/browserstack-service[39m Sending SDK event with data {
  userName: '[REDACTED]',
  accessKey: '[REDACTED]',
  event_type: 'SDKTestSuccessful',
  detectedFramework: 'WebdriverIO-mocha',
  event_properties: {
    sdkRunId: '457d2129-83db-4a07-847e-733318b01d0d',
    testhub_uuid: 'dyoro9xsb7axiws4rl7kupmgf1pgn55gfmu618gm',
    language_framework: 'WebdriverIO_mocha',
    referrer: 'WebdriverIO-mocha/9.26.1',
    language: 'WebdriverIO',
    languageVersion: 'v22.20.0',
    buildName: 'undefined',
    buildIdentifier: 'undefined',
    os: 'Darwin',
    hostname: 'IN-GH3FQF9W77.local',
    productMap: {
      observability: true,
      accessibility: null,
      percy: false,
      automate: true,
      app_automate: false
    },
    product: [ 'observability', 'automate' ],
    framework: 'mocha',
    isCLIEnabled: true,
    productUsage: {
      testObservability: {
        enabled: true,
        manuallySet: false,
        buildHashedId: 'dyoro9xsb7axiws4rl7kupmgf1pgn55gfmu618gm',
        events: {
          buildEvents: {
            started: {
              isTriggered: undefined,
              status: undefined,
              error: undefined
            },
            finished: {
              isTriggered: undefined,
              status: undefined,
              error: undefined
            }
          },
          testEvents: {
            started: { triggeredCount: 0, sentCount: 0, failedCount: 0 },
            finished: { triggeredCount: 0, sentCount: 0, failedCount: 0 }
          },
          hookEvents: {
            started: { triggeredCount: 1, sentCount: 0, failedCount: 1 },
            finished: { triggeredCount: 1, sentCount: 0, failedCount: 1 },
            passed: { triggeredCount: 1, sentCount: 0, failedCount: 1 }
          },
          logEvents: { triggeredCount: 0, sentCount: 0, failedCount: 0 },
          cbtSessionEvents: { triggeredCount: 0, sentCount: 0, failedCount: 0 }
        }
      }
    }
  }
}
[90m2026-03-31T06:13:06.263Z[39m [32mDEBUG[39m [97m@wdio/browserstack-service[39m Funnel Event Response: "{\"message\":\"SDK Event recorded successfully\"}"
[90m2026-03-31T06:13:06.263Z[39m [32mDEBUG[39m [97m@wdio/browserstack-service[39m Funnel event success
[90m2026-03-31T06:13:06.472Z[39m [32mDEBUG[39m [97m@wdio/browserstack-service[39m [Performance Upload] Starting upload for worker 96306
[90m2026-03-31T06:13:06.474Z[39m [32mDEBUG[39m [97m@wdio/browserstack-service[39m [Performance Upload] Total events from files: 39
[90m2026-03-31T06:13:07.764Z[39m [32mDEBUG[39m [97m@wdio/browserstack-service[39m [Performance Upload] Successfully uploaded to EDS: Bravo
[90m2026-03-31T06:13:07.766Z[39m [32mDEBUG[39m [97m@wdio/browserstack-service[39m [Performance Upload] Cleaned up 2 temporary report files
